Log file open, 04/22/20 13:16:11
LogWindows: Failed to load 'aqProf.dll' (GetLastError=126)
LogWindows: File 'aqProf.dll' does not exist
LogWindows: Failed to load 'VSPerf140.dll' (GetLastError=126)
LogWindows: File 'VSPerf140.dll' does not exist
LogWindows: Failed to load 'VtuneApi.dll' (GetLastError=126)
LogWindows: File 'VtuneApi.dll' does not exist
LogWindows: Failed to load 'VtuneApi32e.dll' (GetLastError=126)
LogWindows: File 'VtuneApi32e.dll' does not exist
LogInit: Display: Running engine for game: MasterTrappersAlpha1
LogPlatformFile: Not using cached read wrapper
LogTaskGraph: Started task graph with 5 named threads and 20 total threads with 3 sets of task threads.
LogStats: Stats thread started at 0.736823
LogD3D11RHI: Loaded GFSDK_Aftermath_Lib.x64.dll
LogICUInternationalization: Display: ICU TimeZone Detection - Raw Offset: -5:00, Platform Override: ''
LogPluginManager: Mounting plugin Paper2D
LogPluginManager: Mounting plugin AISupport
LogPluginManager: Mounting plugin LightPropagationVolume
LogPluginManager: Mounting plugin CLionSourceCodeAccess
LogPluginManager: Mounting plugin CodeLiteSourceCodeAccess
LogPluginManager: Mounting plugin GitSourceControl
LogPluginManager: Mounting plugin KDevelopSourceCodeAccess
LogPluginManager: Mounting plugin NullSourceCodeAccess
LogPluginManager: Mounting plugin PerforceSourceControl
LogPluginManager: Mounting plugin SubversionSourceControl
LogPluginManager: Mounting plugin UObjectPlugin
LogPluginManager: Mounting plugin VisualStudioCodeSourceCodeAccess
LogPluginManager: Mounting plugin VisualStudioSourceCodeAccess
LogPluginManager: Mounting plugin XCodeSourceCodeAccess
LogPluginManager: Mounting plugin AssetManagerEditor
LogPluginManager: Mounting plugin CryptoKeys
LogPluginManager: Mounting plugin DataValidation
LogPluginManager: Mounting plugin FacialAnimation
LogPluginManager: Mounting plugin GameplayTagsEditor
LogPluginManager: Mounting plugin MacGraphicsSwitching
LogPluginManager: Mounting plugin MeshEditor
LogPluginManager: Mounting plugin MobileLauncherProfileWizard
LogPluginManager: Mounting plugin PluginBrowser
LogPluginManager: Mounting plugin SpeedTreeImporter
LogPluginManager: Mounting plugin DatasmithContent
LogPluginManager: Mounting plugin AlembicImporter
LogPluginManager: Mounting plugin AppleImageUtils
LogPluginManager: Mounting plugin AppleVision
LogPluginManager: Mounting plugin BackChannel
LogPluginManager: Mounting plugin CharacterAI
LogPluginManager: Mounting plugin GeometryCache
LogPluginManager: Mounting plugin HTML5Networking
LogPluginManager: Mounting plugin ProxyLODPlugin
LogPluginManager: Mounting plugin MagicLeap
LogPluginManager: Mounting plugin MagicLeapEmulator
LogPluginManager: Mounting plugin MagicLeapMedia
LogPluginManager: Mounting plugin AndroidMedia
LogPluginManager: Mounting plugin AvfMedia
LogPluginManager: Mounting plugin ImgMedia
LogPluginManager: Mounting plugin LinearTimecode
LogPluginManager: Mounting plugin MediaCompositing
LogPluginManager: Mounting plugin MediaPlayerEditor
LogPluginManager: Mounting plugin WmfMedia
LogPluginManager: Mounting plugin TcpMessaging
LogPluginManager: Mounting plugin UdpMessaging
LogPluginManager: Mounting plugin ActorSequence
LogPluginManager: Mounting plugin LevelSequenceEditor
LogPluginManager: Mounting plugin MatineeToLevelSequence
LogPluginManager: Mounting plugin NetcodeUnitTest
LogPluginManager: Mounting plugin NUTUnrealEngine4
LogPluginManager: Mounting plugin OnlineSubsystemGooglePlay
LogPluginManager: Mounting plugin OnlineSubsystemIOS
LogPluginManager: Mounting plugin OnlineSubsystem
LogPluginManager: Mounting plugin OnlineSubsystemNull
LogPluginManager: Mounting plugin OnlineSubsystemUtils
LogPluginManager: Mounting plugin LauncherChunkInstaller
LogPluginManager: Mounting plugin AndroidDeviceProfileSelector
LogPluginManager: Mounting plugin AndroidMoviePlayer
LogPluginManager: Mounting plugin AndroidPermission
LogPluginManager: Mounting plugin ApexDestruction
LogPluginManager: Mounting plugin AppleMoviePlayer
LogPluginManager: Mounting plugin ArchVisCharacter
LogPluginManager: Mounting plugin AudioCapture
LogPluginManager: Mounting plugin CableComponent
LogPluginManager: Mounting plugin CustomMeshComponent
LogPluginManager: Mounting plugin EditableMesh
LogPluginManager: Mounting plugin ExampleDeviceProfileSelector
LogPluginManager: Mounting plugin GoogleCloudMessaging
LogPluginManager: Mounting plugin ImmediatePhysics
LogPluginManager: Mounting plugin IOSDeviceProfileSelector
LogPluginManager: Mounting plugin LinuxDeviceProfileSelector
LogPluginManager: Mounting plugin LocationServicesBPLibrary
LogPluginManager: Mounting plugin MobilePatchingUtils
LogPluginManager: Mounting plugin OculusVR
LogPluginManager: Plugin shader directory ../../../Engine/Plugins/Runtime/Oculus/OculusVR/Shaders found
LogPluginManager: Mapping shader source directory ../../../Engine/Plugins/Runtime/Oculus/OculusVR/Shaders to virtual directory /Plugin/OculusVR
LogPluginManager: Mounting plugin PhysXVehicles
LogPluginManager: Mounting plugin ProceduralMeshComponent
LogPluginManager: Mounting plugin RuntimePhysXCooking
LogPluginManager: Mounting plugin SteamVR
LogPluginManager: Mounting plugin WindowsMoviePlayer
LogPluginManager: Mounting plugin GameFrwkSessionsPlugin
LogStreaming: Display: Took  0.202s to configure plugins.
LogInit: Using libcurl 7.55.1-DEV
LogInit:  - built for x86_64-pc-win32
LogInit:  - supports SSL with OpenSSL/1.0.2h
LogInit:  - supports HTTP deflate (compression) using libz 1.2.8
LogInit:  - other features:
LogInit:      CURL_VERSION_SSL
LogInit:      CURL_VERSION_LIBZ
LogInit:      CURL_VERSION_IPV6
LogInit:      CURL_VERSION_ASYNCHDNS
LogInit:      CURL_VERSION_LARGEFILE
LogInit:      CURL_VERSION_IDN
LogInit:  CurlRequestOptions (configurable via config and command line):
LogInit:  - bVerifyPeer = false  - Libcurl will NOT verify peer certificate
LogInit:  - bUseHttpProxy = false  - Libcurl will NOT use HTTP proxy
LogInit:  - bDontReuseConnections = false  - Libcurl will reuse connections
LogInit:  - CertBundlePath = nullptr  - Libcurl will use whatever was configured at build time.
LogInit:  - MaxHostConnections = 16  - Libcurl will limit the number of connections to a host
LogInit:  - LocalHostAddr = Default
LogInit:  - BufferSize = 65536
LogInit: WinSock: version 1.1 (2.2), MaxSocks=32767, MaxUdp=65467
LogInit: Build: ++UE4+Release-4.20-CL-4369336
LogInit: Engine Version: 4.20.3-4369336+++UE4+Release-4.20
LogInit: Compatible Engine Version: 4.20.0-4212847+++UE4+Release-4.20
LogInit: Net CL: 4212847
LogInit: OS: Windows 10 (), CPU: Intel(R) Core(TM) i5-8600K CPU @ 3.60GHz, GPU: NVIDIA GeForce GTX 1080
LogInit: Compiled (64-bit): Sep 17 2018 12:26:19
LogInit: Compiled with Visual C++: 19.13.26129.00
LogInit: Build Configuration: Development
LogInit: Branch Name: ++UE4+Release-4.20
LogInit: Command Line:  
LogInit: Base Directory: C:/Program Files/Epic Games/UE_4.20/Engine/Binaries/Win64/
LogInit: Installed Engine Build: 1
LogDevObjectVersion: Number of dev versions registered: 20
LogDevObjectVersion:   Dev-Blueprints (B0D832E4-1F89-4F0D-ACCF-7EB736FD4AA2): 10
LogDevObjectVersion:   Dev-Build (E1C64328-A22C-4D53-A36C-8E866417BD8C): 0
LogDevObjectVersion:   Dev-Core (375EC13C-06E4-48FB-B500-84F0262A717E): 2
LogDevObjectVersion:   Dev-Editor (E4B068ED-F494-42E9-A231-DA0B2E46BB41): 24
LogDevObjectVersion:   Dev-Framework (CFFC743F-43B0-4480-9391-14DF171D2073): 34
LogDevObjectVersion:   Dev-Mobile (B02B49B5-BB20-44E9-A304-32B752E40360): 2
LogDevObjectVersion:   Dev-Networking (A4E4105C-59A1-49B5-A7C5-40C4547EDFEE): 0
LogDevObjectVersion:   Dev-Online (39C831C9-5AE6-47DC-9A44-9C173E1C8E7C): 0
LogDevObjectVersion:   Dev-Physics (78F01B33-EBEA-4F98-B9B4-84EACCB95AA2): 0
LogDevObjectVersion:   Dev-Platform (6631380F-2D4D-43E0-8009-CF276956A95A): 0
LogDevObjectVersion:   Dev-Rendering (12F88B9F-8875-4AFC-A67C-D90C383ABD29): 26
LogDevObjectVersion:   Dev-Sequencer (7B5AE74C-D270-4C10-A958-57980B212A5A): 9
LogDevObjectVersion:   Dev-VR (D7296918-1DD6-4BDD-9DE2-64A83CC13884): 2
LogDevObjectVersion:   Dev-LoadTimes (C2A15278-BFE7-4AFE-6C17-90FF531DF755): 1
LogDevObjectVersion:   Private-Geometry (6EACA3D4-40EC-4CC1-B786-8BED09428FC5): 3
LogDevObjectVersion:   Dev-AnimPhys (29E575DD-E0A3-4627-9D10-D276232CDCEA): 17
LogDevObjectVersion:   Dev-ReflectionCapture (6B266CEC-1EC7-4B8F-A30B-E4D90942FC07): 1
LogDevObjectVersion:   Dev-Automation (0DF73D61-A23F-47EA-B727-89E90C41499A): 1
LogDevObjectVersion:   FortniteMain (601D1886-AC64-4F84-AA16-D3DE0DEAC7D6): 12
LogDevObjectVersion:   Dev-Enterprise (9DFFBCD6-494F-0158-E221-12823C92A888): 1
LogStreaming: Display: Took  0.004s to delete old logs.
LogInit: Presizing for max 8388607 objects, including 0 objects not considered by GC, pre-allocating 0 bytes for permanent pool.
LogInit: Object subsystem initialized
[2020.04.22-17.16.12:455][  0]LogInit: Selected Device Profile: [Windows]
[2020.04.22-17.16.12:455][  0]LogInit: Applying CVar settings loaded from the selected device profile: [Windows]
[2020.04.22-17.16.12:478][  0]LogHAL: Display: Platform has ~ 16 GB [17129070592 / 17179869184 / 16], which maps to Larger [LargestMinGB=32, LargerMinGB=12, DefaultMinGB=8, SmallerMinGB=6, SmallestMinGB=0)
[2020.04.22-17.16.12:479][  0]LogInit: Setting Device Profile CVar: [[r.Vulkan.UseRealUBs:1]]
[2020.04.22-17.16.12:479][  0]LogInit: Going up to parent DeviceProfile []
[2020.04.22-17.16.12:486][  0]LogInit: Computer: DESKTOP-DGV361H
[2020.04.22-17.16.12:486][  0]LogInit: User: WesleySweazey
[2020.04.22-17.16.12:486][  0]LogInit: CPU Page size=4096, Cores=6
[2020.04.22-17.16.12:487][  0]LogInit: High frequency timer resolution =10.000000 MHz
[2020.04.22-17.16.12:487][  0]LogMemory: Memory total: Physical=16.0GB (16GB approx)
[2020.04.22-17.16.12:487][  0]LogMemory: Platform Memory Stats for Windows
[2020.04.22-17.16.12:487][  0]LogMemory: Process Physical Memory: 101.71 MB used, 101.71 MB peak
[2020.04.22-17.16.12:487][  0]LogMemory: Process Virtual Memory: 84.71 MB used, 84.71 MB peak
[2020.04.22-17.16.12:487][  0]LogMemory: Physical Memory: 7649.28 MB used,  8686.27 MB free, 16335.55 MB total
[2020.04.22-17.16.12:487][  0]LogMemory: Virtual Memory: 4618.27 MB used,  8686.27 MB free, 134217728.00 MB total
[2020.04.22-17.16.12:687][  0]LogInit: Using OS detected language (en-US).
[2020.04.22-17.16.12:687][  0]LogInit: Using OS detected locale (en-CA).
[2020.04.22-17.16.12:688][  0]LogTextLocalizationManager: No specific localization for 'en-US' exists, so the 'en' localization will be used.
[2020.04.22-17.16.13:087][  0]LogStreaming: Display: Took  0.399s to InitEngineTextLocalization.
[2020.04.22-17.16.13:087][  0]LogInit: Setting process to per monitor DPI aware
[2020.04.22-17.16.13:155][  0]LogSlate: New Slate User Created.  User Index 0, Is Virtual User: 0
[2020.04.22-17.16.13:155][  0]LogSlate: Slate User Registered.  User Index 0, Is Virtual User: 0
[2020.04.22-17.16.15:373][  0]LogHMD: Failed to initialize OpenVR with code 110
[2020.04.22-17.16.15:373][  0]LogD3D11RHI: D3D11 adapters:
[2020.04.22-17.16.15:422][  0]LogD3D11RHI:    0. 'NVIDIA GeForce GTX 1080' (Feature Level 11_0)
[2020.04.22-17.16.15:422][  0]LogD3D11RHI:       8079/0/8167 MB DedicatedVideo/DedicatedSystem/SharedSystem, Outputs:1, VendorId:0x10de
[2020.04.22-17.16.15:424][  0]LogD3D11RHI:    1. 'Microsoft Basic Render Driver' (Feature Level 11_0)
[2020.04.22-17.16.15:424][  0]LogD3D11RHI:       0/0/8167 MB DedicatedVideo/DedicatedSystem/SharedSystem, Outputs:0, VendorId:0x1414
[2020.04.22-17.16.15:424][  0]LogD3D11RHI: Chosen D3D11 Adapter: 0
[2020.04.22-17.16.15:432][  0]LogD3D11RHI: Creating new Direct3DDevice
[2020.04.22-17.16.15:432][  0]LogD3D11RHI:     GPU DeviceId: 0x1b80 (for the marketing name, search the web for "GPU Device Id")
[2020.04.22-17.16.15:432][  0]LogWindows: EnumDisplayDevices:
[2020.04.22-17.16.15:433][  0]LogWindows:    0. 'NVIDIA GeForce GTX 1080' (P:1 D:1)
[2020.04.22-17.16.15:433][  0]LogWindows:    1. 'NVIDIA GeForce GTX 1080' (P:0 D:0)
[2020.04.22-17.16.15:433][  0]LogWindows:    2. 'NVIDIA GeForce GTX 1080' (P:0 D:0)
[2020.04.22-17.16.15:433][  0]LogWindows:    3. 'NVIDIA GeForce GTX 1080' (P:0 D:0)
[2020.04.22-17.16.15:433][  0]LogWindows: DebugString: FoundDriverCount:4 
[2020.04.22-17.16.15:433][  0]LogD3D11RHI:     Adapter Name: NVIDIA GeForce GTX 1080
[2020.04.22-17.16.15:434][  0]LogD3D11RHI:   Driver Version: 432.00 (internal:26.21.14.3200, unified:432.00)
[2020.04.22-17.16.15:434][  0]LogD3D11RHI:      Driver Date: 7-24-2019
[2020.04.22-17.16.15:434][  0]LogRHI: Texture pool is 5655 MB (70% of 8079 MB)
[2020.04.22-17.16.15:473][  0]LogD3D11RHI: Async texture creation enabled
[2020.04.22-17.16.15:508][  0]LogD3D11RHI: GPU Timing Frequency: 1000.000000 (Debug: 2 1)
[2020.04.22-17.16.15:559][  0]LogShaderCompilers: Guid format shader working directory is -38 characters bigger than the processId version (../../../../../../Users/Wesley Sweazey/Documents/GitHub/BuffaloHeadGames/MasterTrappersAlpha1/Intermediate/Shaders/WorkingDirectory/2444/).
[2020.04.22-17.16.15:559][  0]LogShaderCompilers: Cleaned the shader compiler working directory 'C:/Users/Wesley Sweazey/AppData/Local/Temp/UnrealShaderWorkingDir/98EDC49940250FB42CA91982C8ABD377/'.
[2020.04.22-17.16.15:853][  0]LogTemp: Display: Loaded TP AllDesktopTargetPlatform
[2020.04.22-17.16.15:865][  0]LogTemp: Display: Loaded TP MacClientTargetPlatform
[2020.04.22-17.16.15:877][  0]LogTemp: Display: Loaded TP MacNoEditorTargetPlatform
[2020.04.22-17.16.15:890][  0]LogTemp: Display: Loaded TP MacServerTargetPlatform
[2020.04.22-17.16.15:907][  0]LogTemp: Display: Loaded TP MacTargetPlatform
[2020.04.22-17.16.15:921][  0]LogTemp: Display: Loaded TP WindowsClientTargetPlatform
[2020.04.22-17.16.15:934][  0]LogTemp: Display: Loaded TP WindowsNoEditorTargetPlatform
[2020.04.22-17.16.15:946][  0]LogTemp: Display: Loaded TP WindowsServerTargetPlatform
[2020.04.22-17.16.15:953][  0]LogTemp: Display: Loaded TP WindowsTargetPlatform
[2020.04.22-17.16.16:034][  0]LogTemp: Display: Loaded TP AndroidTargetPlatform
[2020.04.22-17.16.16:034][  0]LogTemp: Display: Loaded TP AndroidTargetPlatform
[2020.04.22-17.16.16:034][  0]LogTemp: Display: Loaded TP AndroidTargetPlatform
[2020.04.22-17.16.16:034][  0]LogTemp: Display: Loaded TP AndroidTargetPlatform
[2020.04.22-17.16.16:034][  0]LogTemp: Display: Loaded TP AndroidTargetPlatform
[2020.04.22-17.16.16:034][  0]LogTemp: Display: Loaded TP AndroidTargetPlatform
[2020.04.22-17.16.16:034][  0]LogTemp: Display: Loaded TP AndroidTargetPlatform
[2020.04.22-17.16.16:034][  0]LogTemp: Display: Loaded TP AndroidTargetPlatform
[2020.04.22-17.16.16:034][  0]LogTemp: Display: Loaded TP AndroidTargetPlatform
[2020.04.22-17.16.16:034][  0]LogTemp: Display: Loaded TP AndroidTargetPlatform
[2020.04.22-17.16.16:034][  0]LogTemp: Display: Loaded TP AndroidTargetPlatform
[2020.04.22-17.16.16:034][  0]LogTemp: Display: Loaded TP AndroidTargetPlatform
[2020.04.22-17.16.16:034][  0]LogTemp: Display: Loaded TP AndroidTargetPlatform
[2020.04.22-17.16.16:034][  0]LogTemp: Display: Loaded TP AndroidTargetPlatform
[2020.04.22-17.16.16:034][  0]LogTemp: Display: Loaded TP AndroidTargetPlatform
[2020.04.22-17.16.16:034][  0]LogTemp: Display: Loaded TP AndroidTargetPlatform
[2020.04.22-17.16.16:034][  0]LogTemp: Display: Loaded TP AndroidTargetPlatform
[2020.04.22-17.16.16:034][  0]LogTemp: Display: Loaded TP AndroidTargetPlatform
[2020.04.22-17.16.16:037][  0]LogTemp: Display: Loaded TP HTML5TargetPlatform
[2020.04.22-17.16.16:106][  0]LogTemp: Display: Loaded TP IOSTargetPlatform
[2020.04.22-17.16.16:106][  0]LogTemp: Display: Loaded TP IOSTargetPlatform
[2020.04.22-17.16.16:126][  0]LogTemp: Display: Loaded TP TVOSTargetPlatform
[2020.04.22-17.16.16:126][  0]LogTemp: Display: Loaded TP TVOSTargetPlatform
[2020.04.22-17.16.16:138][  0]LogTemp: Display: Loaded TP LinuxClientTargetPlatform
[2020.04.22-17.16.16:152][  0]LogTemp: Display: Loaded TP LinuxNoEditorTargetPlatform
[2020.04.22-17.16.16:165][  0]LogTemp: Display: Loaded TP LinuxServerTargetPlatform
[2020.04.22-17.16.16:187][  0]LogTemp: Display: Loaded TP LinuxTargetPlatform
[2020.04.22-17.16.16:196][  0]LogTemp: Display: Loaded TP LuminTargetPlatform
[2020.04.22-17.16.16:197][  0]LogTargetPlatformManager: Display: Building Assets For Windows
[2020.04.22-17.16.16:315][  0]LogXGEController: Cleaning working directory: C:/Users/Wesley Sweazey/AppData/Local/Temp/UnrealXGEWorkingDir/
[2020.04.22-17.16.16:315][  0]LogXGEController: Cannot use XGE Controller as Incredibuild is not installed on this machine.
[2020.04.22-17.16.16:315][  0]LogShaderCompilers: Cannot use XGE Shader Compiler as Incredibuild is not installed on this machine.
[2020.04.22-17.16.16:315][  0]LogShaderCompilers: Display: Using Local Shader Compiler.
[2020.04.22-17.16.18:548][  0]LogDerivedDataCache: Display: Max Cache Size: 512 MB
[2020.04.22-17.16.18:722][  0]LogDerivedDataCache: Loaded boot cache 0.17s 71MB C:/Users/Wesley Sweazey/AppData/Local/UnrealEngine/4.20/DerivedDataCache/Boot.ddc.
[2020.04.22-17.16.18:722][  0]LogDerivedDataCache: Display: Loaded Boot cache: C:/Users/Wesley Sweazey/AppData/Local/UnrealEngine/4.20/DerivedDataCache/Boot.ddc
[2020.04.22-17.16.18:722][  0]LogDerivedDataCache: FDerivedDataBackendGraph:  Pak pak cache file ../../../../../../Users/Wesley Sweazey/Documents/GitHub/BuffaloHeadGames/MasterTrappersAlpha1/DerivedDataCache/DDC.ddp not found, will not use a pak cache.
[2020.04.22-17.16.18:722][  0]LogDerivedDataCache: Unable to find inner node Pak for hierarchical cache Hierarchy.
[2020.04.22-17.16.18:722][  0]LogDerivedDataCache: FDerivedDataBackendGraph:  CompressedPak pak cache file ../../../../../../Users/Wesley Sweazey/Documents/GitHub/BuffaloHeadGames/MasterTrappersAlpha1/DerivedDataCache/Compressed.ddp not found, will not use a pak cache.
[2020.04.22-17.16.18:722][  0]LogDerivedDataCache: Unable to find inner node CompressedPak for hierarchical cache Hierarchy.
[2020.04.22-17.16.18:744][  0]LogDerivedDataCache: Display: Pak cache opened for reading ../../../Engine/DerivedDataCache/Compressed.ddp.
[2020.04.22-17.16.18:756][  0]LogDerivedDataCache: Using Local data cache path C:/Users/Wesley Sweazey/AppData/Local/UnrealEngine/Common/DerivedDataCache: Writable
[2020.04.22-17.16.18:756][  0]LogDerivedDataCache: Shared data cache path not found in *engine.ini, will not use an Shared cache.
[2020.04.22-17.16.18:756][  0]LogDerivedDataCache: Unable to find inner node Shared for hierarchical cache Hierarchy.
[2020.04.22-17.16.18:774][  0]LogMaterial: Verifying Global Shaders for PCD3D_SM5
[2020.04.22-17.16.18:779][  0]LogSlate: Using FreeType 2.6.0
[2020.04.22-17.16.18:793][  0]LogSlate: SlateFontServices - WITH_FREETYPE: 1, WITH_HARFBUZZ: 1
[2020.04.22-17.16.19:015][  0]LogAssetRegistry: FAssetRegistry took 0.0286 seconds to start up
[2020.04.22-17.16.19:386][  0]LogInit: Selected Device Profile: [Windows]
[2020.04.22-17.16.19:686][  0]LogSimplygon: Simplygon DLL not present - disabling.
[2020.04.22-17.16.19:702][  0]LogMeshReduction: Using SimplygonSwarm for distributed automatic mesh merging
[2020.04.22-17.16.19:702][  0]LogMeshReduction: Using ProxyLODMeshReduction for automatic mesh merging
[2020.04.22-17.16.19:703][  0]LogMeshReduction: Using QuadricMeshReduction for automatic static mesh reduction
[2020.04.22-17.16.19:703][  0]LogMeshReduction: No automatic skeletal mesh reduction module available
[2020.04.22-17.16.19:766][  0]LogNetVersion: MasterTrappersAlpha1 1.0.0, NetCL: 4212847, EngineNetVer: 5, GameNetVer: 0 (Checksum: 846347806)
[2020.04.22-17.16.21:049][  0]LogPackageLocalizationCache: Processed 12 localized package path(s) for 2 prioritized culture(s) in 0.146097 seconds
[2020.04.22-17.16.21:058][  0]LogUObjectArray: 38425 objects as part of root set at end of initial load.
[2020.04.22-17.16.21:058][  0]LogUObjectAllocator: 6690864 out of 0 bytes used by permanent object pool.
[2020.04.22-17.16.21:058][  0]LogUObjectArray: CloseDisregardForGC: 0/0 objects in disregard for GC pool
[2020.04.22-17.16.24:172][  0]LogTcpMessaging: Initializing TcpMessaging bridge
[2020.04.22-17.16.24:188][  0]LogUdpMessaging: Initializing bridge on interface 0.0.0.0:0 to multicast group 230.0.0.1:6666.
[2020.04.22-17.16.24:466][  0]LogScript: Warning: Script Msg: A null object was passed as a world context object to UEngine::GetWorldFromContextObject().
[2020.04.22-17.16.24:576][  0]SourceControl: Source control is disabled
[2020.04.22-17.16.24:576][  0]SourceControl: Source control is disabled
[2020.04.22-17.16.24:587][  0]SourceControl: Source control is disabled
[2020.04.22-17.16.24:592][  0]SourceControl: Source control is disabled
[2020.04.22-17.16.24:981][  0]LogAndroidPermission: UAndroidPermissionCallbackProxy::GetInstance
[2020.04.22-17.16.25:116][  0]LogOcInput: OculusInput pre-init called
[2020.04.22-17.16.25:307][  0]LogEngine: Initializing Engine...
[2020.04.22-17.16.25:309][  0]LogHMD: Failed to initialize OpenVR with code 110
[2020.04.22-17.16.25:311][  0]LogStats: UGameplayTagsManager::ConstructGameplayTagTree: ImportINI prefixes -  0.000 s
[2020.04.22-17.16.25:311][  0]LogStats: UGameplayTagsManager::ConstructGameplayTagTree: Construct from data asset -  0.000 s
[2020.04.22-17.16.25:311][  0]LogStats: UGameplayTagsManager::ConstructGameplayTagTree: ImportINI -  0.000 s
[2020.04.22-17.16.25:311][  0]LogStats: UGameplayTagsManager::ConstructGameplayTagTree: GameplayTagTreeChangedEvent.Broadcast -  0.000 s
[2020.04.22-17.16.25:679][  0]LogInit: Initializing FReadOnlyCVARCache
[2020.04.22-17.16.25:711][  0]LogAIModule: Creating AISystem for world Untitled
[2020.04.22-17.16.25:763][  0]LogInit: XAudio2 using 'Speakers (Realtek(R) Audio)' : 2 channels at 48 kHz using 32 bits per sample (channel mask 0x3)
[2020.04.22-17.16.25:810][  0]LogInit: FAudioDevice initialized.
[2020.04.22-17.16.25:810][  0]LogNetVersion: Set ProjectVersion to 1.0.0.0. Version Checksum will be recalculated on next use.
[2020.04.22-17.16.25:850][  0]LogDerivedDataCache: Saved boot cache 0.04s 71MB C:/Users/Wesley Sweazey/AppData/Local/UnrealEngine/4.20/DerivedDataCache/Boot.ddc.
[2020.04.22-17.16.25:858][  0]LogInit: Texture streaming: Enabled
[2020.04.22-17.16.25:876][  0]LogEngineSessionManager: EngineSessionManager initialized
[2020.04.22-17.16.25:896][  0]LogInit: Transaction tracking system initialized
[2020.04.22-17.16.25:938][  0]BlueprintLog: New page: Editor Load
[2020.04.22-17.16.26:093][  0]LocalizationService: Localization service is disabled
[2020.04.22-17.16.26:891][  0]LogCook: Display: Max memory allowance for cook 16384mb min free memory 0mb
[2020.04.22-17.16.26:891][  0]LogCook: Display: Mobile HDR setting 1
[2020.04.22-17.16.26:892][  0]LogGameplayTags: Display: UGameplayTagsManager::DoneAddingNativeTags. DelegateIsBound: 0
[2020.04.22-17.16.26:892][  0]LogStats: UGameplayTagsManager::ConstructGameplayTagTree: ImportINI prefixes -  0.000 s
[2020.04.22-17.16.26:892][  0]LogStats: UGameplayTagsManager::ConstructGameplayTagTree: Construct from data asset -  0.000 s
[2020.04.22-17.16.26:892][  0]LogStats: UGameplayTagsManager::ConstructGameplayTagTree: ImportINI -  0.000 s
[2020.04.22-17.16.26:892][  0]LogStats: UGameplayTagsManager::ConstructGameplayTagTree: GameplayTagTreeChangedEvent.Broadcast -  0.000 s
[2020.04.22-17.16.26:897][  0]LogFileCache: Scanning file cache for directory 'C:/Users/Wesley Sweazey/Documents/GitHub/BuffaloHeadGames/MasterTrappersAlpha1/Content/' took 0.02s
[2020.04.22-17.16.27:160][  0]SourceControl: Source control is disabled
[2020.04.22-17.16.27:161][  0]Cmd: MAP LOAD FILE="../../../../../../Users/Wesley Sweazey/Documents/GitHub/BuffaloHeadGames/MasterTrappersAlpha1/Content/FirstPersonCPP/Maps/Alpha2.umap" TEMPLATE=0 SHOWPROGRESS=1 FEATURELEVEL=3
[2020.04.22-17.16.27:167][  0]LightingResults: New page: Lighting Build
[2020.04.22-17.16.27:174][  0]MapCheck: New page: Map Check
[2020.04.22-17.16.27:174][  0]LightingResults: New page: Lighting Build
[2020.04.22-17.16.27:524][  0]LogScript: Warning: Script Msg: A null object was passed as a world context object to UEngine::GetWorldFromContextObject().
[2020.04.22-17.16.28:324][  0]LogScript: Warning: Script Msg: A null object was passed as a world context object to UEngine::GetWorldFromContextObject().
[2020.04.22-17.16.28:351][  0]LogScript: Warning: Script Msg: A null object was passed as a world context object to UEngine::GetWorldFromContextObject().
[2020.04.22-17.16.30:526][  0]LogMaterial: Display: Missing cached shader map for material Material__172, compiling. 
[2020.04.22-17.16.30:527][  0]LogMaterial: Warning: C:\Users\Wesley Sweazey\Documents\GitHub\BuffaloHeadGames\MasterTrappersAlpha1\Content\LevelDesign\LevelAssets\Pipe\Material__172.uasset: Failed to compile Material for platform PCD3D_SM5, Default Material will be used in game.
[2020.04.22-17.16.30:527][  0]LogMaterial: 	(Node TextureSample) Texture Sample> Missing input texture
[2020.04.22-17.16.30:538][  0]LogMaterial: Display: Missing cached shader map for material 07_-_Default, compiling. 
[2020.04.22-17.16.30:538][  0]LogMaterial: Warning: C:\Users\Wesley Sweazey\Documents\GitHub\BuffaloHeadGames\MasterTrappersAlpha1\Content\LevelDesign\LevelAssets\Pipe\07_-_Default.uasset: Failed to compile Material for platform PCD3D_SM5, Default Material will be used in game.
[2020.04.22-17.16.30:538][  0]LogMaterial: 	(Node TextureSample) Texture Sample> Missing input texture
[2020.04.22-17.16.30:695][  0]LogAIModule: Creating AISystem for world Alpha2
[2020.04.22-17.16.32:834][  0]LogEditorServer: Finished looking for orphan Actors (0.000 secs)
[2020.04.22-17.16.32:861][  0]Cmd: MAP CHECKDEP NOCLEARLOG
[2020.04.22-17.16.32:973][  0]MapCheck: Map check complete: 0 Error(s), 0 Warning(s), took 110.755ms to complete.
[2020.04.22-17.16.32:973][  0]LogFileHelpers: Loading map 'Alpha2' took 5.812
[2020.04.22-17.16.33:121][  0]LogSlate: Updating window title bar state: overlay mode, drag disabled, window buttons hidden, title bar hidden
[2020.04.22-17.16.33:128][  0]LogSlate: Updating window title bar state: overlay mode, drag disabled, window buttons hidden, title bar hidden
[2020.04.22-17.16.33:134][  0]LogSlate: Updating window title bar state: overlay mode, drag disabled, window buttons hidden, title bar hidden
[2020.04.22-17.16.33:141][  0]LogSlate: Updating window title bar state: overlay mode, drag disabled, window buttons hidden, title bar hidden
[2020.04.22-17.16.33:156][  0]LogCollectionManager: Loaded 0 collections in 0.000767 seconds
[2020.04.22-17.16.33:211][  0]LogFileCache: Scanning file cache for directory 'C:/Users/Wesley Sweazey/Documents/GitHub/BuffaloHeadGames/MasterTrappersAlpha1/Saved/Collections/' took 0.01s
[2020.04.22-17.16.33:211][  0]LogFileCache: Scanning file cache for directory 'C:/Users/Wesley Sweazey/Documents/GitHub/BuffaloHeadGames/MasterTrappersAlpha1/Content/Developers/WesleySweazey/Collections/' took 0.01s
[2020.04.22-17.16.33:211][  0]LogFileCache: Scanning file cache for directory 'C:/Users/Wesley Sweazey/Documents/GitHub/BuffaloHeadGames/MasterTrappersAlpha1/Content/Collections/' took 0.01s
[2020.04.22-17.16.33:211][  0]LogCollectionManager: Rebuilt the GUID cache for 0 collections in 0.000000 seconds
[2020.04.22-17.16.33:224][  0]LogContentBrowser: Native class hierarchy populated in 0.0116 seconds. Added 2620 classes and 618 folders.
[2020.04.22-17.16.33:235][  0]LogContentBrowser: Native class hierarchy updated for 'WidgetCarousel' in 0.0004 seconds. Added 0 classes and 0 folders.
[2020.04.22-17.16.33:541][  0]LogContentBrowser: Native class hierarchy updated for 'AddContentDialog' in 0.0003 seconds. Added 0 classes and 0 folders.
[2020.04.22-17.16.33:552][  0]LogContentBrowser: Native class hierarchy updated for 'SceneOutliner' in 0.0004 seconds. Added 1 classes and 2 folders.
[2020.04.22-17.16.33:746][  0]LogSlate: Took 0.005567 seconds to synchronously load lazily loaded font '../../../Engine/Content/Slate/Fonts/Roboto-Regular.ttf' (155K)
[2020.04.22-17.16.33:752][  0]LogSlate: Took 0.004306 seconds to synchronously load lazily loaded font '../../../Engine/Content/Slate/Fonts/Roboto-Bold.ttf' (160K)
[2020.04.22-17.16.33:762][  0]LogSlate: Took 0.004819 seconds to synchronously load lazily loaded font '../../../Engine/Content/Editor/Slate/Fonts/FontAwesome.ttf' (139K)
[2020.04.22-17.16.33:857][  0]LogRenderer: Reallocating scene render targets to support 1352x492 Format 9 NumSamples 1 (Frame:1).
[2020.04.22-17.16.34:123][  0]LogContentBrowser: Native class hierarchy updated for 'HierarchicalLODOutliner' in 0.0004 seconds. Added 0 classes and 0 folders.
[2020.04.22-17.16.34:123][  0]LogLoad: (Engine Initialization) Total time: 25.07 seconds
[2020.04.22-17.16.34:123][  0]LogLoad: (Engine Initialization) Total Blueprint compile time: 0.00 seconds
[2020.04.22-17.16.34:160][  0]LogContentStreaming: Texture pool size now 600 MB
[2020.04.22-17.16.34:188][  0]LogSlate: Took 0.005866 seconds to synchronously load lazily loaded font '../../../Engine/Content/Slate/Fonts/Roboto-Light.ttf' (167K)
[2020.04.22-17.16.34:216][  1]LogAssetRegistry: Asset discovery search completed in 15.2244 seconds
[2020.04.22-17.16.34:218][  1]LogCollectionManager: Rebuilt the object cache for 0 collections in 0.000000 seconds (found 0 objects)
[2020.04.22-17.16.34:218][  1]LogCollectionManager: Fixed up redirectors for 0 collections in 0.000137 seconds (updated 0 objects)
[2020.04.23-03.36.40:893][406]LogD3D11RHI: Timed out while waiting for GPU to catch up. (0.5 s)
[2020.04.23-03.39.34:346][925]LogHttp: Warning: 000001A0844AA840: request failed, libcurl error: 6 (Couldn't resolve host name)
[2020.04.23-03.39.34:347][925]LogHttp: Warning: 000001A0844AA840: libcurl info message cache 0 (Connection 73 seems to be dead!)
[2020.04.23-03.39.34:347][925]LogHttp: Warning: 000001A0844AA840: libcurl info message cache 1 (Closing connection 73)
[2020.04.23-03.39.34:347][925]LogHttp: Warning: 000001A0844AA840: libcurl info message cache 2 (Could not resolve host: datarouter.ol.epicgames.com)
[2020.04.23-03.39.34:347][925]LogHttp: Warning: 000001A0844AA840: libcurl info message cache 3 (Closing connection 74)
[2020.04.23-04.03.23:549][197]LogWindowsTextInputMethodSystem: Display: IME system now deactivated.
[2020.04.23-04.03.23:550][197]LogWindowsTextInputMethodSystem: Display: IME system now deactivated.
[2020.04.23-04.03.24:623][269]LogSlate: FSceneViewport::OnFocusLost() reason 0
