Log file open, 04/01/19 16:25:49
LogWindows: Failed to load 'aqProf.dll' (GetLastError=126)
LogWindows: File 'aqProf.dll' does not exist
LogWindows: Failed to load 'VSPerf140.dll' (GetLastError=126)
LogWindows: File 'VSPerf140.dll' does not exist
LogWindows: Failed to load 'VtuneApi.dll' (GetLastError=126)
LogWindows: File 'VtuneApi.dll' does not exist
LogWindows: Failed to load 'VtuneApi32e.dll' (GetLastError=126)
LogWindows: File 'VtuneApi32e.dll' does not exist
LogInit: Display: Running engine for game: MasterTrappersAlpha1
LogPlatformFile: Not using cached read wrapper
LogTaskGraph: Started task graph with 5 named threads and 23 total threads with 3 sets of task threads.
LogStats: Stats thread started at 0.381493
LogD3D11RHI: Loaded GFSDK_Aftermath_Lib.x64.dll
LogICUInternationalization: Display: ICU TimeZone Detection - Raw Offset: -5:00, Platform Override: ''
LogPluginManager: Mounting plugin Paper2D
LogPluginManager: Mounting plugin AISupport
LogPluginManager: Mounting plugin LightPropagationVolume
LogPluginManager: Mounting plugin CLionSourceCodeAccess
LogPluginManager: Mounting plugin CodeLiteSourceCodeAccess
LogPluginManager: Mounting plugin GitSourceControl
LogPluginManager: Mounting plugin KDevelopSourceCodeAccess
LogPluginManager: Mounting plugin NullSourceCodeAccess
LogPluginManager: Mounting plugin PerforceSourceControl
LogPluginManager: Mounting plugin SubversionSourceControl
LogPluginManager: Mounting plugin UObjectPlugin
LogPluginManager: Mounting plugin VisualStudioCodeSourceCodeAccess
LogPluginManager: Mounting plugin VisualStudioSourceCodeAccess
LogPluginManager: Mounting plugin XCodeSourceCodeAccess
LogPluginManager: Mounting plugin AssetManagerEditor
LogPluginManager: Mounting plugin CryptoKeys
LogPluginManager: Mounting plugin DataValidation
LogPluginManager: Mounting plugin FacialAnimation
LogPluginManager: Mounting plugin GameplayTagsEditor
LogPluginManager: Mounting plugin MacGraphicsSwitching
LogPluginManager: Mounting plugin MeshEditor
LogPluginManager: Mounting plugin MobileLauncherProfileWizard
LogPluginManager: Mounting plugin PluginBrowser
LogPluginManager: Mounting plugin SpeedTreeImporter
LogPluginManager: Mounting plugin DatasmithContent
LogPluginManager: Mounting plugin AlembicImporter
LogPluginManager: Mounting plugin AppleImageUtils
LogPluginManager: Mounting plugin AppleVision
LogPluginManager: Mounting plugin BackChannel
LogPluginManager: Mounting plugin CharacterAI
LogPluginManager: Mounting plugin GeometryCache
LogPluginManager: Mounting plugin HTML5Networking
LogPluginManager: Mounting plugin ProxyLODPlugin
LogPluginManager: Mounting plugin MagicLeap
LogPluginManager: Mounting plugin MagicLeapEmulator
LogPluginManager: Mounting plugin MagicLeapMedia
LogPluginManager: Mounting plugin AndroidMedia
LogPluginManager: Mounting plugin AvfMedia
LogPluginManager: Mounting plugin ImgMedia
LogPluginManager: Mounting plugin LinearTimecode
LogPluginManager: Mounting plugin MediaCompositing
LogPluginManager: Mounting plugin MediaPlayerEditor
LogPluginManager: Mounting plugin WmfMedia
LogPluginManager: Mounting plugin TcpMessaging
LogPluginManager: Mounting plugin UdpMessaging
LogPluginManager: Mounting plugin ActorSequence
LogPluginManager: Mounting plugin LevelSequenceEditor
LogPluginManager: Mounting plugin MatineeToLevelSequence
LogPluginManager: Mounting plugin NetcodeUnitTest
LogPluginManager: Mounting plugin NUTUnrealEngine4
LogPluginManager: Mounting plugin OnlineSubsystemGooglePlay
LogPluginManager: Mounting plugin OnlineSubsystemIOS
LogPluginManager: Mounting plugin OnlineSubsystem
LogPluginManager: Mounting plugin OnlineSubsystemNull
LogPluginManager: Mounting plugin OnlineSubsystemUtils
LogPluginManager: Mounting plugin LauncherChunkInstaller
LogPluginManager: Mounting plugin AndroidDeviceProfileSelector
LogPluginManager: Mounting plugin AndroidMoviePlayer
LogPluginManager: Mounting plugin AndroidPermission
LogPluginManager: Mounting plugin ApexDestruction
LogPluginManager: Mounting plugin AppleMoviePlayer
LogPluginManager: Mounting plugin ArchVisCharacter
LogPluginManager: Mounting plugin AudioCapture
LogPluginManager: Mounting plugin CableComponent
LogPluginManager: Mounting plugin CustomMeshComponent
LogPluginManager: Mounting plugin EditableMesh
LogPluginManager: Mounting plugin ExampleDeviceProfileSelector
LogPluginManager: Mounting plugin GoogleCloudMessaging
LogPluginManager: Mounting plugin ImmediatePhysics
LogPluginManager: Mounting plugin IOSDeviceProfileSelector
LogPluginManager: Mounting plugin LinuxDeviceProfileSelector
LogPluginManager: Mounting plugin LocationServicesBPLibrary
LogPluginManager: Mounting plugin MobilePatchingUtils
LogPluginManager: Mounting plugin OculusVR
LogPluginManager: Plugin shader directory ../../../Engine/Plugins/Runtime/Oculus/OculusVR/Shaders found
LogPluginManager: Mapping shader source directory ../../../Engine/Plugins/Runtime/Oculus/OculusVR/Shaders to virtual directory /Plugin/OculusVR
LogPluginManager: Mounting plugin PhysXVehicles
LogPluginManager: Mounting plugin ProceduralMeshComponent
LogPluginManager: Mounting plugin RuntimePhysXCooking
LogPluginManager: Mounting plugin SteamVR
LogPluginManager: Mounting plugin WindowsMoviePlayer
LogPluginManager: Mounting plugin GameFrwkSessionsPlugin
LogStreaming: Display: Took  0.182s to configure plugins.
LogInit: Using libcurl 7.55.1-DEV
LogInit:  - built for x86_64-pc-win32
LogInit:  - supports SSL with OpenSSL/1.0.2h
LogInit:  - supports HTTP deflate (compression) using libz 1.2.8
LogInit:  - other features:
LogInit:      CURL_VERSION_SSL
LogInit:      CURL_VERSION_LIBZ
LogInit:      CURL_VERSION_IPV6
LogInit:      CURL_VERSION_ASYNCHDNS
LogInit:      CURL_VERSION_LARGEFILE
LogInit:      CURL_VERSION_IDN
LogInit:  CurlRequestOptions (configurable via config and command line):
LogInit:  - bVerifyPeer = false  - Libcurl will NOT verify peer certificate
LogInit:  - bUseHttpProxy = false  - Libcurl will NOT use HTTP proxy
LogInit:  - bDontReuseConnections = false  - Libcurl will reuse connections
LogInit:  - CertBundlePath = nullptr  - Libcurl will use whatever was configured at build time.
LogInit:  - MaxHostConnections = 16  - Libcurl will limit the number of connections to a host
LogInit:  - LocalHostAddr = Default
LogInit:  - BufferSize = 65536
LogInit: WinSock: version 1.1 (2.2), MaxSocks=32767, MaxUdp=65467
LogInit: Build: ++UE4+Release-4.20-CL-4233996
LogInit: Engine Version: 4.20.1-4233996+++UE4+Release-4.20
LogInit: Compatible Engine Version: 4.20.0-4212847+++UE4+Release-4.20
LogInit: Net CL: 4212847
LogInit: OS: Windows 10 (), CPU:        Intel(R) Core(TM) i7-3770K CPU @ 3.50GHz, GPU: NVIDIA GeForce GTX 670
LogInit: Compiled (64-bit): Jul 26 2018 10:07:30
LogInit: Compiled with Visual C++: 19.13.26129.00
LogInit: Build Configuration: Development
LogInit: Branch Name: ++UE4+Release-4.20
LogInit: Command Line:  -skipcompile
LogInit: Base Directory: D:/Program Files/Epic Games/UE_4.20/Engine/Binaries/Win64/
LogInit: Installed Engine Build: 1
LogDevObjectVersion: Number of dev versions registered: 20
LogDevObjectVersion:   Dev-Blueprints (B0D832E4-1F89-4F0D-ACCF-7EB736FD4AA2): 10
LogDevObjectVersion:   Dev-Build (E1C64328-A22C-4D53-A36C-8E866417BD8C): 0
LogDevObjectVersion:   Dev-Core (375EC13C-06E4-48FB-B500-84F0262A717E): 2
LogDevObjectVersion:   Dev-Editor (E4B068ED-F494-42E9-A231-DA0B2E46BB41): 24
LogDevObjectVersion:   Dev-Framework (CFFC743F-43B0-4480-9391-14DF171D2073): 34
LogDevObjectVersion:   Dev-Mobile (B02B49B5-BB20-44E9-A304-32B752E40360): 2
LogDevObjectVersion:   Dev-Networking (A4E4105C-59A1-49B5-A7C5-40C4547EDFEE): 0
LogDevObjectVersion:   Dev-Online (39C831C9-5AE6-47DC-9A44-9C173E1C8E7C): 0
LogDevObjectVersion:   Dev-Physics (78F01B33-EBEA-4F98-B9B4-84EACCB95AA2): 0
LogDevObjectVersion:   Dev-Platform (6631380F-2D4D-43E0-8009-CF276956A95A): 0
LogDevObjectVersion:   Dev-Rendering (12F88B9F-8875-4AFC-A67C-D90C383ABD29): 26
LogDevObjectVersion:   Dev-Sequencer (7B5AE74C-D270-4C10-A958-57980B212A5A): 9
LogDevObjectVersion:   Dev-VR (D7296918-1DD6-4BDD-9DE2-64A83CC13884): 2
LogDevObjectVersion:   Dev-LoadTimes (C2A15278-BFE7-4AFE-6C17-90FF531DF755): 1
LogDevObjectVersion:   Private-Geometry (6EACA3D4-40EC-4CC1-B786-8BED09428FC5): 3
LogDevObjectVersion:   Dev-AnimPhys (29E575DD-E0A3-4627-9D10-D276232CDCEA): 17
LogDevObjectVersion:   Dev-ReflectionCapture (6B266CEC-1EC7-4B8F-A30B-E4D90942FC07): 1
LogDevObjectVersion:   Dev-Automation (0DF73D61-A23F-47EA-B727-89E90C41499A): 1
LogDevObjectVersion:   FortniteMain (601D1886-AC64-4F84-AA16-D3DE0DEAC7D6): 12
LogDevObjectVersion:   Dev-Enterprise (9DFFBCD6-494F-0158-E221-12823C92A888): 1
LogStreaming: Display: Took  0.004s to delete old logs.
LogInit: Presizing for max 8388607 objects, including 0 objects not considered by GC, pre-allocating 0 bytes for permanent pool.
LogInit: Object subsystem initialized
[2019.04.01-20.25.50:079][  0]LogInit: Selected Device Profile: [Windows]
[2019.04.01-20.25.50:080][  0]LogInit: Applying CVar settings loaded from the selected device profile: [Windows]
[2019.04.01-20.25.50:093][  0]LogHAL: Display: Platform has ~ 16 GB [17121808384 / 17179869184 / 16], which maps to Larger [LargestMinGB=32, LargerMinGB=12, DefaultMinGB=8, SmallerMinGB=6, SmallestMinGB=0)
[2019.04.01-20.25.50:093][  0]LogInit: Setting Device Profile CVar: [[r.Vulkan.UseRealUBs:1]]
[2019.04.01-20.25.50:093][  0]LogInit: Going up to parent DeviceProfile []
[2019.04.01-20.25.50:094][  0]LogInit: Computer: WT227-32
[2019.04.01-20.25.50:094][  0]LogInit: User: yuil0022
[2019.04.01-20.25.50:094][  0]LogInit: CPU Page size=4096, Cores=4
[2019.04.01-20.25.50:094][  0]LogInit: High frequency timer resolution =3.428041 MHz
[2019.04.01-20.25.50:095][  0]LogMemory: Memory total: Physical=15.9GB (16GB approx)
[2019.04.01-20.25.50:095][  0]LogMemory: Platform Memory Stats for Windows
[2019.04.01-20.25.50:095][  0]LogMemory: Process Physical Memory: 104.61 MB used, 104.61 MB peak
[2019.04.01-20.25.50:095][  0]LogMemory: Process Virtual Memory: 91.52 MB used, 91.52 MB peak
[2019.04.01-20.25.50:095][  0]LogMemory: Physical Memory: 5316.84 MB used,  11011.79 MB free, 16328.63 MB total
[2019.04.01-20.25.50:095][  0]LogMemory: Virtual Memory: 543.60 MB used,  11011.79 MB free, 134217728.00 MB total
[2019.04.01-20.25.50:334][  0]LogInit: Using OS detected language (en-US).
[2019.04.01-20.25.50:334][  0]LogInit: Using OS detected locale (en-US).
[2019.04.01-20.25.50:335][  0]LogTextLocalizationManager: No specific localization for 'en-US' exists, so the 'en' localization will be used.
[2019.04.01-20.25.50:718][  0]LogStreaming: Display: Took  0.384s to InitEngineTextLocalization.
[2019.04.01-20.25.50:718][  0]LogInit: Setting process to per monitor DPI aware
[2019.04.01-20.25.50:778][  0]LogSlate: New Slate User Created.  User Index 0, Is Virtual User: 0
[2019.04.01-20.25.50:778][  0]LogSlate: Slate User Registered.  User Index 0, Is Virtual User: 0
[2019.04.01-20.25.51:233][  0]LogHMD: Failed to initialize OpenVR with code 110
[2019.04.01-20.25.51:233][  0]LogD3D11RHI: D3D11 adapters:
[2019.04.01-20.25.51:315][  0]LogD3D11RHI:    0. 'NVIDIA GeForce GTX 670' (Feature Level 11_0)
[2019.04.01-20.25.51:315][  0]LogD3D11RHI:       4052/0/8164 MB DedicatedVideo/DedicatedSystem/SharedSystem, Outputs:1, VendorId:0x10de
[2019.04.01-20.25.51:329][  0]LogD3D11RHI:    1. 'Microsoft Basic Render Driver' (Feature Level 11_0)
[2019.04.01-20.25.51:329][  0]LogD3D11RHI:       0/0/8164 MB DedicatedVideo/DedicatedSystem/SharedSystem, Outputs:0, VendorId:0x1414
[2019.04.01-20.25.51:329][  0]LogD3D11RHI: Chosen D3D11 Adapter: 0
[2019.04.01-20.25.51:334][  0]LogD3D11RHI: Creating new Direct3DDevice
[2019.04.01-20.25.51:334][  0]LogD3D11RHI:     GPU DeviceId: 0x1189 (for the marketing name, search the web for "GPU Device Id")
[2019.04.01-20.25.51:334][  0]LogWindows: EnumDisplayDevices:
[2019.04.01-20.25.51:334][  0]LogWindows:    0. 'NVIDIA GeForce GTX 670' (P:1 D:1)
[2019.04.01-20.25.51:335][  0]LogWindows:    1. 'NVIDIA GeForce GTX 670' (P:0 D:0)
[2019.04.01-20.25.51:335][  0]LogWindows:    2. 'NVIDIA GeForce GTX 670' (P:0 D:0)
[2019.04.01-20.25.51:335][  0]LogWindows:    3. 'NVIDIA GeForce GTX 670' (P:0 D:0)
[2019.04.01-20.25.51:335][  0]LogWindows: DebugString: FoundDriverCount:4 
[2019.04.01-20.25.51:335][  0]LogD3D11RHI:     Adapter Name: NVIDIA GeForce GTX 670
[2019.04.01-20.25.51:335][  0]LogD3D11RHI:   Driver Version: 391.35 (internal:23.21.13.9135, unified:391.35)
[2019.04.01-20.25.51:335][  0]LogD3D11RHI:      Driver Date: 3-23-2018
[2019.04.01-20.25.51:335][  0]LogRHI: Texture pool is 2836 MB (70% of 4052 MB)
[2019.04.01-20.25.51:380][  0]LogD3D11RHI: Async texture creation enabled
[2019.04.01-20.25.51:401][  0]LogD3D11RHI: GPU Timing Frequency: 1000.000000 (Debug: 2 2)
[2019.04.01-20.25.51:402][  0]LogShaderCompilers: Guid format shader working directory is -15 characters bigger than the processId version (C:/Users/yuil0022/Desktop/BuffaloHeadGames/MasterTrappersAlpha1/Intermediate/Shaders/WorkingDirectory/10232/).
[2019.04.01-20.25.51:402][  0]LogShaderCompilers: Cleaned the shader compiler working directory 'C:/Users/yuil0022/AppData/Local/Temp/UnrealShaderWorkingDir/E71AA93043E745E413510E9AA4883E88/'.
[2019.04.01-20.25.51:714][  0]LogTemp: Display: Loaded TP AllDesktopTargetPlatform
[2019.04.01-20.25.51:731][  0]LogTemp: Display: Loaded TP MacClientTargetPlatform
[2019.04.01-20.25.51:749][  0]LogTemp: Display: Loaded TP MacNoEditorTargetPlatform
[2019.04.01-20.25.51:767][  0]LogTemp: Display: Loaded TP MacServerTargetPlatform
[2019.04.01-20.25.51:785][  0]LogTemp: Display: Loaded TP MacTargetPlatform
[2019.04.01-20.25.51:802][  0]LogTemp: Display: Loaded TP WindowsClientTargetPlatform
[2019.04.01-20.25.51:819][  0]LogTemp: Display: Loaded TP WindowsNoEditorTargetPlatform
[2019.04.01-20.25.51:836][  0]LogTemp: Display: Loaded TP WindowsServerTargetPlatform
[2019.04.01-20.25.51:845][  0]LogTemp: Display: Loaded TP WindowsTargetPlatform
[2019.04.01-20.25.51:934][  0]LogTemp: Display: Loaded TP AndroidTargetPlatform
[2019.04.01-20.25.51:934][  0]LogTemp: Display: Loaded TP AndroidTargetPlatform
[2019.04.01-20.25.51:934][  0]LogTemp: Display: Loaded TP AndroidTargetPlatform
[2019.04.01-20.25.51:934][  0]LogTemp: Display: Loaded TP AndroidTargetPlatform
[2019.04.01-20.25.51:934][  0]LogTemp: Display: Loaded TP AndroidTargetPlatform
[2019.04.01-20.25.51:935][  0]LogTemp: Display: Loaded TP AndroidTargetPlatform
[2019.04.01-20.25.51:935][  0]LogTemp: Display: Loaded TP AndroidTargetPlatform
[2019.04.01-20.25.51:935][  0]LogTemp: Display: Loaded TP AndroidTargetPlatform
[2019.04.01-20.25.51:935][  0]LogTemp: Display: Loaded TP AndroidTargetPlatform
[2019.04.01-20.25.51:935][  0]LogTemp: Display: Loaded TP AndroidTargetPlatform
[2019.04.01-20.25.51:935][  0]LogTemp: Display: Loaded TP AndroidTargetPlatform
[2019.04.01-20.25.51:935][  0]LogTemp: Display: Loaded TP AndroidTargetPlatform
[2019.04.01-20.25.51:935][  0]LogTemp: Display: Loaded TP AndroidTargetPlatform
[2019.04.01-20.25.51:935][  0]LogTemp: Display: Loaded TP AndroidTargetPlatform
[2019.04.01-20.25.51:935][  0]LogTemp: Display: Loaded TP AndroidTargetPlatform
[2019.04.01-20.25.51:935][  0]LogTemp: Display: Loaded TP AndroidTargetPlatform
[2019.04.01-20.25.51:935][  0]LogTemp: Display: Loaded TP AndroidTargetPlatform
[2019.04.01-20.25.51:935][  0]LogTemp: Display: Loaded TP AndroidTargetPlatform
[2019.04.01-20.25.51:939][  0]LogTemp: Display: Loaded TP HTML5TargetPlatform
[2019.04.01-20.25.52:016][  0]LogTemp: Display: Loaded TP IOSTargetPlatform
[2019.04.01-20.25.52:016][  0]LogTemp: Display: Loaded TP IOSTargetPlatform
[2019.04.01-20.25.52:044][  0]LogTemp: Display: Loaded TP TVOSTargetPlatform
[2019.04.01-20.25.52:044][  0]LogTemp: Display: Loaded TP TVOSTargetPlatform
[2019.04.01-20.25.52:062][  0]LogTemp: Display: Loaded TP LinuxClientTargetPlatform
[2019.04.01-20.25.52:079][  0]LogTemp: Display: Loaded TP LinuxNoEditorTargetPlatform
[2019.04.01-20.25.52:096][  0]LogTemp: Display: Loaded TP LinuxServerTargetPlatform
[2019.04.01-20.25.52:116][  0]LogTemp: Display: Loaded TP LinuxTargetPlatform
[2019.04.01-20.25.52:129][  0]LogTemp: Display: Loaded TP LuminTargetPlatform
[2019.04.01-20.25.52:129][  0]LogTargetPlatformManager: Display: Building Assets For Windows
[2019.04.01-20.25.52:260][  0]LogXGEController: Cleaning working directory: C:/Users/yuil0022/AppData/Local/Temp/UnrealXGEWorkingDir/
[2019.04.01-20.25.52:260][  0]LogXGEController: Cannot use XGE Controller as Incredibuild is not installed on this machine.
[2019.04.01-20.25.52:260][  0]LogShaderCompilers: Cannot use XGE Shader Compiler as Incredibuild is not installed on this machine.
[2019.04.01-20.25.52:260][  0]LogShaderCompilers: Display: Using Local Shader Compiler.
[2019.04.01-20.25.53:184][  0]LogDerivedDataCache: Display: Max Cache Size: 512 MB
[2019.04.01-20.25.53:240][  0]LogDerivedDataCache: Loaded boot cache 0.06s 83MB C:/Users/yuil0022/AppData/Local/UnrealEngine/4.20/DerivedDataCache/Boot.ddc.
[2019.04.01-20.25.53:240][  0]LogDerivedDataCache: Display: Loaded Boot cache: C:/Users/yuil0022/AppData/Local/UnrealEngine/4.20/DerivedDataCache/Boot.ddc
[2019.04.01-20.25.53:241][  0]LogDerivedDataCache: FDerivedDataBackendGraph:  Pak pak cache file C:/Users/yuil0022/Desktop/BuffaloHeadGames/MasterTrappersAlpha1/DerivedDataCache/DDC.ddp not found, will not use a pak cache.
[2019.04.01-20.25.53:241][  0]LogDerivedDataCache: Unable to find inner node Pak for hierarchical cache Hierarchy.
[2019.04.01-20.25.53:241][  0]LogDerivedDataCache: FDerivedDataBackendGraph:  CompressedPak pak cache file C:/Users/yuil0022/Desktop/BuffaloHeadGames/MasterTrappersAlpha1/DerivedDataCache/Compressed.ddp not found, will not use a pak cache.
[2019.04.01-20.25.53:241][  0]LogDerivedDataCache: Unable to find inner node CompressedPak for hierarchical cache Hierarchy.
[2019.04.01-20.25.53:255][  0]LogDerivedDataCache: Display: Pak cache opened for reading ../../../Engine/DerivedDataCache/Compressed.ddp.
[2019.04.01-20.25.53:267][  0]LogDerivedDataCache: Using Local data cache path C:/Users/yuil0022/AppData/Local/UnrealEngine/Common/DerivedDataCache: Writable
[2019.04.01-20.25.53:267][  0]LogDerivedDataCache: Shared data cache path not found in *engine.ini, will not use an Shared cache.
[2019.04.01-20.25.53:267][  0]LogDerivedDataCache: Unable to find inner node Shared for hierarchical cache Hierarchy.
[2019.04.01-20.25.53:288][  0]LogMaterial: Verifying Global Shaders for PCD3D_SM5
[2019.04.01-20.25.53:289][  0]LogSlate: Using FreeType 2.6.0
[2019.04.01-20.25.53:291][  0]LogSlate: SlateFontServices - WITH_FREETYPE: 1, WITH_HARFBUZZ: 1
[2019.04.01-20.25.53:427][  0]LogAssetRegistry: FAssetRegistry took 0.0288 seconds to start up
[2019.04.01-20.25.53:801][  0]LogInit: Selected Device Profile: [Windows]
[2019.04.01-20.25.53:969][  0]LogSimplygon: Simplygon DLL not present - disabling.
[2019.04.01-20.25.53:979][  0]LogMeshReduction: Using SimplygonSwarm for distributed automatic mesh merging
[2019.04.01-20.25.53:979][  0]LogMeshReduction: Using ProxyLODMeshReduction for automatic mesh merging
[2019.04.01-20.25.53:979][  0]LogMeshReduction: Using QuadricMeshReduction for automatic static mesh reduction
[2019.04.01-20.25.53:979][  0]LogMeshReduction: No automatic skeletal mesh reduction module available
[2019.04.01-20.25.53:994][  0]LogNetVersion: MasterTrappersAlpha1 1.0.0, NetCL: 4212847, EngineNetVer: 5, GameNetVer: 0 (Checksum: 846347806)
[2019.04.01-20.25.54:533][  0]LogPackageLocalizationCache: Processed 12 localized package path(s) for 2 prioritized culture(s) in 0.114142 seconds
[2019.04.01-20.25.54:540][  0]LogUObjectArray: 38425 objects as part of root set at end of initial load.
[2019.04.01-20.25.54:540][  0]LogUObjectAllocator: 6690864 out of 0 bytes used by permanent object pool.
[2019.04.01-20.25.54:540][  0]LogUObjectArray: CloseDisregardForGC: 0/0 objects in disregard for GC pool
[2019.04.01-20.25.56:214][  0]LogTcpMessaging: Initializing TcpMessaging bridge
[2019.04.01-20.25.56:232][  0]LogUdpMessaging: Initializing bridge on interface 0.0.0.0:0 to multicast group 230.0.0.1:6666.
[2019.04.01-20.25.56:977][  0]SourceControl: Source control is disabled
[2019.04.01-20.25.56:977][  0]SourceControl: Source control is disabled
[2019.04.01-20.25.56:982][  0]SourceControl: Source control is disabled
[2019.04.01-20.25.56:987][  0]SourceControl: Source control is disabled
[2019.04.01-20.25.57:297][  0]LogAndroidPermission: UAndroidPermissionCallbackProxy::GetInstance
[2019.04.01-20.25.57:421][  0]LogOcInput: OculusInput pre-init called
[2019.04.01-20.25.57:549][  0]LogEngine: Initializing Engine...
[2019.04.01-20.25.57:550][  0]LogHMD: Failed to initialize OpenVR with code 110
[2019.04.01-20.25.57:551][  0]LogStats: UGameplayTagsManager::ConstructGameplayTagTree: ImportINI prefixes -  0.000 s
[2019.04.01-20.25.57:551][  0]LogStats: UGameplayTagsManager::ConstructGameplayTagTree: Construct from data asset -  0.000 s
[2019.04.01-20.25.57:552][  0]LogStats: UGameplayTagsManager::ConstructGameplayTagTree: ImportINI -  0.000 s
[2019.04.01-20.25.57:552][  0]LogStats: UGameplayTagsManager::ConstructGameplayTagTree: GameplayTagTreeChangedEvent.Broadcast -  0.000 s
[2019.04.01-20.25.57:791][  0]LogInit: Initializing FReadOnlyCVARCache
[2019.04.01-20.25.57:804][  0]LogAIModule: Creating AISystem for world Untitled
[2019.04.01-20.25.57:816][  0]LogInit: XAudio2 using 'Speakers (Realtek High Definition Audio)' : 2 channels at 48 kHz using 32 bits per sample (channel mask 0x3)
[2019.04.01-20.25.57:852][  0]LogInit: FAudioDevice initialized.
[2019.04.01-20.25.57:853][  0]LogNetVersion: Set ProjectVersion to 1.0.0.0. Version Checksum will be recalculated on next use.
[2019.04.01-20.25.57:940][  0]LogDerivedDataCache: Saved boot cache 0.09s 83MB C:/Users/yuil0022/AppData/Local/UnrealEngine/4.20/DerivedDataCache/Boot.ddc.
[2019.04.01-20.25.57:943][  0]LogInit: Texture streaming: Enabled
[2019.04.01-20.25.57:971][  0]LogEngineSessionManager: EngineSessionManager initialized
[2019.04.01-20.25.57:971][  0]LogEngineSessionManager: EngineSessionManager sent abnormal shutdown report. Type=Debugger, SessionId={B4C0B4BC-427C-3A07-54ED-3BA5A43ADCA3}
[2019.04.01-20.25.57:982][  0]LogInit: Transaction tracking system initialized
[2019.04.01-20.25.58:017][  0]BlueprintLog: New page: Editor Load
[2019.04.01-20.25.58:215][  0]LocalizationService: Localization service is disabled
[2019.04.01-20.25.58:536][  0]LogCook: Display: Max memory allowance for cook 16384mb min free memory 0mb
[2019.04.01-20.25.58:536][  0]LogCook: Display: Mobile HDR setting 1
[2019.04.01-20.25.58:536][  0]LogGameplayTags: Display: UGameplayTagsManager::DoneAddingNativeTags. DelegateIsBound: 0
[2019.04.01-20.25.58:536][  0]LogStats: UGameplayTagsManager::ConstructGameplayTagTree: ImportINI prefixes -  0.000 s
[2019.04.01-20.25.58:536][  0]LogStats: UGameplayTagsManager::ConstructGameplayTagTree: Construct from data asset -  0.000 s
[2019.04.01-20.25.58:536][  0]LogStats: UGameplayTagsManager::ConstructGameplayTagTree: ImportINI -  0.000 s
[2019.04.01-20.25.58:537][  0]LogStats: UGameplayTagsManager::ConstructGameplayTagTree: GameplayTagTreeChangedEvent.Broadcast -  0.000 s
[2019.04.01-20.25.58:762][  0]LogFileCache: Scanning file cache for directory 'C:/Users/yuil0022/Desktop/BuffaloHeadGames/MasterTrappersAlpha1/Content/' took 0.02s
[2019.04.01-20.25.58:762][  0]SourceControl: Source control is disabled
[2019.04.01-20.25.58:763][  0]Cmd: MAP LOAD FILE="C:/Users/yuil0022/Desktop/BuffaloHeadGames/MasterTrappersAlpha1/Content/FirstPersonCPP/Maps/MeatHouse.umap" TEMPLATE=0 SHOWPROGRESS=1 FEATURELEVEL=3
[2019.04.01-20.25.58:764][  0]LightingResults: New page: Lighting Build
[2019.04.01-20.25.58:766][  0]MapCheck: New page: Map Check
[2019.04.01-20.25.58:766][  0]LightingResults: New page: Lighting Build
[2019.04.01-20.25.59:581][  0]LogAIModule: Creating AISystem for world MeatHouse
[2019.04.01-20.26.00:481][  0]LogMaterial: Warning: Material /Game/StarterContent/Materials/M_Concrete_Panels.M_Concrete_Panels needed to have new flag set bUsedWithSkeletalMesh !
[2019.04.01-20.26.00:483][  0]LogMaterial: Display: Missing cached shader map for material M_Concrete_Panels, compiling. 
[2019.04.01-20.26.00:561][  0]MapCheck: Warning: M_Concrete_Panels Material /Game/StarterContent/Materials/M_Concrete_Panels.M_Concrete_Panels was missing the usage flag bUsedWithSkeletalMesh. If the material asset is not re-saved, it may not render correctly when run outside the editor. Fix
[2019.04.01-20.26.00:595][  0]LogShaderCompilers: Display: Shaders left to compile 69
[2019.04.01-20.26.00:595][  0]LogShaderCompilers: Display: Shaders left to compile 59
[2019.04.01-20.26.00:595][  0]LogShaderCompilers: Display: Shaders left to compile 49
[2019.04.01-20.26.00:595][  0]LogShaderCompilers: Display: Shaders left to compile 39
[2019.04.01-20.26.00:595][  0]LogShaderCompilers: Display: Shaders left to compile 29
[2019.04.01-20.26.00:596][  0]LogEditorServer: Finished looking for orphan Actors (0.000 secs)
[2019.04.01-20.26.00:624][  0]Cmd: MAP CHECKDEP NOCLEARLOG
[2019.04.01-20.26.00:769][  0]MapCheck: Map check complete: 0 Error(s), 1 Warning(s), took 144.254ms to complete.
[2019.04.01-20.26.00:775][  0]LogFileHelpers: Loading map 'MeatHouse' took 2.013
[2019.04.01-20.26.00:901][  0]LogSlate: Updating window title bar state: overlay mode, drag disabled, window buttons hidden, title bar hidden
[2019.04.01-20.26.00:911][  0]LogSlate: Updating window title bar state: overlay mode, drag disabled, window buttons hidden, title bar hidden
[2019.04.01-20.26.00:922][  0]LogSlate: Updating window title bar state: overlay mode, drag disabled, window buttons hidden, title bar hidden
[2019.04.01-20.26.00:936][  0]LogSlate: Updating window title bar state: overlay mode, drag disabled, window buttons hidden, title bar hidden
[2019.04.01-20.26.00:950][  0]LogCollectionManager: Loaded 0 collections in 0.001523 seconds
[2019.04.01-20.26.01:000][  0]LogFileCache: Scanning file cache for directory 'C:/Users/yuil0022/Desktop/BuffaloHeadGames/MasterTrappersAlpha1/Saved/Collections/' took 0.01s
[2019.04.01-20.26.01:000][  0]LogFileCache: Scanning file cache for directory 'C:/Users/yuil0022/Desktop/BuffaloHeadGames/MasterTrappersAlpha1/Content/Developers/yuil0022/Collections/' took 0.02s
[2019.04.01-20.26.01:000][  0]LogFileCache: Scanning file cache for directory 'C:/Users/yuil0022/Desktop/BuffaloHeadGames/MasterTrappersAlpha1/Content/Collections/' took 0.01s
[2019.04.01-20.26.01:000][  0]LogCollectionManager: Rebuilt the GUID cache for 0 collections in 0.000001 seconds
[2019.04.01-20.26.01:016][  0]LogContentBrowser: Native class hierarchy populated in 0.0152 seconds. Added 2614 classes and 618 folders.
[2019.04.01-20.26.01:024][  0]LogContentBrowser: Native class hierarchy updated for 'WidgetCarousel' in 0.0006 seconds. Added 0 classes and 0 folders.
[2019.04.01-20.26.01:138][  0]LogContentBrowser: Native class hierarchy updated for 'AddContentDialog' in 0.0010 seconds. Added 0 classes and 0 folders.
[2019.04.01-20.26.01:155][  0]LogContentBrowser: Native class hierarchy updated for 'SceneOutliner' in 0.0011 seconds. Added 1 classes and 2 folders.
[2019.04.01-20.26.01:183][  0]LogSlate: Took 0.001832 seconds to synchronously load lazily loaded font '../../../Engine/Content/Slate/Fonts/Roboto-Regular.ttf' (155K)
[2019.04.01-20.26.01:187][  0]LogSlate: Took 0.000953 seconds to synchronously load lazily loaded font '../../../Engine/Content/Slate/Fonts/Roboto-Bold.ttf' (160K)
[2019.04.01-20.26.01:195][  0]LogSlate: Took 0.000812 seconds to synchronously load lazily loaded font '../../../Engine/Content/Editor/Slate/Fonts/FontAwesome.ttf' (139K)
[2019.04.01-20.26.01:378][  0]LogRenderer: Reallocating scene render targets to support 1056x556 Format 10 NumSamples 1 (Frame:1).
[2019.04.01-20.26.01:757][  0]LogSlate: FSceneViewport::OnFocusLost() reason 2
[2019.04.01-20.26.01:790][  0]LogSlate: Window 'Tutorials' being destroyed
[2019.04.01-20.26.01:836][  0]LogContentBrowser: Native class hierarchy updated for 'HierarchicalLODOutliner' in 0.0008 seconds. Added 0 classes and 0 folders.
[2019.04.01-20.26.01:837][  0]LogLoad: (Engine Initialization) Total time: 13.77 seconds
[2019.04.01-20.26.01:837][  0]LogLoad: (Engine Initialization) Total Blueprint compile time: 0.00 seconds
[2019.04.01-20.26.01:869][  0]LogContentStreaming: Texture pool size now 3000 MB
[2019.04.01-20.26.01:928][  0]LogSlate: Took 0.000824 seconds to synchronously load lazily loaded font '../../../Engine/Content/Slate/Fonts/Roboto-Light.ttf' (167K)
[2019.04.01-20.26.02:136][  2]LogAssetRegistry: Asset discovery search completed in 8.7327 seconds
[2019.04.01-20.26.02:140][  2]LogCollectionManager: Rebuilt the object cache for 0 collections in 0.000001 seconds (found 0 objects)
[2019.04.01-20.26.02:140][  2]LogCollectionManager: Fixed up redirectors for 0 collections in 0.000243 seconds (updated 0 objects)
[2019.04.01-20.26.03:840][ 69]LogShaderCompilers: Display: Shaders left to compile 19
[2019.04.01-20.26.04:225][ 87]LogEditorViewport: Clicking on Actor (LMB): BP_DroneTactical_C (BP_DroneTactical)
[2019.04.01-20.26.04:393][ 87]LogShaderCompilers: Display: Shaders left to compile 9
[2019.04.01-20.26.21:866][911]LogSlate: FSceneViewport::OnFocusLost() reason 0
[2019.04.01-20.26.22:267][941]LogSlate: Took 0.000356 seconds to synchronously load lazily loaded font '../../../Engine/Content/Slate/Fonts/Roboto-Light.ttf' (167K)
[2019.04.01-20.26.22:275][941]LogAssetEditorManager: Opening Asset editor for Blueprint /Game/Tacticals/TacticalBlueprints/BP_DroneTactical.BP_DroneTactical
[2019.04.01-20.26.22:799][941]LogContentBrowser: Native class hierarchy updated for 'BlueprintGraph' in 0.0008 seconds. Added 116 classes and 0 folders.
[2019.04.01-20.26.26:501][ 53]LogSlate: Window 'BP_DroneTactical' being destroyed
[2019.04.01-20.26.26:563][ 53]LogAssetEditorManager: Opening Asset editor for Blueprint /Game/Tacticals/TacticalBlueprints/BP_DroneTactical.BP_DroneTactical
[2019.04.01-20.26.26:921][ 53]LogSlate: Took 0.000605 seconds to synchronously load lazily loaded font '../../../Engine/Content/Slate/Fonts/Roboto-BoldCondensed.ttf' (158K)
[2019.04.01-20.26.28:841][133]LogSlate: Took 0.000635 seconds to synchronously load lazily loaded font '../../../Engine/Content/Slate/Fonts/Roboto-Italic.ttf' (157K)
[2019.04.01-20.26.41:753][671]BlueprintLog: New page: Compile BP_DroneTactical
[2019.04.01-20.26.44:786][770]LogSavePackage: Moving 'C:/Users/yuil0022/Desktop/BuffaloHeadGames/MasterTrappersAlpha1/Saved/BP_DroneTactical29F1AE654587885BD68C49ADE0A9F3A2.tmp' to 'C:/Users/yuil0022/Desktop/BuffaloHeadGames/MasterTrappersAlpha1/Content/Tacticals/TacticalBlueprints/BP_DroneTactical.uasset'
[2019.04.01-20.26.45:959][827]LogSlate: Window 'BP_DroneTactical' being destroyed
[2019.04.01-20.26.45:963][827]LogSlate: Window 'BP_DroneTactical' being destroyed
[2019.04.01-20.26.46:611][860]LogTemp: Repeating last play command: New Editor Window (PIE)
[2019.04.01-20.26.46:623][860]LogPlayLevel: PlayLevel: No blueprints needed recompiling
[2019.04.01-20.26.46:637][860]PIE: New page: PIE session: MeatHouse (Apr 1, 2019, 12:26:46 PM)
[2019.04.01-20.26.46:638][860]LogPlayLevel: Creating play world package: /Game/FirstPersonCPP/Maps/UEDPIE_1_MeatHouse
[2019.04.01-20.26.46:870][860]LogPlayLevel: PIE: StaticDuplicateObject took: (0.231662s)
[2019.04.01-20.26.46:871][860]LogAIModule: Creating AISystem for world MeatHouse
[2019.04.01-20.26.46:871][860]LogPlayLevel: PIE: World Init took: (0.000887s)
[2019.04.01-20.26.46:871][860]LogPlayLevel: PIE: Created PIE world by copying editor world from /Game/FirstPersonCPP/Maps/MeatHouse.MeatHouse to /Game/FirstPersonCPP/Maps/UEDPIE_1_MeatHouse.MeatHouse (0.233021s)
[2019.04.01-20.26.46:905][860]LogLoad: Game class is 'BP_MasterTrappersAlpha1GameMode_C'
[2019.04.01-20.26.46:953][860]LogWorld: Bringing World /Game/FirstPersonCPP/Maps/UEDPIE_1_MeatHouse.MeatHouse up for play (max tick rate 0) at 2019.04.01-16.26.46
[2019.04.01-20.26.46:954][860]LogWorld: Bringing up level for play took: 0.047183
[2019.04.01-20.26.46:954][860]LogTemp: Display: ParseSettings for GameNetDriver
[2019.04.01-20.26.46:954][860]LogTemp: Display: ParseSettings for IpNetDriver_0
[2019.04.01-20.26.46:955][860]LogTemp: Display: ParseSettings for GameNetDriver
[2019.04.01-20.26.46:955][860]LogNet: ReplicationDriverClass is null! Not using ReplicationDriver.
[2019.04.01-20.26.46:955][860]LogInit: WinSock: Socket queue 131072 / 131072
[2019.04.01-20.26.46:966][860]LogInit: WinSock: I am WT227-32 (10.50.22.165:0)
[2019.04.01-20.26.46:967][860]PacketHandlerLog: Loaded PacketHandler component: Engine.EngineHandlerComponentFactory (StatelessConnectHandlerComponent)
[2019.04.01-20.26.46:967][860]LogNet: GameNetDriver IpNetDriver_0 IpNetDriver listening on port 17777
[2019.04.01-20.26.46:968][860]PIE: Play in editor start time for /Game/FirstPersonCPP/Maps/UEDPIE_1_MeatHouse 0.67
[2019.04.01-20.26.46:970][860]PIE: New page: PIE session: MeatHouse (Apr 1, 2019, 12:26:46 PM)
[2019.04.01-20.26.46:975][860]LogInit: XAudio2 using 'Speakers (Realtek High Definition Audio)' : 2 channels at 48 kHz using 32 bits per sample (channel mask 0x3)
[2019.04.01-20.26.46:987][860]LogInit: FAudioDevice initialized.
[2019.04.01-20.26.46:993][860]LogSlate: Updating window title bar state: overlay mode, drag disabled, window buttons hidden, title bar hidden
[2019.04.01-20.26.47:035][860]LogNet: Browse: 127.0.0.1:17777//GameFrwkSessionsPlugin/MenuSystem/MainMenu
[2019.04.01-20.26.47:035][860]LogTemp: Display: ParseSettings for GameNetDriver
[2019.04.01-20.26.47:035][860]LogTemp: Display: ParseSettings for IpNetDriver_1
[2019.04.01-20.26.47:035][860]LogTemp: Display: ParseSettings for PendingNetDriver
[2019.04.01-20.26.47:036][860]LogInit: WinSock: Socket queue 32768 / 32768
[2019.04.01-20.26.47:036][860]PacketHandlerLog: Loaded PacketHandler component: Engine.EngineHandlerComponentFactory (StatelessConnectHandlerComponent)
[2019.04.01-20.26.47:036][860]LogNet: Game client on port 17777, rate 10000
[2019.04.01-20.26.47:039][860]PIE: Play in editor start time for /GameFrwkSessionsPlugin/MenuSystem/MainMenu 0.741
[2019.04.01-20.26.47:041][860]PIE: New page: PIE session: MeatHouse (Apr 1, 2019, 12:26:47 PM)
[2019.04.01-20.26.47:046][860]LogSlate: FSceneViewport::OnFocusLost() reason 2
[2019.04.01-20.26.47:050][860]LogSlate: Updating window title bar state: overlay mode, drag disabled, window buttons hidden, title bar hidden
[2019.04.01-20.26.47:087][860]LogNet: Browse: 127.0.0.1:17777//GameFrwkSessionsPlugin/MenuSystem/MainMenu
[2019.04.01-20.26.47:087][860]LogTemp: Display: ParseSettings for GameNetDriver
[2019.04.01-20.26.47:087][860]LogTemp: Display: ParseSettings for IpNetDriver_2
[2019.04.01-20.26.47:087][860]LogTemp: Display: ParseSettings for PendingNetDriver
[2019.04.01-20.26.47:087][860]LogInit: WinSock: Socket queue 32768 / 32768
[2019.04.01-20.26.47:088][860]PacketHandlerLog: Loaded PacketHandler component: Engine.EngineHandlerComponentFactory (StatelessConnectHandlerComponent)
[2019.04.01-20.26.47:088][860]LogNet: Game client on port 17777, rate 10000
[2019.04.01-20.26.47:092][860]PIE: Play in editor start time for /GameFrwkSessionsPlugin/MenuSystem/MainMenu 0.794
[2019.04.01-20.26.47:099][860]LogNet: NotifyAcceptingConnection accepted from: 127.0.0.1:57483
[2019.04.01-20.26.47:099][860]LogHandshake: SendConnectChallenge. Timestamp: 0.008661, Cookie: 190151147198153069019165170092252213152009235018009071149093
[2019.04.01-20.26.47:099][860]LogNet: NotifyAcceptingConnection accepted from: 127.0.0.1:57484
[2019.04.01-20.26.47:099][860]LogHandshake: SendConnectChallenge. Timestamp: 0.008661, Cookie: 238027063163193127185003124090044228208030027157133029022007
[2019.04.01-20.26.47:117][860]LogHandshake: SendChallengeResponse. Timestamp: 0.008661, Cookie: 190151147198153069019165170092252213152009235018009071149093
[2019.04.01-20.26.47:119][860]LogHandshake: SendChallengeResponse. Timestamp: 0.008661, Cookie: 238027063163193127185003124090044228208030027157133029022007
[2019.04.01-20.26.47:214][861]LogNet: NotifyAcceptingConnection accepted from: 127.0.0.1:57483
[2019.04.01-20.26.47:214][861]LogHandshake: SendChallengeAck. InCookie: 190151147198153069019165170092252213152009235018009071149093
[2019.04.01-20.26.47:214][861]LogNet: Server accepting post-challenge connection from: 127.0.0.1:57483
[2019.04.01-20.26.47:214][861]PacketHandlerLog: Loaded PacketHandler component: Engine.EngineHandlerComponentFactory (StatelessConnectHandlerComponent)
[2019.04.01-20.26.47:214][861]LogNet: NotifyAcceptedConnection: Name: MeatHouse, TimeStamp: 04/01/19 16:26:47, [UNetConnection] RemoteAddr: 127.0.0.1:57483, Name: IpConnection_2, Driver: GameNetDriver IpNetDriver_0, IsServer: YES, PC: NULL, Owner: NULL, UniqueId: INVALID
[2019.04.01-20.26.47:214][861]LogNet: AddClientConnection: Added client connection: [UNetConnection] RemoteAddr: 127.0.0.1:57483, Name: IpConnection_2, Driver: GameNetDriver IpNetDriver_0, IsServer: YES, PC: NULL, Owner: NULL, UniqueId: INVALID
[2019.04.01-20.26.47:215][861]LogNet: NotifyAcceptingConnection accepted from: 127.0.0.1:57484
[2019.04.01-20.26.47:215][861]LogHandshake: SendChallengeAck. InCookie: 238027063163193127185003124090044228208030027157133029022007
[2019.04.01-20.26.47:215][861]LogNet: Server accepting post-challenge connection from: 127.0.0.1:57484
[2019.04.01-20.26.47:215][861]PacketHandlerLog: Loaded PacketHandler component: Engine.EngineHandlerComponentFactory (StatelessConnectHandlerComponent)
[2019.04.01-20.26.47:215][861]LogNet: NotifyAcceptedConnection: Name: MeatHouse, TimeStamp: 04/01/19 16:26:47, [UNetConnection] RemoteAddr: 127.0.0.1:57484, Name: IpConnection_3, Driver: GameNetDriver IpNetDriver_0, IsServer: YES, PC: NULL, Owner: NULL, UniqueId: INVALID
[2019.04.01-20.26.47:215][861]LogNet: AddClientConnection: Added client connection: [UNetConnection] RemoteAddr: 127.0.0.1:57484, Name: IpConnection_3, Driver: GameNetDriver IpNetDriver_0, IsServer: YES, PC: NULL, Owner: NULL, UniqueId: INVALID
[2019.04.01-20.26.47:217][861]LogNetVersion: MasterTrappersAlpha1 1.0.0.0, NetCL: 4212847, EngineNetVer: 5, GameNetVer: 0 (Checksum: 2697402087)
[2019.04.01-20.26.47:217][861]LogNet: UPendingNetGame::SendInitialJoin: Sending hello. [UNetConnection] RemoteAddr: 127.0.0.1:17777, Name: IpConnection_0, Driver: PendingNetDriver IpNetDriver_1, IsServer: NO, PC: NULL, Owner: NULL, UniqueId: INVALID
[2019.04.01-20.26.47:217][861]LogNet: UPendingNetGame::SendInitialJoin: Sending hello. [UNetConnection] RemoteAddr: 127.0.0.1:17777, Name: IpConnection_1, Driver: PendingNetDriver IpNetDriver_2, IsServer: NO, PC: NULL, Owner: NULL, UniqueId: INVALID
[2019.04.01-20.26.47:244][862]LogNet: NotifyAcceptingChannel Control 0 server World /Game/FirstPersonCPP/Maps/UEDPIE_1_MeatHouse.MeatHouse: Accepted
[2019.04.01-20.26.47:245][862]LogNet: Remote platform little endian=1
[2019.04.01-20.26.47:245][862]LogNet: This platform little endian=1
[2019.04.01-20.26.47:245][862]LogNet: NotifyAcceptingChannel Control 0 server World /Game/FirstPersonCPP/Maps/UEDPIE_1_MeatHouse.MeatHouse: Accepted
[2019.04.01-20.26.47:245][862]LogNet: Remote platform little endian=1
[2019.04.01-20.26.47:245][862]LogNet: This platform little endian=1
[2019.04.01-20.26.47:278][863]LogNet: Login request: /GameFrwkSessionsPlugin/MenuSystem/MainMenu?Name=WT227-32-C7492215493D40A1C5A2BF852D923EC4 userId: WT227-32-C7492215493D40A1C5A2BF852D923EC4
[2019.04.01-20.26.47:278][863]LogNet: Login request: /GameFrwkSessionsPlugin/MenuSystem/MainMenu?Name=WT227-32-0772D1914DE4A4459E4648BFABA1440F userId: WT227-32-0772D1914DE4A4459E4648BFABA1440F
[2019.04.01-20.26.47:280][863]LogNet: Welcomed by server (Level: /Game/FirstPersonCPP/Maps/UEDPIE_1_MeatHouse, Game: /Game/FirstPersonCPP/Blueprints/BP_MasterTrappersAlpha1GameMode.BP_MasterTrappersAlpha1GameMode_C)
[2019.04.01-20.26.47:280][863]LogLoad: LoadMap: 127.0.0.1:17777//Game/FirstPersonCPP/Maps/UEDPIE_1_MeatHouse?game=/Game/FirstPersonCPP/Blueprints/BP_MasterTrappersAlpha1GameMode.BP_MasterTrappersAlpha1GameMode_C
[2019.04.01-20.26.47:439][863]LogAIModule: Creating AISystem for world MeatHouse
[2019.04.01-20.26.47:440][863]LogTemp: Display: ParseSettings for GameNetDriver
[2019.04.01-20.26.47:486][863]LogWorld: Bringing World /Game/FirstPersonCPP/Maps/UEDPIE_2_MeatHouse.MeatHouse up for play (max tick rate 0) at 2019.04.01-16.26.47
[2019.04.01-20.26.47:487][863]LogWorld: Bringing up level for play took: 0.046427
[2019.04.01-20.26.47:487][863]LogLoad: Took 0.206975 seconds to LoadMap(/Game/FirstPersonCPP/Maps/UEDPIE_1_MeatHouse)
[2019.04.01-20.26.47:488][863]LogNet: Welcomed by server (Level: /Game/FirstPersonCPP/Maps/UEDPIE_1_MeatHouse, Game: /Game/FirstPersonCPP/Blueprints/BP_MasterTrappersAlpha1GameMode.BP_MasterTrappersAlpha1GameMode_C)
[2019.04.01-20.26.47:507][863]LogLoad: LoadMap: 127.0.0.1:17777//Game/FirstPersonCPP/Maps/UEDPIE_1_MeatHouse?game=/Game/FirstPersonCPP/Blueprints/BP_MasterTrappersAlpha1GameMode.BP_MasterTrappersAlpha1GameMode_C
[2019.04.01-20.26.47:665][863]LogAIModule: Creating AISystem for world MeatHouse
[2019.04.01-20.26.47:665][863]LogTemp: Display: ParseSettings for GameNetDriver
[2019.04.01-20.26.47:712][863]LogWorld: Bringing World /Game/FirstPersonCPP/Maps/UEDPIE_3_MeatHouse.MeatHouse up for play (max tick rate 0) at 2019.04.01-16.26.47
[2019.04.01-20.26.47:714][863]LogWorld: Bringing up level for play took: 0.047256
[2019.04.01-20.26.47:714][863]LogLoad: Took 0.207269 seconds to LoadMap(/Game/FirstPersonCPP/Maps/UEDPIE_1_MeatHouse)
[2019.04.01-20.26.47:743][864]LogRenderer: Reallocating scene render targets to support 1280x720 Format 10 NumSamples 1 (Frame:1).
[2019.04.01-20.26.47:868][864]LogNet: Client netspeed is 10000
[2019.04.01-20.26.47:868][864]LogNet: Join request: /GameFrwkSessionsPlugin/MenuSystem/MainMenu?Name=WT227-32-C7492215493D40A1C5A2BF852D923EC4?SplitscreenCount=1
[2019.04.01-20.26.47:869][864]LogOnline: Warning: OSS: No game present to join for session (GameSession)
[2019.04.01-20.26.47:871][864]LogSkinnedMeshComp: Warning: GetSocketByName(GripPoint): No SkeletalMesh for Component(CharacterMesh1P) Actor(BP_MasterTrappersAlpha1Character_C_0)
[2019.04.01-20.26.47:872][864]LogSkinnedMeshComp: Warning: GetSocketByName(GripPoint): No SkeletalMesh for Component(CharacterMesh1P) Actor(BP_MasterTrappersAlpha1Character_C_0)
[2019.04.01-20.26.47:872][864]LogNet: Join succeeded: WT227-32-C7492215493
[2019.04.01-20.26.47:872][864]LogNet: Client netspeed is 10000
[2019.04.01-20.26.47:872][864]LogNet: Join request: /GameFrwkSessionsPlugin/MenuSystem/MainMenu?Name=WT227-32-0772D1914DE4A4459E4648BFABA1440F?SplitscreenCount=1
[2019.04.01-20.26.47:873][864]LogOnline: Warning: OSS: No game present to join for session (GameSession)
[2019.04.01-20.26.47:874][864]LogSkinnedMeshComp: Warning: GetSocketByName(GripPoint): No SkeletalMesh for Component(CharacterMesh1P) Actor(BP_MasterTrappersAlpha1Character_C_1)
[2019.04.01-20.26.47:874][864]LogSkinnedMeshComp: Warning: GetSocketByName(GripPoint): No SkeletalMesh for Component(CharacterMesh1P) Actor(BP_MasterTrappersAlpha1Character_C_1)
[2019.04.01-20.26.47:875][864]LogNet: Join succeeded: WT227-32-0772D1914DE
[2019.04.01-20.26.47:900][865]LogOnline: Warning: OSS: No game present to join for session (GameSession)
[2019.04.01-20.26.47:905][865]LogSkinnedMeshComp: Warning: GetSocketByName(GripPoint): No SkeletalMesh for Component(CharacterMesh1P) Actor(BP_MasterTrappersAlpha1Character_C_0)
[2019.04.01-20.26.47:906][865]LogSkinnedMeshComp: Warning: GetSocketByName(GripPoint): No SkeletalMesh for Component(CharacterMesh1P) Actor(BP_MasterTrappersAlpha1Character_C_0)
[2019.04.01-20.26.47:906][865]LogSkinnedMeshComp: Warning: GetSocketByName(GripPoint): No SkeletalMesh for Component(CharacterMesh1P) Actor(BP_MasterTrappersAlpha1Character_C_1)
[2019.04.01-20.26.47:906][865]LogSkinnedMeshComp: Warning: GetSocketByName(GripPoint): No SkeletalMesh for Component(CharacterMesh1P) Actor(BP_MasterTrappersAlpha1Character_C_1)
[2019.04.01-20.26.47:906][865]LogOnline: Warning: OSS: No game present to join for session (GameSession)
[2019.04.01-20.26.47:908][865]LogNet: Warning: UNetDriver::ProcessRemoteFunction: No owning connection for actor BP_MasterTrappersAlpha1Character_C_1. Function Server_SetCursorLocation will not be processed.
[2019.04.01-20.26.47:911][865]LogOnline: Warning: OSS: No game present to join for session (GameSession)
[2019.04.01-20.26.47:916][865]LogSkinnedMeshComp: Warning: GetSocketByName(GripPoint): No SkeletalMesh for Component(CharacterMesh1P) Actor(BP_MasterTrappersAlpha1Character_C_0)
[2019.04.01-20.26.47:916][865]LogSkinnedMeshComp: Warning: GetSocketByName(GripPoint): No SkeletalMesh for Component(CharacterMesh1P) Actor(BP_MasterTrappersAlpha1Character_C_0)
[2019.04.01-20.26.47:917][865]LogSkinnedMeshComp: Warning: GetSocketByName(GripPoint): No SkeletalMesh for Component(CharacterMesh1P) Actor(BP_MasterTrappersAlpha1Character_C_1)
[2019.04.01-20.26.47:917][865]LogSkinnedMeshComp: Warning: GetSocketByName(GripPoint): No SkeletalMesh for Component(CharacterMesh1P) Actor(BP_MasterTrappersAlpha1Character_C_1)
[2019.04.01-20.26.47:917][865]LogOnline: Warning: OSS: No game present to join for session (GameSession)
[2019.04.01-20.26.47:918][865]LogNet: Warning: UNetDriver::ProcessRemoteFunction: No owning connection for actor BP_MasterTrappersAlpha1Character_C_1. Function Server_SetCursorLocation will not be processed.
[2019.04.01-20.26.47:961][866]LogSkinnedMeshComp: Warning: GetSocketByName(GripPoint): No SkeletalMesh for Component(CharacterMesh1P) Actor(BP_MasterTrappersAlpha1Character_C_1)
[2019.04.01-20.26.47:962][866]LogNet: Warning: UNetDriver::ProcessRemoteFunction: No owning connection for actor BP_MasterTrappersAlpha1Character_C_1. Function Server_SetCursorLocation will not be processed.
[2019.04.01-20.26.47:963][866]LogSkinnedMeshComp: Warning: GetSocketByName(GripPoint): No SkeletalMesh for Component(CharacterMesh1P) Actor(BP_MasterTrappersAlpha1Character_C_1)
[2019.04.01-20.26.47:964][866]LogNet: Warning: UNetDriver::ProcessRemoteFunction: No owning connection for actor BP_MasterTrappersAlpha1Character_C_1. Function Server_SetCursorLocation will not be processed.
[2019.04.01-20.26.48:009][867]LogSkinnedMeshComp: Warning: GetSocketByName(GripPoint): No SkeletalMesh for Component(CharacterMesh1P) Actor(BP_MasterTrappersAlpha1Character_C_1)
[2019.04.01-20.26.48:010][867]LogNet: Warning: UNetDriver::ProcessRemoteFunction: No owning connection for actor BP_MasterTrappersAlpha1Character_C_1. Function Server_SetCursorLocation will not be processed.
[2019.04.01-20.26.48:011][867]LogSkinnedMeshComp: Warning: GetSocketByName(GripPoint): No SkeletalMesh for Component(CharacterMesh1P) Actor(BP_MasterTrappersAlpha1Character_C_1)
[2019.04.01-20.26.48:012][867]LogNet: Warning: UNetDriver::ProcessRemoteFunction: No owning connection for actor BP_MasterTrappersAlpha1Character_C_1. Function Server_SetCursorLocation will not be processed.
[2019.04.01-20.26.48:100][868]LogSkinnedMeshComp: Warning: GetSocketByName(GripPoint): No SkeletalMesh for Component(CharacterMesh1P) Actor(BP_MasterTrappersAlpha1Character_C_1)
[2019.04.01-20.26.48:100][868]LogNet: Warning: UNetDriver::ProcessRemoteFunction: No owning connection for actor BP_MasterTrappersAlpha1Character_C_1. Function Server_SetCursorLocation will not be processed.
[2019.04.01-20.26.48:101][868]LogSkinnedMeshComp: Warning: GetSocketByName(GripPoint): No SkeletalMesh for Component(CharacterMesh1P) Actor(BP_MasterTrappersAlpha1Character_C_1)
[2019.04.01-20.26.48:102][868]LogNet: Warning: UNetDriver::ProcessRemoteFunction: No owning connection for actor BP_MasterTrappersAlpha1Character_C_1. Function Server_SetCursorLocation will not be processed.
[2019.04.01-20.26.48:177][869]LogSkinnedMeshComp: Warning: GetSocketByName(GripPoint): No SkeletalMesh for Component(CharacterMesh1P) Actor(BP_MasterTrappersAlpha1Character_C_1)
[2019.04.01-20.26.48:178][869]LogNet: Warning: UNetDriver::ProcessRemoteFunction: No owning connection for actor BP_MasterTrappersAlpha1Character_C_1. Function Server_SetCursorLocation will not be processed.
[2019.04.01-20.26.48:179][869]LogSkinnedMeshComp: Warning: GetSocketByName(GripPoint): No SkeletalMesh for Component(CharacterMesh1P) Actor(BP_MasterTrappersAlpha1Character_C_1)
[2019.04.01-20.26.48:180][869]LogNet: Warning: UNetDriver::ProcessRemoteFunction: No owning connection for actor BP_MasterTrappersAlpha1Character_C_1. Function Server_SetCursorLocation will not be processed.
[2019.04.01-20.26.48:258][870]LogSkinnedMeshComp: Warning: GetSocketByName(GripPoint): No SkeletalMesh for Component(CharacterMesh1P) Actor(BP_MasterTrappersAlpha1Character_C_1)
[2019.04.01-20.26.48:259][870]LogNet: Warning: UNetDriver::ProcessRemoteFunction: No owning connection for actor BP_MasterTrappersAlpha1Character_C_1. Function Server_SetCursorLocation will not be processed.
[2019.04.01-20.26.48:260][870]LogSkinnedMeshComp: Warning: GetSocketByName(GripPoint): No SkeletalMesh for Component(CharacterMesh1P) Actor(BP_MasterTrappersAlpha1Character_C_1)
[2019.04.01-20.26.48:260][870]LogNet: Warning: UNetDriver::ProcessRemoteFunction: No owning connection for actor BP_MasterTrappersAlpha1Character_C_1. Function Server_SetCursorLocation will not be processed.
[2019.04.01-20.26.48:334][871]LogSkinnedMeshComp: Warning: GetSocketByName(GripPoint): No SkeletalMesh for Component(CharacterMesh1P) Actor(BP_MasterTrappersAlpha1Character_C_1)
[2019.04.01-20.26.48:335][871]LogNet: Warning: UNetDriver::ProcessRemoteFunction: No owning connection for actor BP_MasterTrappersAlpha1Character_C_1. Function Server_SetCursorLocation will not be processed.
[2019.04.01-20.26.48:336][871]LogSkinnedMeshComp: Warning: GetSocketByName(GripPoint): No SkeletalMesh for Component(CharacterMesh1P) Actor(BP_MasterTrappersAlpha1Character_C_1)
[2019.04.01-20.26.48:337][871]LogNet: Warning: UNetDriver::ProcessRemoteFunction: No owning connection for actor BP_MasterTrappersAlpha1Character_C_1. Function Server_SetCursorLocation will not be processed.
[2019.04.01-20.26.48:412][872]LogNet: Warning: UNetDriver::ProcessRemoteFunction: No owning connection for actor BP_MasterTrappersAlpha1Character_C_1. Function Server_SetCursorLocation will not be processed.
[2019.04.01-20.26.48:413][872]LogSkinnedMeshComp: Warning: GetSocketByName(GripPoint): No SkeletalMesh for Component(CharacterMesh1P) Actor(BP_MasterTrappersAlpha1Character_C_1)
[2019.04.01-20.26.48:413][872]LogNet: Warning: UNetDriver::ProcessRemoteFunction: No owning connection for actor BP_MasterTrappersAlpha1Character_C_1. Function Server_SetCursorLocation will not be processed.
[2019.04.01-20.26.48:488][873]LogNet: Warning: UNetDriver::ProcessRemoteFunction: No owning connection for actor BP_MasterTrappersAlpha1Character_C_1. Function Server_SetCursorLocation will not be processed.
[2019.04.01-20.26.48:489][873]LogNet: Warning: UNetDriver::ProcessRemoteFunction: No owning connection for actor BP_MasterTrappersAlpha1Character_C_1. Function Server_SetCursorLocation will not be processed.
[2019.04.01-20.26.48:564][874]LogSkinnedMeshComp: Warning: GetSocketByName(GripPoint): No SkeletalMesh for Component(CharacterMesh1P) Actor(BP_MasterTrappersAlpha1Character_C_0)
[2019.04.01-20.26.48:565][874]LogSkinnedMeshComp: Warning: GetSocketByName(GripPoint): No SkeletalMesh for Component(CharacterMesh1P) Actor(BP_MasterTrappersAlpha1Character_C_1)
[2019.04.01-20.26.48:565][874]LogNet: Warning: UNetDriver::ProcessRemoteFunction: No owning connection for actor BP_MasterTrappersAlpha1Character_C_1. Function Server_SetCursorLocation will not be processed.
[2019.04.01-20.26.48:566][874]LogSkinnedMeshComp: Warning: GetSocketByName(GripPoint): No SkeletalMesh for Component(CharacterMesh1P) Actor(BP_MasterTrappersAlpha1Character_C_1)
[2019.04.01-20.26.48:567][874]LogSkinnedMeshComp: Warning: GetSocketByName(GripPoint): No SkeletalMesh for Component(CharacterMesh1P) Actor(BP_MasterTrappersAlpha1Character_C_0)
[2019.04.01-20.26.48:567][874]LogNet: Warning: UNetDriver::ProcessRemoteFunction: No owning connection for actor BP_MasterTrappersAlpha1Character_C_1. Function Server_SetCursorLocation will not be processed.
[2019.04.01-20.26.48:638][875]LogSkinnedMeshComp: Warning: GetSocketByName(GripPoint): No SkeletalMesh for Component(CharacterMesh1P) Actor(BP_MasterTrappersAlpha1Character_C_0)
[2019.04.01-20.26.48:638][875]LogSkinnedMeshComp: Warning: GetSocketByName(GripPoint): No SkeletalMesh for Component(CharacterMesh1P) Actor(BP_MasterTrappersAlpha1Character_C_1)
[2019.04.01-20.26.48:640][875]LogSkinnedMeshComp: Warning: GetSocketByName(GripPoint): No SkeletalMesh for Component(CharacterMesh1P) Actor(BP_MasterTrappersAlpha1Character_C_1)
[2019.04.01-20.26.48:640][875]LogSkinnedMeshComp: Warning: GetSocketByName(GripPoint): No SkeletalMesh for Component(CharacterMesh1P) Actor(BP_MasterTrappersAlpha1Character_C_0)
[2019.04.01-20.26.48:641][875]LogNet: Warning: UNetDriver::ProcessRemoteFunction: No owning connection for actor BP_MasterTrappersAlpha1Character_C_1. Function Server_SetCursorLocation will not be processed.
[2019.04.01-20.26.48:641][875]LogSkinnedMeshComp: Warning: GetSocketByName(GripPoint): No SkeletalMesh for Component(CharacterMesh1P) Actor(BP_MasterTrappersAlpha1Character_C_1)
[2019.04.01-20.26.48:642][875]LogSkinnedMeshComp: Warning: GetSocketByName(GripPoint): No SkeletalMesh for Component(CharacterMesh1P) Actor(BP_MasterTrappersAlpha1Character_C_1)
[2019.04.01-20.26.48:642][875]LogSkinnedMeshComp: Warning: GetSocketByName(GripPoint): No SkeletalMesh for Component(CharacterMesh1P) Actor(BP_MasterTrappersAlpha1Character_C_0)
[2019.04.01-20.26.48:643][875]LogNet: Warning: UNetDriver::ProcessRemoteFunction: No owning connection for actor BP_MasterTrappersAlpha1Character_C_1. Function Server_SetCursorLocation will not be processed.
[2019.04.01-20.26.48:715][876]LogSkinnedMeshComp: Warning: GetSocketByName(GripPoint): No SkeletalMesh for Component(CharacterMesh1P) Actor(BP_MasterTrappersAlpha1Character_C_0)
[2019.04.01-20.26.48:715][876]LogSkinnedMeshComp: Warning: GetSocketByName(GripPoint): No SkeletalMesh for Component(CharacterMesh1P) Actor(BP_MasterTrappersAlpha1Character_C_1)
[2019.04.01-20.26.48:717][876]LogSkinnedMeshComp: Warning: GetSocketByName(GripPoint): No SkeletalMesh for Component(CharacterMesh1P) Actor(BP_MasterTrappersAlpha1Character_C_1)
[2019.04.01-20.26.48:717][876]LogSkinnedMeshComp: Warning: GetSocketByName(GripPoint): No SkeletalMesh for Component(CharacterMesh1P) Actor(BP_MasterTrappersAlpha1Character_C_1)
[2019.04.01-20.26.48:717][876]LogSkinnedMeshComp: Warning: GetSocketByName(GripPoint): No SkeletalMesh for Component(CharacterMesh1P) Actor(BP_MasterTrappersAlpha1Character_C_0)
[2019.04.01-20.26.48:718][876]LogNet: Warning: UNetDriver::ProcessRemoteFunction: No owning connection for actor BP_MasterTrappersAlpha1Character_C_1. Function Server_SetCursorLocation will not be processed.
[2019.04.01-20.26.48:719][876]LogSkinnedMeshComp: Warning: GetSocketByName(GripPoint): No SkeletalMesh for Component(CharacterMesh1P) Actor(BP_MasterTrappersAlpha1Character_C_1)
[2019.04.01-20.26.48:719][876]LogSkinnedMeshComp: Warning: GetSocketByName(GripPoint): No SkeletalMesh for Component(CharacterMesh1P) Actor(BP_MasterTrappersAlpha1Character_C_1)
[2019.04.01-20.26.48:719][876]LogSkinnedMeshComp: Warning: GetSocketByName(GripPoint): No SkeletalMesh for Component(CharacterMesh1P) Actor(BP_MasterTrappersAlpha1Character_C_0)
[2019.04.01-20.26.48:720][876]LogNet: Warning: UNetDriver::ProcessRemoteFunction: No owning connection for actor BP_MasterTrappersAlpha1Character_C_1. Function Server_SetCursorLocation will not be processed.
[2019.04.01-20.26.48:794][877]LogTemp: Warning: Bear Trap Spawned
[2019.04.01-20.26.48:794][877]LogSkinnedMeshComp: Warning: GetSocketByName(GripPoint): No SkeletalMesh for Component(CharacterMesh1P) Actor(BP_MasterTrappersAlpha1Character_C_0)
[2019.04.01-20.26.48:794][877]LogSkinnedMeshComp: Warning: GetSocketByName(GripPoint): No SkeletalMesh for Component(CharacterMesh1P) Actor(BP_MasterTrappersAlpha1Character_C_1)
[2019.04.01-20.26.48:797][877]LogSkinnedMeshComp: Warning: GetSocketByName(GripPoint): No SkeletalMesh for Component(CharacterMesh1P) Actor(BP_MasterTrappersAlpha1Character_C_1)
[2019.04.01-20.26.48:797][877]LogSkinnedMeshComp: Warning: GetSocketByName(GripPoint): No SkeletalMesh for Component(CharacterMesh1P) Actor(BP_MasterTrappersAlpha1Character_C_0)
[2019.04.01-20.26.48:798][877]LogSkinnedMeshComp: Warning: GetSocketByName(GripPoint): No SkeletalMesh for Component(CharacterMesh1P) Actor(BP_MasterTrappersAlpha1Character_C_1)
[2019.04.01-20.26.48:798][877]LogSkinnedMeshComp: Warning: GetSocketByName(GripPoint): No SkeletalMesh for Component(CharacterMesh1P) Actor(BP_MasterTrappersAlpha1Character_C_0)
[2019.04.01-20.26.48:798][877]LogSkinnedMeshComp: Warning: GetSocketByName(GripPoint): No SkeletalMesh for Component(CharacterMesh1P) Actor(BP_MasterTrappersAlpha1Character_C_0)
[2019.04.01-20.26.48:799][877]LogNet: Warning: UNetDriver::ProcessRemoteFunction: No owning connection for actor BP_MasterTrappersAlpha1Character_C_1. Function Server_SetCursorLocation will not be processed.
[2019.04.01-20.26.48:800][877]LogSkinnedMeshComp: Warning: GetSocketByName(GripPoint): No SkeletalMesh for Component(CharacterMesh1P) Actor(BP_MasterTrappersAlpha1Character_C_0)
[2019.04.01-20.26.48:801][877]LogSkinnedMeshComp: Warning: GetSocketByName(GripPoint): No SkeletalMesh for Component(CharacterMesh1P) Actor(BP_MasterTrappersAlpha1Character_C_1)
[2019.04.01-20.26.48:802][877]LogSkinnedMeshComp: Warning: GetSocketByName(GripPoint): No SkeletalMesh for Component(CharacterMesh1P) Actor(BP_MasterTrappersAlpha1Character_C_0)
[2019.04.01-20.26.48:803][877]LogNet: Warning: UNetDriver::ProcessRemoteFunction: No owning connection for actor BP_MasterTrappersAlpha1Character_C_1. Function Server_SetCursorLocation will not be processed.
[2019.04.01-20.26.48:872][878]LogSkinnedMeshComp: Warning: GetSocketByName(GripPoint): No SkeletalMesh for Component(CharacterMesh1P) Actor(BP_MasterTrappersAlpha1Character_C_0)
[2019.04.01-20.26.48:872][878]LogSkinnedMeshComp: Warning: GetSocketByName(GripPoint): No SkeletalMesh for Component(CharacterMesh1P) Actor(BP_MasterTrappersAlpha1Character_C_0)
[2019.04.01-20.26.48:873][878]LogSkinnedMeshComp: Warning: GetSocketByName(GripPoint): No SkeletalMesh for Component(CharacterMesh1P) Actor(BP_MasterTrappersAlpha1Character_C_1)
[2019.04.01-20.26.48:875][878]LogSkinnedMeshComp: Warning: GetSocketByName(GripPoint): No SkeletalMesh for Component(CharacterMesh1P) Actor(BP_MasterTrappersAlpha1Character_C_0)
[2019.04.01-20.26.48:875][878]LogSkinnedMeshComp: Warning: GetSocketByName(GripPoint): No SkeletalMesh for Component(CharacterMesh1P) Actor(BP_MasterTrappersAlpha1Character_C_1)
[2019.04.01-20.26.48:875][878]LogSkinnedMeshComp: Warning: GetSocketByName(GripPoint): No SkeletalMesh for Component(CharacterMesh1P) Actor(BP_MasterTrappersAlpha1Character_C_0)
[2019.04.01-20.26.48:875][878]LogSkinnedMeshComp: Warning: GetSocketByName(GripPoint): No SkeletalMesh for Component(CharacterMesh1P) Actor(BP_MasterTrappersAlpha1Character_C_1)
[2019.04.01-20.26.48:876][878]LogSkinnedMeshComp: Warning: GetSocketByName(GripPoint): No SkeletalMesh for Component(CharacterMesh1P) Actor(BP_MasterTrappersAlpha1Character_C_0)
[2019.04.01-20.26.48:876][878]LogSkinnedMeshComp: Warning: GetSocketByName(GripPoint): No SkeletalMesh for Component(CharacterMesh1P) Actor(BP_MasterTrappersAlpha1Character_C_0)
[2019.04.01-20.26.48:877][878]LogNet: Warning: UNetDriver::ProcessRemoteFunction: No owning connection for actor BP_MasterTrappersAlpha1Character_C_1. Function Server_SetCursorLocation will not be processed.
[2019.04.01-20.26.48:877][878]LogSkinnedMeshComp: Warning: GetSocketByName(GripPoint): No SkeletalMesh for Component(CharacterMesh1P) Actor(BP_MasterTrappersAlpha1Character_C_0)
[2019.04.01-20.26.48:878][878]LogSkinnedMeshComp: Warning: GetSocketByName(GripPoint): No SkeletalMesh for Component(CharacterMesh1P) Actor(BP_MasterTrappersAlpha1Character_C_1)
[2019.04.01-20.26.48:878][878]LogSkinnedMeshComp: Warning: GetSocketByName(GripPoint): No SkeletalMesh for Component(CharacterMesh1P) Actor(BP_MasterTrappersAlpha1Character_C_1)
[2019.04.01-20.26.48:878][878]LogSkinnedMeshComp: Warning: GetSocketByName(GripPoint): No SkeletalMesh for Component(CharacterMesh1P) Actor(BP_MasterTrappersAlpha1Character_C_0)
[2019.04.01-20.26.48:879][878]LogNet: Warning: UNetDriver::ProcessRemoteFunction: No owning connection for actor BP_MasterTrappersAlpha1Character_C_1. Function Server_SetCursorLocation will not be processed.
[2019.04.01-20.26.48:950][879]LogSkinnedMeshComp: Warning: GetSocketByName(GripPoint): No SkeletalMesh for Component(CharacterMesh1P) Actor(BP_MasterTrappersAlpha1Character_C_0)
[2019.04.01-20.26.48:951][879]LogSkinnedMeshComp: Warning: GetSocketByName(GripPoint): No SkeletalMesh for Component(CharacterMesh1P) Actor(BP_MasterTrappersAlpha1Character_C_0)
[2019.04.01-20.26.48:951][879]LogSkinnedMeshComp: Warning: GetSocketByName(GripPoint): No SkeletalMesh for Component(CharacterMesh1P) Actor(BP_MasterTrappersAlpha1Character_C_1)
[2019.04.01-20.26.48:953][879]LogSkinnedMeshComp: Warning: GetSocketByName(GripPoint): No SkeletalMesh for Component(CharacterMesh1P) Actor(BP_MasterTrappersAlpha1Character_C_0)
[2019.04.01-20.26.48:953][879]LogSkinnedMeshComp: Warning: GetSocketByName(GripPoint): No SkeletalMesh for Component(CharacterMesh1P) Actor(BP_MasterTrappersAlpha1Character_C_1)
[2019.04.01-20.26.48:954][879]LogSkinnedMeshComp: Warning: GetSocketByName(GripPoint): No SkeletalMesh for Component(CharacterMesh1P) Actor(BP_MasterTrappersAlpha1Character_C_0)
[2019.04.01-20.26.48:954][879]LogCharacterMovement: BP_MasterTrappersAlpha1Character_C_0 is stuck and failed to move! Velocity: X=-80.16 Y=-1.70 Z=0.00 Location: X=423.87 Y=-855.00 Z=118.15 Normal: X=0.76 Y=-0.44 Z=0.48 PenetrationDepth:22.435 Actor:BP_NinjaStarTactical_2 Component:Static Mesh Component BoneName:None (0 other events since notify)
[2019.04.01-20.26.48:954][879]LogSkinnedMeshComp: Warning: GetSocketByName(GripPoint): No SkeletalMesh for Component(CharacterMesh1P) Actor(BP_MasterTrappersAlpha1Character_C_0)
[2019.04.01-20.26.48:954][879]LogSkinnedMeshComp: Warning: GetSocketByName(GripPoint): No SkeletalMesh for Component(CharacterMesh1P) Actor(BP_MasterTrappersAlpha1Character_C_0)
[2019.04.01-20.26.48:955][879]LogNet: Warning: UNetDriver::ProcessRemoteFunction: No owning connection for actor BP_MasterTrappersAlpha1Character_C_1. Function Server_SetCursorLocation will not be processed.
[2019.04.01-20.26.48:956][879]LogSkinnedMeshComp: Warning: GetSocketByName(GripPoint): No SkeletalMesh for Component(CharacterMesh1P) Actor(BP_MasterTrappersAlpha1Character_C_0)
[2019.04.01-20.26.48:956][879]LogSkinnedMeshComp: Warning: GetSocketByName(GripPoint): No SkeletalMesh for Component(CharacterMesh1P) Actor(BP_MasterTrappersAlpha1Character_C_1)
[2019.04.01-20.26.48:957][879]LogNet: Warning: UNetDriver::ProcessRemoteFunction: No owning connection for actor BP_MasterTrappersAlpha1Character_C_1. Function Server_SetCursorLocation will not be processed.
[2019.04.01-20.26.49:028][880]LogSkinnedMeshComp: Warning: GetSocketByName(GripPoint): No SkeletalMesh for Component(CharacterMesh1P) Actor(BP_MasterTrappersAlpha1Character_C_0)
[2019.04.01-20.26.49:028][880]LogSkinnedMeshComp: Warning: GetSocketByName(GripPoint): No SkeletalMesh for Component(CharacterMesh1P) Actor(BP_MasterTrappersAlpha1Character_C_0)
[2019.04.01-20.26.49:030][880]LogSkinnedMeshComp: Warning: GetSocketByName(GripPoint): No SkeletalMesh for Component(CharacterMesh1P) Actor(BP_MasterTrappersAlpha1Character_C_0)
[2019.04.01-20.26.49:030][880]LogSkinnedMeshComp: Warning: GetSocketByName(GripPoint): No SkeletalMesh for Component(CharacterMesh1P) Actor(BP_MasterTrappersAlpha1Character_C_0)
[2019.04.01-20.26.49:031][880]LogSkinnedMeshComp: Warning: GetSocketByName(GripPoint): No SkeletalMesh for Component(CharacterMesh1P) Actor(BP_MasterTrappersAlpha1Character_C_0)
[2019.04.01-20.26.49:031][880]LogSkinnedMeshComp: Warning: GetSocketByName(GripPoint): No SkeletalMesh for Component(CharacterMesh1P) Actor(BP_MasterTrappersAlpha1Character_C_0)
[2019.04.01-20.26.49:032][880]LogNet: Warning: UNetDriver::ProcessRemoteFunction: No owning connection for actor BP_MasterTrappersAlpha1Character_C_1. Function Server_SetCursorLocation will not be processed.
[2019.04.01-20.26.49:032][880]LogSkinnedMeshComp: Warning: GetSocketByName(GripPoint): No SkeletalMesh for Component(CharacterMesh1P) Actor(BP_MasterTrappersAlpha1Character_C_1)
[2019.04.01-20.26.49:033][880]LogSkinnedMeshComp: Warning: GetSocketByName(GripPoint): No SkeletalMesh for Component(CharacterMesh1P) Actor(BP_MasterTrappersAlpha1Character_C_1)
[2019.04.01-20.26.49:034][880]LogNet: Warning: UNetDriver::ProcessRemoteFunction: No owning connection for actor BP_MasterTrappersAlpha1Character_C_1. Function Server_SetCursorLocation will not be processed.
[2019.04.01-20.26.49:103][881]LogSkinnedMeshComp: Warning: GetSocketByName(GripPoint): No SkeletalMesh for Component(CharacterMesh1P) Actor(BP_MasterTrappersAlpha1Character_C_0)
[2019.04.01-20.26.49:103][881]LogSkinnedMeshComp: Warning: GetSocketByName(GripPoint): No SkeletalMesh for Component(CharacterMesh1P) Actor(BP_MasterTrappersAlpha1Character_C_0)
[2019.04.01-20.26.49:105][881]LogSkinnedMeshComp: Warning: GetSocketByName(GripPoint): No SkeletalMesh for Component(CharacterMesh1P) Actor(BP_MasterTrappersAlpha1Character_C_0)
[2019.04.01-20.26.49:105][881]LogSkinnedMeshComp: Warning: GetSocketByName(GripPoint): No SkeletalMesh for Component(CharacterMesh1P) Actor(BP_MasterTrappersAlpha1Character_C_0)
[2019.04.01-20.26.49:106][881]LogSkinnedMeshComp: Warning: GetSocketByName(GripPoint): No SkeletalMesh for Component(CharacterMesh1P) Actor(BP_MasterTrappersAlpha1Character_C_0)
[2019.04.01-20.26.49:106][881]LogNet: Warning: UNetDriver::ProcessRemoteFunction: No owning connection for actor BP_MasterTrappersAlpha1Character_C_1. Function Server_SetCursorLocation will not be processed.
[2019.04.01-20.26.49:107][881]LogSkinnedMeshComp: Warning: GetSocketByName(GripPoint): No SkeletalMesh for Component(CharacterMesh1P) Actor(BP_MasterTrappersAlpha1Character_C_1)
[2019.04.01-20.26.49:108][881]LogNet: Warning: UNetDriver::ProcessRemoteFunction: No owning connection for actor BP_MasterTrappersAlpha1Character_C_1. Function Server_SetCursorLocation will not be processed.
[2019.04.01-20.26.49:178][882]LogSkinnedMeshComp: Warning: GetSocketByName(GripPoint): No SkeletalMesh for Component(CharacterMesh1P) Actor(BP_MasterTrappersAlpha1Character_C_0)
[2019.04.01-20.26.49:180][882]LogSkinnedMeshComp: Warning: GetSocketByName(GripPoint): No SkeletalMesh for Component(CharacterMesh1P) Actor(BP_MasterTrappersAlpha1Character_C_0)
[2019.04.01-20.26.49:180][882]LogSkinnedMeshComp: Warning: GetSocketByName(GripPoint): No SkeletalMesh for Component(CharacterMesh1P) Actor(BP_MasterTrappersAlpha1Character_C_0)
[2019.04.01-20.26.49:180][882]LogSkinnedMeshComp: Warning: GetSocketByName(GripPoint): No SkeletalMesh for Component(CharacterMesh1P) Actor(BP_MasterTrappersAlpha1Character_C_0)
[2019.04.01-20.26.49:181][882]LogNet: Warning: UNetDriver::ProcessRemoteFunction: No owning connection for actor BP_MasterTrappersAlpha1Character_C_1. Function Server_SetCursorLocation will not be processed.
[2019.04.01-20.26.49:182][882]LogSkinnedMeshComp: Warning: GetSocketByName(GripPoint): No SkeletalMesh for Component(CharacterMesh1P) Actor(BP_MasterTrappersAlpha1Character_C_1)
[2019.04.01-20.26.49:182][882]LogSkinnedMeshComp: Warning: GetSocketByName(GripPoint): No SkeletalMesh for Component(CharacterMesh1P) Actor(BP_MasterTrappersAlpha1Character_C_1)
[2019.04.01-20.26.49:183][882]LogNet: Warning: UNetDriver::ProcessRemoteFunction: No owning connection for actor BP_MasterTrappersAlpha1Character_C_1. Function Server_SetCursorLocation will not be processed.
[2019.04.01-20.26.49:254][883]LogSkinnedMeshComp: Warning: GetSocketByName(GripPoint): No SkeletalMesh for Component(CharacterMesh1P) Actor(BP_MasterTrappersAlpha1Character_C_0)
[2019.04.01-20.26.49:256][883]LogSkinnedMeshComp: Warning: GetSocketByName(GripPoint): No SkeletalMesh for Component(CharacterMesh1P) Actor(BP_MasterTrappersAlpha1Character_C_0)
[2019.04.01-20.26.49:256][883]LogSkinnedMeshComp: Warning: GetSocketByName(GripPoint): No SkeletalMesh for Component(CharacterMesh1P) Actor(BP_MasterTrappersAlpha1Character_C_0)
[2019.04.01-20.26.49:256][883]LogSkinnedMeshComp: Warning: GetSocketByName(GripPoint): No SkeletalMesh for Component(CharacterMesh1P) Actor(BP_MasterTrappersAlpha1Character_C_0)
[2019.04.01-20.26.49:257][883]LogSkinnedMeshComp: Warning: GetSocketByName(GripPoint): No SkeletalMesh for Component(CharacterMesh1P) Actor(BP_MasterTrappersAlpha1Character_C_0)
[2019.04.01-20.26.49:257][883]LogNet: Warning: UNetDriver::ProcessRemoteFunction: No owning connection for actor BP_MasterTrappersAlpha1Character_C_1. Function Server_SetCursorLocation will not be processed.
[2019.04.01-20.26.49:258][883]LogSkinnedMeshComp: Warning: GetSocketByName(GripPoint): No SkeletalMesh for Component(CharacterMesh1P) Actor(BP_MasterTrappersAlpha1Character_C_0)
[2019.04.01-20.26.49:258][883]LogSkinnedMeshComp: Warning: GetSocketByName(GripPoint): No SkeletalMesh for Component(CharacterMesh1P) Actor(BP_MasterTrappersAlpha1Character_C_1)
[2019.04.01-20.26.49:259][883]LogSkinnedMeshComp: Warning: GetSocketByName(GripPoint): No SkeletalMesh for Component(CharacterMesh1P) Actor(BP_MasterTrappersAlpha1Character_C_1)
[2019.04.01-20.26.49:259][883]LogNet: Warning: UNetDriver::ProcessRemoteFunction: No owning connection for actor BP_MasterTrappersAlpha1Character_C_1. Function Server_SetCursorLocation will not be processed.
[2019.04.01-20.26.49:330][884]LogSkinnedMeshComp: Warning: GetSocketByName(GripPoint): No SkeletalMesh for Component(CharacterMesh1P) Actor(BP_MasterTrappersAlpha1Character_C_0)
[2019.04.01-20.26.49:330][884]LogSkinnedMeshComp: Warning: GetSocketByName(GripPoint): No SkeletalMesh for Component(CharacterMesh1P) Actor(BP_MasterTrappersAlpha1Character_C_0)
[2019.04.01-20.26.49:332][884]LogSkinnedMeshComp: Warning: GetSocketByName(GripPoint): No SkeletalMesh for Component(CharacterMesh1P) Actor(BP_MasterTrappersAlpha1Character_C_0)
[2019.04.01-20.26.49:332][884]LogSkinnedMeshComp: Warning: GetSocketByName(GripPoint): No SkeletalMesh for Component(CharacterMesh1P) Actor(BP_MasterTrappersAlpha1Character_C_0)
[2019.04.01-20.26.49:332][884]LogSkinnedMeshComp: Warning: GetSocketByName(GripPoint): No SkeletalMesh for Component(CharacterMesh1P) Actor(BP_MasterTrappersAlpha1Character_C_0)
[2019.04.01-20.26.49:333][884]LogNet: Warning: UNetDriver::ProcessRemoteFunction: No owning connection for actor BP_MasterTrappersAlpha1Character_C_1. Function Server_SetCursorLocation will not be processed.
[2019.04.01-20.26.49:334][884]LogSkinnedMeshComp: Warning: GetSocketByName(GripPoint): No SkeletalMesh for Component(CharacterMesh1P) Actor(BP_MasterTrappersAlpha1Character_C_0)
[2019.04.01-20.26.49:334][884]LogSkinnedMeshComp: Warning: GetSocketByName(GripPoint): No SkeletalMesh for Component(CharacterMesh1P) Actor(BP_MasterTrappersAlpha1Character_C_1)
[2019.04.01-20.26.49:334][884]LogSkinnedMeshComp: Warning: GetSocketByName(GripPoint): No SkeletalMesh for Component(CharacterMesh1P) Actor(BP_MasterTrappersAlpha1Character_C_1)
[2019.04.01-20.26.49:335][884]LogNet: Warning: UNetDriver::ProcessRemoteFunction: No owning connection for actor BP_MasterTrappersAlpha1Character_C_1. Function Server_SetCursorLocation will not be processed.
[2019.04.01-20.26.49:406][885]LogSkinnedMeshComp: Warning: GetSocketByName(GripPoint): No SkeletalMesh for Component(CharacterMesh1P) Actor(BP_MasterTrappersAlpha1Character_C_0)
[2019.04.01-20.26.49:406][885]LogSkinnedMeshComp: Warning: GetSocketByName(GripPoint): No SkeletalMesh for Component(CharacterMesh1P) Actor(BP_MasterTrappersAlpha1Character_C_0)
[2019.04.01-20.26.49:408][885]LogSkinnedMeshComp: Warning: GetSocketByName(GripPoint): No SkeletalMesh for Component(CharacterMesh1P) Actor(BP_MasterTrappersAlpha1Character_C_0)
[2019.04.01-20.26.49:408][885]LogSkinnedMeshComp: Warning: GetSocketByName(GripPoint): No SkeletalMesh for Component(CharacterMesh1P) Actor(BP_MasterTrappersAlpha1Character_C_0)
[2019.04.01-20.26.49:409][885]LogSkinnedMeshComp: Warning: GetSocketByName(GripPoint): No SkeletalMesh for Component(CharacterMesh1P) Actor(BP_MasterTrappersAlpha1Character_C_0)
[2019.04.01-20.26.49:409][885]LogNet: Warning: UNetDriver::ProcessRemoteFunction: No owning connection for actor BP_MasterTrappersAlpha1Character_C_1. Function Server_SetCursorLocation will not be processed.
[2019.04.01-20.26.49:410][885]LogSkinnedMeshComp: Warning: GetSocketByName(GripPoint): No SkeletalMesh for Component(CharacterMesh1P) Actor(BP_MasterTrappersAlpha1Character_C_1)
[2019.04.01-20.26.49:411][885]LogNet: Warning: UNetDriver::ProcessRemoteFunction: No owning connection for actor BP_MasterTrappersAlpha1Character_C_1. Function Server_SetCursorLocation will not be processed.
[2019.04.01-20.26.49:484][886]LogSkinnedMeshComp: Warning: GetSocketByName(GripPoint): No SkeletalMesh for Component(CharacterMesh1P) Actor(BP_MasterTrappersAlpha1Character_C_0)
[2019.04.01-20.26.49:485][886]LogSkinnedMeshComp: Warning: GetSocketByName(GripPoint): No SkeletalMesh for Component(CharacterMesh1P) Actor(BP_MasterTrappersAlpha1Character_C_0)
[2019.04.01-20.26.49:486][886]LogSkinnedMeshComp: Warning: GetSocketByName(GripPoint): No SkeletalMesh for Component(CharacterMesh1P) Actor(BP_MasterTrappersAlpha1Character_C_0)
[2019.04.01-20.26.49:486][886]LogSkinnedMeshComp: Warning: GetSocketByName(GripPoint): No SkeletalMesh for Component(CharacterMesh1P) Actor(BP_MasterTrappersAlpha1Character_C_0)
[2019.04.01-20.26.49:487][886]LogSkinnedMeshComp: Warning: GetSocketByName(GripPoint): No SkeletalMesh for Component(CharacterMesh1P) Actor(BP_MasterTrappersAlpha1Character_C_0)
[2019.04.01-20.26.49:488][886]LogNet: Warning: UNetDriver::ProcessRemoteFunction: No owning connection for actor BP_MasterTrappersAlpha1Character_C_1. Function Server_SetCursorLocation will not be processed.
[2019.04.01-20.26.49:488][886]LogSkinnedMeshComp: Warning: GetSocketByName(GripPoint): No SkeletalMesh for Component(CharacterMesh1P) Actor(BP_MasterTrappersAlpha1Character_C_0)
[2019.04.01-20.26.49:489][886]LogSkinnedMeshComp: Warning: GetSocketByName(GripPoint): No SkeletalMesh for Component(CharacterMesh1P) Actor(BP_MasterTrappersAlpha1Character_C_1)
[2019.04.01-20.26.49:490][886]LogSkinnedMeshComp: Warning: GetSocketByName(GripPoint): No SkeletalMesh for Component(CharacterMesh1P) Actor(BP_MasterTrappersAlpha1Character_C_1)
[2019.04.01-20.26.49:490][886]LogSkinnedMeshComp: Warning: GetSocketByName(GripPoint): No SkeletalMesh for Component(CharacterMesh1P) Actor(BP_MasterTrappersAlpha1Character_C_1)
[2019.04.01-20.26.49:491][886]LogNet: Warning: UNetDriver::ProcessRemoteFunction: No owning connection for actor BP_MasterTrappersAlpha1Character_C_1. Function Server_SetCursorLocation will not be processed.
[2019.04.01-20.26.49:562][887]LogSkinnedMeshComp: Warning: GetSocketByName(GripPoint): No SkeletalMesh for Component(CharacterMesh1P) Actor(BP_MasterTrappersAlpha1Character_C_0)
[2019.04.01-20.26.49:562][887]LogSkinnedMeshComp: Warning: GetSocketByName(GripPoint): No SkeletalMesh for Component(CharacterMesh1P) Actor(BP_MasterTrappersAlpha1Character_C_0)
[2019.04.01-20.26.49:562][887]LogSkinnedMeshComp: Warning: GetSocketByName(GripPoint): No SkeletalMesh for Component(CharacterMesh1P) Actor(BP_MasterTrappersAlpha1Character_C_0)
[2019.04.01-20.26.49:564][887]LogSkinnedMeshComp: Warning: GetSocketByName(GripPoint): No SkeletalMesh for Component(CharacterMesh1P) Actor(BP_MasterTrappersAlpha1Character_C_0)
[2019.04.01-20.26.49:564][887]LogNetPlayerMovement: Warning: ClientAdjustPosition_Implementation could not resolve the new relative movement base actor, ignoring server correction!
[2019.04.01-20.26.49:565][887]LogSkinnedMeshComp: Warning: GetSocketByName(GripPoint): No SkeletalMesh for Component(CharacterMesh1P) Actor(BP_MasterTrappersAlpha1Character_C_0)
[2019.04.01-20.26.49:565][887]LogNet: Warning: UNetDriver::ProcessRemoteFunction: No owning connection for actor BP_MasterTrappersAlpha1Character_C_1. Function Server_SetCursorLocation will not be processed.
[2019.04.01-20.26.49:566][887]LogSkinnedMeshComp: Warning: GetSocketByName(GripPoint): No SkeletalMesh for Component(CharacterMesh1P) Actor(BP_MasterTrappersAlpha1Character_C_1)
[2019.04.01-20.26.49:567][887]LogSkinnedMeshComp: Warning: GetSocketByName(GripPoint): No SkeletalMesh for Component(CharacterMesh1P) Actor(BP_MasterTrappersAlpha1Character_C_1)
[2019.04.01-20.26.49:567][887]LogNet: Warning: UNetDriver::ProcessRemoteFunction: No owning connection for actor BP_MasterTrappersAlpha1Character_C_1. Function Server_SetCursorLocation will not be processed.
[2019.04.01-20.26.49:636][888]LogSkinnedMeshComp: Warning: GetSocketByName(GripPoint): No SkeletalMesh for Component(CharacterMesh1P) Actor(BP_MasterTrappersAlpha1Character_C_0)
[2019.04.01-20.26.49:638][888]LogSkinnedMeshComp: Warning: GetSocketByName(GripPoint): No SkeletalMesh for Component(CharacterMesh1P) Actor(BP_MasterTrappersAlpha1Character_C_0)
[2019.04.01-20.26.49:638][888]LogSkinnedMeshComp: Warning: GetSocketByName(GripPoint): No SkeletalMesh for Component(CharacterMesh1P) Actor(BP_MasterTrappersAlpha1Character_C_0)
[2019.04.01-20.26.49:639][888]LogNet: Warning: UNetDriver::ProcessRemoteFunction: No owning connection for actor BP_MasterTrappersAlpha1Character_C_1. Function Server_SetCursorLocation will not be processed.
[2019.04.01-20.26.49:640][888]LogSkinnedMeshComp: Warning: GetSocketByName(GripPoint): No SkeletalMesh for Component(CharacterMesh1P) Actor(BP_MasterTrappersAlpha1Character_C_1)
[2019.04.01-20.26.49:641][888]LogNet: Warning: UNetDriver::ProcessRemoteFunction: No owning connection for actor BP_MasterTrappersAlpha1Character_C_1. Function Server_SetCursorLocation will not be processed.
[2019.04.01-20.26.49:713][889]LogSkinnedMeshComp: Warning: GetSocketByName(GripPoint): No SkeletalMesh for Component(CharacterMesh1P) Actor(BP_MasterTrappersAlpha1Character_C_0)
[2019.04.01-20.26.49:715][889]LogSkinnedMeshComp: Warning: GetSocketByName(GripPoint): No SkeletalMesh for Component(CharacterMesh1P) Actor(BP_MasterTrappersAlpha1Character_C_0)
[2019.04.01-20.26.49:716][889]LogNet: Warning: UNetDriver::ProcessRemoteFunction: No owning connection for actor BP_MasterTrappersAlpha1Character_C_1. Function Server_SetCursorLocation will not be processed.
[2019.04.01-20.26.49:716][889]LogSkinnedMeshComp: Warning: GetSocketByName(GripPoint): No SkeletalMesh for Component(CharacterMesh1P) Actor(BP_MasterTrappersAlpha1Character_C_1)
[2019.04.01-20.26.49:717][889]LogSkinnedMeshComp: Warning: GetSocketByName(GripPoint): No SkeletalMesh for Component(CharacterMesh1P) Actor(BP_MasterTrappersAlpha1Character_C_1)
[2019.04.01-20.26.49:717][889]LogNet: Warning: UNetDriver::ProcessRemoteFunction: No owning connection for actor BP_MasterTrappersAlpha1Character_C_1. Function Server_SetCursorLocation will not be processed.
[2019.04.01-20.26.49:787][890]LogSkinnedMeshComp: Warning: GetSocketByName(GripPoint): No SkeletalMesh for Component(CharacterMesh1P) Actor(BP_MasterTrappersAlpha1Character_C_0)
[2019.04.01-20.26.49:789][890]LogSkinnedMeshComp: Warning: GetSocketByName(GripPoint): No SkeletalMesh for Component(CharacterMesh1P) Actor(BP_MasterTrappersAlpha1Character_C_0)
[2019.04.01-20.26.49:789][890]LogNet: Warning: UNetDriver::ProcessRemoteFunction: No owning connection for actor BP_MasterTrappersAlpha1Character_C_1. Function Server_SetCursorLocation will not be processed.
[2019.04.01-20.26.49:790][890]LogSkinnedMeshComp: Warning: GetSocketByName(GripPoint): No SkeletalMesh for Component(CharacterMesh1P) Actor(BP_MasterTrappersAlpha1Character_C_1)
[2019.04.01-20.26.49:791][890]LogNet: Warning: UNetDriver::ProcessRemoteFunction: No owning connection for actor BP_MasterTrappersAlpha1Character_C_1. Function Server_SetCursorLocation will not be processed.
[2019.04.01-20.26.49:863][891]LogSkinnedMeshComp: Warning: GetSocketByName(GripPoint): No SkeletalMesh for Component(CharacterMesh1P) Actor(BP_MasterTrappersAlpha1Character_C_0)
[2019.04.01-20.26.49:867][891]LogSkinnedMeshComp: Warning: GetSocketByName(GripPoint): No SkeletalMesh for Component(CharacterMesh1P) Actor(BP_MasterTrappersAlpha1Character_C_0)
[2019.04.01-20.26.49:868][891]LogNet: Warning: UNetDriver::ProcessRemoteFunction: No owning connection for actor BP_MasterTrappersAlpha1Character_C_1. Function Server_SetCursorLocation will not be processed.
[2019.04.01-20.26.49:869][891]LogSkinnedMeshComp: Warning: GetSocketByName(GripPoint): No SkeletalMesh for Component(CharacterMesh1P) Actor(BP_MasterTrappersAlpha1Character_C_1)
[2019.04.01-20.26.49:870][891]LogSkinnedMeshComp: Warning: GetSocketByName(GripPoint): No SkeletalMesh for Component(CharacterMesh1P) Actor(BP_MasterTrappersAlpha1Character_C_1)
[2019.04.01-20.26.49:872][891]LogNet: Warning: UNetDriver::ProcessRemoteFunction: No owning connection for actor BP_MasterTrappersAlpha1Character_C_1. Function Server_SetCursorLocation will not be processed.
[2019.04.01-20.26.49:954][892]LogSkinnedMeshComp: Warning: GetSocketByName(GripPoint): No SkeletalMesh for Component(CharacterMesh1P) Actor(BP_MasterTrappersAlpha1Character_C_0)
[2019.04.01-20.26.49:956][892]LogSkinnedMeshComp: Warning: GetSocketByName(GripPoint): No SkeletalMesh for Component(CharacterMesh1P) Actor(BP_MasterTrappersAlpha1Character_C_0)
[2019.04.01-20.26.49:957][892]LogNet: Warning: UNetDriver::ProcessRemoteFunction: No owning connection for actor BP_MasterTrappersAlpha1Character_C_1. Function Server_SetCursorLocation will not be processed.
[2019.04.01-20.26.49:958][892]LogSkinnedMeshComp: Warning: GetSocketByName(GripPoint): No SkeletalMesh for Component(CharacterMesh1P) Actor(BP_MasterTrappersAlpha1Character_C_1)
[2019.04.01-20.26.49:958][892]LogSkinnedMeshComp: Warning: GetSocketByName(GripPoint): No SkeletalMesh for Component(CharacterMesh1P) Actor(BP_MasterTrappersAlpha1Character_C_1)
[2019.04.01-20.26.49:959][892]LogNet: Warning: UNetDriver::ProcessRemoteFunction: No owning connection for actor BP_MasterTrappersAlpha1Character_C_1. Function Server_SetCursorLocation will not be processed.
[2019.04.01-20.26.50:031][893]LogSkinnedMeshComp: Warning: GetSocketByName(GripPoint): No SkeletalMesh for Component(CharacterMesh1P) Actor(BP_MasterTrappersAlpha1Character_C_0)
[2019.04.01-20.26.50:034][893]LogNet: Warning: UNetDriver::ProcessRemoteFunction: No owning connection for actor BP_MasterTrappersAlpha1Character_C_1. Function Server_SetCursorLocation will not be processed.
[2019.04.01-20.26.50:036][893]LogSkinnedMeshComp: Warning: GetSocketByName(GripPoint): No SkeletalMesh for Component(CharacterMesh1P) Actor(BP_MasterTrappersAlpha1Character_C_1)
[2019.04.01-20.26.50:036][893]LogNet: Warning: UNetDriver::ProcessRemoteFunction: No owning connection for actor BP_MasterTrappersAlpha1Character_C_1. Function Server_SetCursorLocation will not be processed.
[2019.04.01-20.26.50:112][894]LogSkinnedMeshComp: Warning: GetSocketByName(GripPoint): No SkeletalMesh for Component(CharacterMesh1P) Actor(BP_MasterTrappersAlpha1Character_C_0)
[2019.04.01-20.26.50:113][894]LogNet: Warning: UNetDriver::ProcessRemoteFunction: No owning connection for actor BP_MasterTrappersAlpha1Character_C_1. Function Server_SetCursorLocation will not be processed.
[2019.04.01-20.26.50:114][894]LogSkinnedMeshComp: Warning: GetSocketByName(GripPoint): No SkeletalMesh for Component(CharacterMesh1P) Actor(BP_MasterTrappersAlpha1Character_C_1)
[2019.04.01-20.26.50:115][894]LogNet: Warning: UNetDriver::ProcessRemoteFunction: No owning connection for actor BP_MasterTrappersAlpha1Character_C_1. Function Server_SetCursorLocation will not be processed.
[2019.04.01-20.26.50:191][895]LogSkinnedMeshComp: Warning: GetSocketByName(GripPoint): No SkeletalMesh for Component(CharacterMesh1P) Actor(BP_MasterTrappersAlpha1Character_C_0)
[2019.04.01-20.26.50:193][895]LogSkinnedMeshComp: Warning: GetSocketByName(GripPoint): No SkeletalMesh for Component(CharacterMesh1P) Actor(BP_MasterTrappersAlpha1Character_C_0)
[2019.04.01-20.26.50:194][895]LogNet: Warning: UNetDriver::ProcessRemoteFunction: No owning connection for actor BP_MasterTrappersAlpha1Character_C_1. Function Server_SetCursorLocation will not be processed.
[2019.04.01-20.26.50:195][895]LogSkinnedMeshComp: Warning: GetSocketByName(GripPoint): No SkeletalMesh for Component(CharacterMesh1P) Actor(BP_MasterTrappersAlpha1Character_C_1)
[2019.04.01-20.26.50:195][895]LogSkinnedMeshComp: Warning: GetSocketByName(GripPoint): No SkeletalMesh for Component(CharacterMesh1P) Actor(BP_MasterTrappersAlpha1Character_C_1)
[2019.04.01-20.26.50:196][895]LogNet: Warning: UNetDriver::ProcessRemoteFunction: No owning connection for actor BP_MasterTrappersAlpha1Character_C_1. Function Server_SetCursorLocation will not be processed.
[2019.04.01-20.26.50:271][896]LogSkinnedMeshComp: Warning: GetSocketByName(GripPoint): No SkeletalMesh for Component(CharacterMesh1P) Actor(BP_MasterTrappersAlpha1Character_C_0)
[2019.04.01-20.26.50:273][896]LogSkinnedMeshComp: Warning: GetSocketByName(GripPoint): No SkeletalMesh for Component(CharacterMesh1P) Actor(BP_MasterTrappersAlpha1Character_C_0)
[2019.04.01-20.26.50:273][896]LogNet: Warning: UNetDriver::ProcessRemoteFunction: No owning connection for actor BP_MasterTrappersAlpha1Character_C_1. Function Server_SetCursorLocation will not be processed.
[2019.04.01-20.26.50:274][896]LogSkinnedMeshComp: Warning: GetSocketByName(GripPoint): No SkeletalMesh for Component(CharacterMesh1P) Actor(BP_MasterTrappersAlpha1Character_C_1)
[2019.04.01-20.26.50:274][896]LogSkinnedMeshComp: Warning: GetSocketByName(GripPoint): No SkeletalMesh for Component(CharacterMesh1P) Actor(BP_MasterTrappersAlpha1Character_C_1)
[2019.04.01-20.26.50:275][896]LogNet: Warning: UNetDriver::ProcessRemoteFunction: No owning connection for actor BP_MasterTrappersAlpha1Character_C_1. Function Server_SetCursorLocation will not be processed.
[2019.04.01-20.26.50:348][897]LogSkinnedMeshComp: Warning: GetSocketByName(GripPoint): No SkeletalMesh for Component(CharacterMesh1P) Actor(BP_MasterTrappersAlpha1Character_C_0)
[2019.04.01-20.26.50:351][897]LogSkinnedMeshComp: Warning: GetSocketByName(GripPoint): No SkeletalMesh for Component(CharacterMesh1P) Actor(BP_MasterTrappersAlpha1Character_C_0)
[2019.04.01-20.26.50:352][897]LogSkinnedMeshComp: Warning: GetSocketByName(GripPoint): No SkeletalMesh for Component(CharacterMesh1P) Actor(BP_MasterTrappersAlpha1Character_C_0)
[2019.04.01-20.26.50:353][897]LogNet: Warning: UNetDriver::ProcessRemoteFunction: No owning connection for actor BP_MasterTrappersAlpha1Character_C_1. Function Server_SetCursorLocation will not be processed.
[2019.04.01-20.26.50:354][897]LogSkinnedMeshComp: Warning: GetSocketByName(GripPoint): No SkeletalMesh for Component(CharacterMesh1P) Actor(BP_MasterTrappersAlpha1Character_C_0)
[2019.04.01-20.26.50:354][897]LogSkinnedMeshComp: Warning: GetSocketByName(GripPoint): No SkeletalMesh for Component(CharacterMesh1P) Actor(BP_MasterTrappersAlpha1Character_C_1)
[2019.04.01-20.26.50:355][897]LogSkinnedMeshComp: Warning: GetSocketByName(GripPoint): No SkeletalMesh for Component(CharacterMesh1P) Actor(BP_MasterTrappersAlpha1Character_C_1)
[2019.04.01-20.26.50:356][897]LogNet: Warning: UNetDriver::ProcessRemoteFunction: No owning connection for actor BP_MasterTrappersAlpha1Character_C_1. Function Server_SetCursorLocation will not be processed.
[2019.04.01-20.26.50:431][898]LogSkinnedMeshComp: Warning: GetSocketByName(GripPoint): No SkeletalMesh for Component(CharacterMesh1P) Actor(BP_MasterTrappersAlpha1Character_C_0)
[2019.04.01-20.26.50:432][898]LogSkinnedMeshComp: Warning: GetSocketByName(GripPoint): No SkeletalMesh for Component(CharacterMesh1P) Actor(BP_MasterTrappersAlpha1Character_C_0)
[2019.04.01-20.26.50:434][898]LogSkinnedMeshComp: Warning: GetSocketByName(GripPoint): No SkeletalMesh for Component(CharacterMesh1P) Actor(BP_MasterTrappersAlpha1Character_C_0)
[2019.04.01-20.26.50:434][898]LogNet: Warning: UNetDriver::ProcessRemoteFunction: No owning connection for actor BP_MasterTrappersAlpha1Character_C_1. Function Server_SetCursorLocation will not be processed.
[2019.04.01-20.26.50:435][898]LogSkinnedMeshComp: Warning: GetSocketByName(GripPoint): No SkeletalMesh for Component(CharacterMesh1P) Actor(BP_MasterTrappersAlpha1Character_C_1)
[2019.04.01-20.26.50:436][898]LogSkinnedMeshComp: Warning: GetSocketByName(GripPoint): No SkeletalMesh for Component(CharacterMesh1P) Actor(BP_MasterTrappersAlpha1Character_C_1)
[2019.04.01-20.26.50:437][898]LogNet: Warning: UNetDriver::ProcessRemoteFunction: No owning connection for actor BP_MasterTrappersAlpha1Character_C_1. Function Server_SetCursorLocation will not be processed.
[2019.04.01-20.26.50:509][899]LogSkinnedMeshComp: Warning: GetSocketByName(GripPoint): No SkeletalMesh for Component(CharacterMesh1P) Actor(BP_MasterTrappersAlpha1Character_C_0)
[2019.04.01-20.26.50:511][899]LogSkinnedMeshComp: Warning: GetSocketByName(GripPoint): No SkeletalMesh for Component(CharacterMesh1P) Actor(BP_MasterTrappersAlpha1Character_C_0)
[2019.04.01-20.26.50:512][899]LogNet: Warning: UNetDriver::ProcessRemoteFunction: No owning connection for actor BP_MasterTrappersAlpha1Character_C_1. Function Server_SetCursorLocation will not be processed.
[2019.04.01-20.26.50:513][899]LogSkinnedMeshComp: Warning: GetSocketByName(GripPoint): No SkeletalMesh for Component(CharacterMesh1P) Actor(BP_MasterTrappersAlpha1Character_C_1)
[2019.04.01-20.26.50:513][899]LogSkinnedMeshComp: Warning: GetSocketByName(GripPoint): No SkeletalMesh for Component(CharacterMesh1P) Actor(BP_MasterTrappersAlpha1Character_C_1)
[2019.04.01-20.26.50:513][899]LogNet: Warning: UNetDriver::ProcessRemoteFunction: No owning connection for actor BP_MasterTrappersAlpha1Character_C_1. Function Server_SetCursorLocation will not be processed.
[2019.04.01-20.26.50:585][900]LogSkinnedMeshComp: Warning: GetSocketByName(GripPoint): No SkeletalMesh for Component(CharacterMesh1P) Actor(BP_MasterTrappersAlpha1Character_C_0)
[2019.04.01-20.26.50:587][900]LogSkinnedMeshComp: Warning: GetSocketByName(GripPoint): No SkeletalMesh for Component(CharacterMesh1P) Actor(BP_MasterTrappersAlpha1Character_C_0)
[2019.04.01-20.26.50:588][900]LogNet: Warning: UNetDriver::ProcessRemoteFunction: No owning connection for actor BP_MasterTrappersAlpha1Character_C_1. Function Server_SetCursorLocation will not be processed.
[2019.04.01-20.26.50:588][900]LogSkinnedMeshComp: Warning: GetSocketByName(GripPoint): No SkeletalMesh for Component(CharacterMesh1P) Actor(BP_MasterTrappersAlpha1Character_C_1)
[2019.04.01-20.26.50:589][900]LogSkinnedMeshComp: Warning: GetSocketByName(GripPoint): No SkeletalMesh for Component(CharacterMesh1P) Actor(BP_MasterTrappersAlpha1Character_C_1)
[2019.04.01-20.26.50:589][900]LogNet: Warning: UNetDriver::ProcessRemoteFunction: No owning connection for actor BP_MasterTrappersAlpha1Character_C_1. Function Server_SetCursorLocation will not be processed.
[2019.04.01-20.26.50:664][901]LogSkinnedMeshComp: Warning: GetSocketByName(GripPoint): No SkeletalMesh for Component(CharacterMesh1P) Actor(BP_MasterTrappersAlpha1Character_C_0)
[2019.04.01-20.26.50:666][901]LogSkinnedMeshComp: Warning: GetSocketByName(GripPoint): No SkeletalMesh for Component(CharacterMesh1P) Actor(BP_MasterTrappersAlpha1Character_C_0)
[2019.04.01-20.26.50:667][901]LogNet: Warning: UNetDriver::ProcessRemoteFunction: No owning connection for actor BP_MasterTrappersAlpha1Character_C_1. Function Server_SetCursorLocation will not be processed.
[2019.04.01-20.26.50:668][901]LogSkinnedMeshComp: Warning: GetSocketByName(GripPoint): No SkeletalMesh for Component(CharacterMesh1P) Actor(BP_MasterTrappersAlpha1Character_C_1)
[2019.04.01-20.26.50:668][901]LogSkinnedMeshComp: Warning: GetSocketByName(GripPoint): No SkeletalMesh for Component(CharacterMesh1P) Actor(BP_MasterTrappersAlpha1Character_C_1)
[2019.04.01-20.26.50:669][901]LogNet: Warning: UNetDriver::ProcessRemoteFunction: No owning connection for actor BP_MasterTrappersAlpha1Character_C_1. Function Server_SetCursorLocation will not be processed.
[2019.04.01-20.26.50:743][902]LogSkinnedMeshComp: Warning: GetSocketByName(GripPoint): No SkeletalMesh for Component(CharacterMesh1P) Actor(BP_MasterTrappersAlpha1Character_C_0)
[2019.04.01-20.26.50:744][902]LogSkinnedMeshComp: Warning: GetSocketByName(GripPoint): No SkeletalMesh for Component(CharacterMesh1P) Actor(BP_MasterTrappersAlpha1Character_C_0)
[2019.04.01-20.26.50:745][902]LogNet: Warning: UNetDriver::ProcessRemoteFunction: No owning connection for actor BP_MasterTrappersAlpha1Character_C_1. Function Server_SetCursorLocation will not be processed.
[2019.04.01-20.26.50:746][902]LogSkinnedMeshComp: Warning: GetSocketByName(GripPoint): No SkeletalMesh for Component(CharacterMesh1P) Actor(BP_MasterTrappersAlpha1Character_C_1)
[2019.04.01-20.26.50:746][902]LogSkinnedMeshComp: Warning: GetSocketByName(GripPoint): No SkeletalMesh for Component(CharacterMesh1P) Actor(BP_MasterTrappersAlpha1Character_C_1)
[2019.04.01-20.26.50:747][902]LogNet: Warning: UNetDriver::ProcessRemoteFunction: No owning connection for actor BP_MasterTrappersAlpha1Character_C_1. Function Server_SetCursorLocation will not be processed.
[2019.04.01-20.26.50:818][903]LogSkinnedMeshComp: Warning: GetSocketByName(GripPoint): No SkeletalMesh for Component(CharacterMesh1P) Actor(BP_MasterTrappersAlpha1Character_C_0)
[2019.04.01-20.26.50:820][903]LogSkinnedMeshComp: Warning: GetSocketByName(GripPoint): No SkeletalMesh for Component(CharacterMesh1P) Actor(BP_MasterTrappersAlpha1Character_C_0)
[2019.04.01-20.26.50:821][903]LogNet: Warning: UNetDriver::ProcessRemoteFunction: No owning connection for actor BP_MasterTrappersAlpha1Character_C_1. Function Server_SetCursorLocation will not be processed.
[2019.04.01-20.26.50:822][903]LogSkinnedMeshComp: Warning: GetSocketByName(GripPoint): No SkeletalMesh for Component(CharacterMesh1P) Actor(BP_MasterTrappersAlpha1Character_C_1)
[2019.04.01-20.26.50:822][903]LogSkinnedMeshComp: Warning: GetSocketByName(GripPoint): No SkeletalMesh for Component(CharacterMesh1P) Actor(BP_MasterTrappersAlpha1Character_C_1)
[2019.04.01-20.26.50:823][903]LogNet: Warning: UNetDriver::ProcessRemoteFunction: No owning connection for actor BP_MasterTrappersAlpha1Character_C_1. Function Server_SetCursorLocation will not be processed.
[2019.04.01-20.26.50:894][904]LogSkinnedMeshComp: Warning: GetSocketByName(GripPoint): No SkeletalMesh for Component(CharacterMesh1P) Actor(BP_MasterTrappersAlpha1Character_C_0)
[2019.04.01-20.26.50:895][904]LogSkinnedMeshComp: Warning: GetSocketByName(GripPoint): No SkeletalMesh for Component(CharacterMesh1P) Actor(BP_MasterTrappersAlpha1Character_C_0)
[2019.04.01-20.26.50:896][904]LogNet: Warning: UNetDriver::ProcessRemoteFunction: No owning connection for actor BP_MasterTrappersAlpha1Character_C_1. Function Server_SetCursorLocation will not be processed.
[2019.04.01-20.26.50:897][904]LogSkinnedMeshComp: Warning: GetSocketByName(GripPoint): No SkeletalMesh for Component(CharacterMesh1P) Actor(BP_MasterTrappersAlpha1Character_C_1)
[2019.04.01-20.26.50:897][904]LogSkinnedMeshComp: Warning: GetSocketByName(GripPoint): No SkeletalMesh for Component(CharacterMesh1P) Actor(BP_MasterTrappersAlpha1Character_C_1)
[2019.04.01-20.26.50:898][904]LogNet: Warning: UNetDriver::ProcessRemoteFunction: No owning connection for actor BP_MasterTrappersAlpha1Character_C_1. Function Server_SetCursorLocation will not be processed.
[2019.04.01-20.26.50:968][905]LogSkinnedMeshComp: Warning: GetSocketByName(GripPoint): No SkeletalMesh for Component(CharacterMesh1P) Actor(BP_MasterTrappersAlpha1Character_C_0)
[2019.04.01-20.26.50:970][905]LogSkinnedMeshComp: Warning: GetSocketByName(GripPoint): No SkeletalMesh for Component(CharacterMesh1P) Actor(BP_MasterTrappersAlpha1Character_C_0)
[2019.04.01-20.26.50:971][905]LogNet: Warning: UNetDriver::ProcessRemoteFunction: No owning connection for actor BP_MasterTrappersAlpha1Character_C_1. Function Server_SetCursorLocation will not be processed.
[2019.04.01-20.26.50:971][905]LogSkinnedMeshComp: Warning: GetSocketByName(GripPoint): No SkeletalMesh for Component(CharacterMesh1P) Actor(BP_MasterTrappersAlpha1Character_C_1)
[2019.04.01-20.26.50:972][905]LogSkinnedMeshComp: Warning: GetSocketByName(GripPoint): No SkeletalMesh for Component(CharacterMesh1P) Actor(BP_MasterTrappersAlpha1Character_C_1)
[2019.04.01-20.26.50:972][905]LogNet: Warning: UNetDriver::ProcessRemoteFunction: No owning connection for actor BP_MasterTrappersAlpha1Character_C_1. Function Server_SetCursorLocation will not be processed.
[2019.04.01-20.26.51:043][906]LogSkinnedMeshComp: Warning: GetSocketByName(GripPoint): No SkeletalMesh for Component(CharacterMesh1P) Actor(BP_MasterTrappersAlpha1Character_C_0)
[2019.04.01-20.26.51:045][906]LogSkinnedMeshComp: Warning: GetSocketByName(GripPoint): No SkeletalMesh for Component(CharacterMesh1P) Actor(BP_MasterTrappersAlpha1Character_C_0)
[2019.04.01-20.26.51:046][906]LogNet: Warning: UNetDriver::ProcessRemoteFunction: No owning connection for actor BP_MasterTrappersAlpha1Character_C_1. Function Server_SetCursorLocation will not be processed.
[2019.04.01-20.26.51:046][906]LogSkinnedMeshComp: Warning: GetSocketByName(GripPoint): No SkeletalMesh for Component(CharacterMesh1P) Actor(BP_MasterTrappersAlpha1Character_C_1)
[2019.04.01-20.26.51:046][906]LogSkinnedMeshComp: Warning: GetSocketByName(GripPoint): No SkeletalMesh for Component(CharacterMesh1P) Actor(BP_MasterTrappersAlpha1Character_C_1)
[2019.04.01-20.26.51:047][906]LogNet: Warning: UNetDriver::ProcessRemoteFunction: No owning connection for actor BP_MasterTrappersAlpha1Character_C_1. Function Server_SetCursorLocation will not be processed.
