Log file open, 04/25/20 14:33:06
LogWindows: Failed to load 'aqProf.dll' (GetLastError=126)
LogWindows: File 'aqProf.dll' does not exist
LogWindows: Failed to load 'VSPerf140.dll' (GetLastError=126)
LogWindows: File 'VSPerf140.dll' does not exist
LogWindows: Failed to load 'VtuneApi.dll' (GetLastError=126)
LogWindows: File 'VtuneApi.dll' does not exist
LogWindows: Failed to load 'VtuneApi32e.dll' (GetLastError=126)
LogWindows: File 'VtuneApi32e.dll' does not exist
LogInit: Display: Running engine for game: MasterTrappersAlpha1
LogPlatformFile: Not using cached read wrapper
LogTaskGraph: Started task graph with 5 named threads and 20 total threads with 3 sets of task threads.
LogStats: Stats thread started at 0.232417
LogD3D11RHI: Loaded GFSDK_Aftermath_Lib.x64.dll
LogICUInternationalization: Display: ICU TimeZone Detection - Raw Offset: -5:00, Platform Override: ''
LogPluginManager: Mounting plugin Paper2D
LogPluginManager: Mounting plugin AISupport
LogPluginManager: Mounting plugin LightPropagationVolume
LogPluginManager: Mounting plugin CLionSourceCodeAccess
LogPluginManager: Mounting plugin CodeLiteSourceCodeAccess
LogPluginManager: Mounting plugin GitSourceControl
LogPluginManager: Mounting plugin KDevelopSourceCodeAccess
LogPluginManager: Mounting plugin NullSourceCodeAccess
LogPluginManager: Mounting plugin PerforceSourceControl
LogPluginManager: Mounting plugin SubversionSourceControl
LogPluginManager: Mounting plugin UObjectPlugin
LogPluginManager: Mounting plugin VisualStudioCodeSourceCodeAccess
LogPluginManager: Mounting plugin VisualStudioSourceCodeAccess
LogPluginManager: Mounting plugin XCodeSourceCodeAccess
LogPluginManager: Mounting plugin AssetManagerEditor
LogPluginManager: Mounting plugin CryptoKeys
LogPluginManager: Mounting plugin DataValidation
LogPluginManager: Mounting plugin FacialAnimation
LogPluginManager: Mounting plugin GameplayTagsEditor
LogPluginManager: Mounting plugin MacGraphicsSwitching
LogPluginManager: Mounting plugin MeshEditor
LogPluginManager: Mounting plugin MobileLauncherProfileWizard
LogPluginManager: Mounting plugin PluginBrowser
LogPluginManager: Mounting plugin SpeedTreeImporter
LogPluginManager: Mounting plugin DatasmithContent
LogPluginManager: Mounting plugin AlembicImporter
LogPluginManager: Mounting plugin AppleImageUtils
LogPluginManager: Mounting plugin AppleVision
LogPluginManager: Mounting plugin BackChannel
LogPluginManager: Mounting plugin CharacterAI
LogPluginManager: Mounting plugin GeometryCache
LogPluginManager: Mounting plugin HTML5Networking
LogPluginManager: Mounting plugin ProxyLODPlugin
LogPluginManager: Mounting plugin MagicLeap
LogPluginManager: Mounting plugin MagicLeapEmulator
LogPluginManager: Mounting plugin MagicLeapMedia
LogPluginManager: Mounting plugin AndroidMedia
LogPluginManager: Mounting plugin AvfMedia
LogPluginManager: Mounting plugin ImgMedia
LogPluginManager: Mounting plugin LinearTimecode
LogPluginManager: Mounting plugin MediaCompositing
LogPluginManager: Mounting plugin MediaPlayerEditor
LogPluginManager: Mounting plugin WmfMedia
LogPluginManager: Mounting plugin TcpMessaging
LogPluginManager: Mounting plugin UdpMessaging
LogPluginManager: Mounting plugin ActorSequence
LogPluginManager: Mounting plugin LevelSequenceEditor
LogPluginManager: Mounting plugin MatineeToLevelSequence
LogPluginManager: Mounting plugin NetcodeUnitTest
LogPluginManager: Mounting plugin NUTUnrealEngine4
LogPluginManager: Mounting plugin OnlineSubsystemGooglePlay
LogPluginManager: Mounting plugin OnlineSubsystemIOS
LogPluginManager: Mounting plugin OnlineSubsystem
LogPluginManager: Mounting plugin OnlineSubsystemNull
LogPluginManager: Mounting plugin OnlineSubsystemUtils
LogPluginManager: Mounting plugin LauncherChunkInstaller
LogPluginManager: Mounting plugin AndroidDeviceProfileSelector
LogPluginManager: Mounting plugin AndroidMoviePlayer
LogPluginManager: Mounting plugin AndroidPermission
LogPluginManager: Mounting plugin ApexDestruction
LogPluginManager: Mounting plugin AppleMoviePlayer
LogPluginManager: Mounting plugin ArchVisCharacter
LogPluginManager: Mounting plugin AudioCapture
LogPluginManager: Mounting plugin CableComponent
LogPluginManager: Mounting plugin CustomMeshComponent
LogPluginManager: Mounting plugin EditableMesh
LogPluginManager: Mounting plugin ExampleDeviceProfileSelector
LogPluginManager: Mounting plugin GoogleCloudMessaging
LogPluginManager: Mounting plugin ImmediatePhysics
LogPluginManager: Mounting plugin IOSDeviceProfileSelector
LogPluginManager: Mounting plugin LinuxDeviceProfileSelector
LogPluginManager: Mounting plugin LocationServicesBPLibrary
LogPluginManager: Mounting plugin MobilePatchingUtils
LogPluginManager: Mounting plugin OculusVR
LogPluginManager: Plugin shader directory ../../../Engine/Plugins/Runtime/Oculus/OculusVR/Shaders found
LogPluginManager: Mapping shader source directory ../../../Engine/Plugins/Runtime/Oculus/OculusVR/Shaders to virtual directory /Plugin/OculusVR
LogPluginManager: Mounting plugin PhysXVehicles
LogPluginManager: Mounting plugin ProceduralMeshComponent
LogPluginManager: Mounting plugin RuntimePhysXCooking
LogPluginManager: Mounting plugin SteamVR
LogPluginManager: Mounting plugin WindowsMoviePlayer
LogPluginManager: Mounting plugin GameFrwkSessionsPlugin
LogStreaming: Display: Took  0.111s to configure plugins.
LogInit: Using libcurl 7.55.1-DEV
LogInit:  - built for x86_64-pc-win32
LogInit:  - supports SSL with OpenSSL/1.0.2h
LogInit:  - supports HTTP deflate (compression) using libz 1.2.8
LogInit:  - other features:
LogInit:      CURL_VERSION_SSL
LogInit:      CURL_VERSION_LIBZ
LogInit:      CURL_VERSION_IPV6
LogInit:      CURL_VERSION_ASYNCHDNS
LogInit:      CURL_VERSION_LARGEFILE
LogInit:      CURL_VERSION_IDN
LogInit:  CurlRequestOptions (configurable via config and command line):
LogInit:  - bVerifyPeer = false  - Libcurl will NOT verify peer certificate
LogInit:  - bUseHttpProxy = false  - Libcurl will NOT use HTTP proxy
LogInit:  - bDontReuseConnections = false  - Libcurl will reuse connections
LogInit:  - CertBundlePath = nullptr  - Libcurl will use whatever was configured at build time.
LogInit:  - MaxHostConnections = 16  - Libcurl will limit the number of connections to a host
LogInit:  - LocalHostAddr = Default
LogInit:  - BufferSize = 65536
LogInit: WinSock: version 1.1 (2.2), MaxSocks=32767, MaxUdp=65467
LogInit: Build: ++UE4+Release-4.20-CL-4369336
LogInit: Engine Version: 4.20.3-4369336+++UE4+Release-4.20
LogInit: Compatible Engine Version: 4.20.0-4212847+++UE4+Release-4.20
LogInit: Net CL: 4212847
LogInit: OS: Windows 10 (), CPU: Intel(R) Core(TM) i5-8600K CPU @ 3.60GHz, GPU: NVIDIA GeForce GTX 1080
LogInit: Compiled (64-bit): Sep 17 2018 12:26:19
LogInit: Compiled with Visual C++: 19.13.26129.00
LogInit: Build Configuration: Development
LogInit: Branch Name: ++UE4+Release-4.20
LogInit: Command Line:  
LogInit: Base Directory: C:/Program Files/Epic Games/UE_4.20/Engine/Binaries/Win64/
LogInit: Installed Engine Build: 1
LogDevObjectVersion: Number of dev versions registered: 20
LogDevObjectVersion:   Dev-Blueprints (B0D832E4-1F89-4F0D-ACCF-7EB736FD4AA2): 10
LogDevObjectVersion:   Dev-Build (E1C64328-A22C-4D53-A36C-8E866417BD8C): 0
LogDevObjectVersion:   Dev-Core (375EC13C-06E4-48FB-B500-84F0262A717E): 2
LogDevObjectVersion:   Dev-Editor (E4B068ED-F494-42E9-A231-DA0B2E46BB41): 24
LogDevObjectVersion:   Dev-Framework (CFFC743F-43B0-4480-9391-14DF171D2073): 34
LogDevObjectVersion:   Dev-Mobile (B02B49B5-BB20-44E9-A304-32B752E40360): 2
LogDevObjectVersion:   Dev-Networking (A4E4105C-59A1-49B5-A7C5-40C4547EDFEE): 0
LogDevObjectVersion:   Dev-Online (39C831C9-5AE6-47DC-9A44-9C173E1C8E7C): 0
LogDevObjectVersion:   Dev-Physics (78F01B33-EBEA-4F98-B9B4-84EACCB95AA2): 0
LogDevObjectVersion:   Dev-Platform (6631380F-2D4D-43E0-8009-CF276956A95A): 0
LogDevObjectVersion:   Dev-Rendering (12F88B9F-8875-4AFC-A67C-D90C383ABD29): 26
LogDevObjectVersion:   Dev-Sequencer (7B5AE74C-D270-4C10-A958-57980B212A5A): 9
LogDevObjectVersion:   Dev-VR (D7296918-1DD6-4BDD-9DE2-64A83CC13884): 2
LogDevObjectVersion:   Dev-LoadTimes (C2A15278-BFE7-4AFE-6C17-90FF531DF755): 1
LogDevObjectVersion:   Private-Geometry (6EACA3D4-40EC-4CC1-B786-8BED09428FC5): 3
LogDevObjectVersion:   Dev-AnimPhys (29E575DD-E0A3-4627-9D10-D276232CDCEA): 17
LogDevObjectVersion:   Dev-ReflectionCapture (6B266CEC-1EC7-4B8F-A30B-E4D90942FC07): 1
LogDevObjectVersion:   Dev-Automation (0DF73D61-A23F-47EA-B727-89E90C41499A): 1
LogDevObjectVersion:   FortniteMain (601D1886-AC64-4F84-AA16-D3DE0DEAC7D6): 12
LogDevObjectVersion:   Dev-Enterprise (9DFFBCD6-494F-0158-E221-12823C92A888): 1
LogStreaming: Display: Took  0.002s to delete old logs.
LogInit: Presizing for max 8388607 objects, including 0 objects not considered by GC, pre-allocating 0 bytes for permanent pool.
LogInit: Object subsystem initialized
[2020.04.25-18.33.06:397][  0]LogInit: Selected Device Profile: [Windows]
[2020.04.25-18.33.06:397][  0]LogInit: Applying CVar settings loaded from the selected device profile: [Windows]
[2020.04.25-18.33.06:411][  0]LogHAL: Display: Platform has ~ 16 GB [17129070592 / 17179869184 / 16], which maps to Larger [LargestMinGB=32, LargerMinGB=12, DefaultMinGB=8, SmallerMinGB=6, SmallestMinGB=0)
[2020.04.25-18.33.06:411][  0]LogInit: Setting Device Profile CVar: [[r.Vulkan.UseRealUBs:1]]
[2020.04.25-18.33.06:411][  0]LogInit: Going up to parent DeviceProfile []
[2020.04.25-18.33.06:411][  0]LogInit: Computer: DESKTOP-DGV361H
[2020.04.25-18.33.06:411][  0]LogInit: User: WesleySweazey
[2020.04.25-18.33.06:411][  0]LogInit: CPU Page size=4096, Cores=6
[2020.04.25-18.33.06:411][  0]LogInit: High frequency timer resolution =10.000000 MHz
[2020.04.25-18.33.06:412][  0]LogMemory: Memory total: Physical=16.0GB (16GB approx)
[2020.04.25-18.33.06:412][  0]LogMemory: Platform Memory Stats for Windows
[2020.04.25-18.33.06:412][  0]LogMemory: Process Physical Memory: 101.50 MB used, 101.51 MB peak
[2020.04.25-18.33.06:412][  0]LogMemory: Process Virtual Memory: 84.73 MB used, 84.73 MB peak
[2020.04.25-18.33.06:412][  0]LogMemory: Physical Memory: 13379.71 MB used,  2955.84 MB free, 16335.55 MB total
[2020.04.25-18.33.06:412][  0]LogMemory: Virtual Memory: 4618.27 MB used,  2955.84 MB free, 134217728.00 MB total
[2020.04.25-18.33.06:427][  0]LogInit: Using OS detected language (en-US).
[2020.04.25-18.33.06:427][  0]LogInit: Using OS detected locale (en-CA).
[2020.04.25-18.33.06:428][  0]LogTextLocalizationManager: No specific localization for 'en-US' exists, so the 'en' localization will be used.
[2020.04.25-18.33.06:728][  0]LogStreaming: Display: Took  0.301s to InitEngineTextLocalization.
[2020.04.25-18.33.06:728][  0]LogInit: Setting process to per monitor DPI aware
[2020.04.25-18.33.06:754][  0]LogSlate: New Slate User Created.  User Index 0, Is Virtual User: 0
[2020.04.25-18.33.06:754][  0]LogSlate: Slate User Registered.  User Index 0, Is Virtual User: 0
[2020.04.25-18.33.06:923][  0]LogHMD: Failed to initialize OpenVR with code 110
[2020.04.25-18.33.06:923][  0]LogD3D11RHI: D3D11 adapters:
[2020.04.25-18.33.06:981][  0]LogD3D11RHI:    0. 'NVIDIA GeForce GTX 1080' (Feature Level 11_0)
[2020.04.25-18.33.06:981][  0]LogD3D11RHI:       8079/0/8167 MB DedicatedVideo/DedicatedSystem/SharedSystem, Outputs:1, VendorId:0x10de
[2020.04.25-18.33.06:984][  0]LogD3D11RHI:    1. 'Microsoft Basic Render Driver' (Feature Level 11_0)
[2020.04.25-18.33.06:984][  0]LogD3D11RHI:       0/0/8167 MB DedicatedVideo/DedicatedSystem/SharedSystem, Outputs:0, VendorId:0x1414
[2020.04.25-18.33.06:984][  0]LogD3D11RHI: Chosen D3D11 Adapter: 0
[2020.04.25-18.33.06:992][  0]LogD3D11RHI: Creating new Direct3DDevice
[2020.04.25-18.33.06:992][  0]LogD3D11RHI:     GPU DeviceId: 0x1b80 (for the marketing name, search the web for "GPU Device Id")
[2020.04.25-18.33.06:992][  0]LogWindows: EnumDisplayDevices:
[2020.04.25-18.33.06:993][  0]LogWindows:    0. 'NVIDIA GeForce GTX 1080' (P:1 D:1)
[2020.04.25-18.33.06:993][  0]LogWindows:    1. 'NVIDIA GeForce GTX 1080' (P:0 D:0)
[2020.04.25-18.33.06:993][  0]LogWindows:    2. 'NVIDIA GeForce GTX 1080' (P:0 D:0)
[2020.04.25-18.33.06:993][  0]LogWindows:    3. 'NVIDIA GeForce GTX 1080' (P:0 D:0)
[2020.04.25-18.33.06:993][  0]LogWindows: DebugString: FoundDriverCount:4 
[2020.04.25-18.33.06:993][  0]LogD3D11RHI:     Adapter Name: NVIDIA GeForce GTX 1080
[2020.04.25-18.33.06:993][  0]LogD3D11RHI:   Driver Version: 432.00 (internal:26.21.14.3200, unified:432.00)
[2020.04.25-18.33.06:993][  0]LogD3D11RHI:      Driver Date: 7-24-2019
[2020.04.25-18.33.06:993][  0]LogRHI: Texture pool is 5655 MB (70% of 8079 MB)
[2020.04.25-18.33.07:029][  0]LogD3D11RHI: Async texture creation enabled
[2020.04.25-18.33.07:046][  0]LogD3D11RHI: GPU Timing Frequency: 1000.000000 (Debug: 2 1)
[2020.04.25-18.33.07:094][  0]LogShaderCompilers: Guid format shader working directory is -39 characters bigger than the processId version (../../../../../../Users/Wesley Sweazey/Documents/GitHub/BuffaloHeadGames/MasterTrappersAlpha1/Intermediate/Shaders/WorkingDirectory/20576/).
[2020.04.25-18.33.07:094][  0]LogShaderCompilers: Cleaned the shader compiler working directory 'C:/Users/Wesley Sweazey/AppData/Local/Temp/UnrealShaderWorkingDir/02EDF6C944AEF34288FB829A8E54667A/'.
[2020.04.25-18.33.07:262][  0]LogTemp: Display: Loaded TP AllDesktopTargetPlatform
[2020.04.25-18.33.07:273][  0]LogTemp: Display: Loaded TP MacClientTargetPlatform
[2020.04.25-18.33.07:284][  0]LogTemp: Display: Loaded TP MacNoEditorTargetPlatform
[2020.04.25-18.33.07:295][  0]LogTemp: Display: Loaded TP MacServerTargetPlatform
[2020.04.25-18.33.07:306][  0]LogTemp: Display: Loaded TP MacTargetPlatform
[2020.04.25-18.33.07:316][  0]LogTemp: Display: Loaded TP WindowsClientTargetPlatform
[2020.04.25-18.33.07:328][  0]LogTemp: Display: Loaded TP WindowsNoEditorTargetPlatform
[2020.04.25-18.33.07:339][  0]LogTemp: Display: Loaded TP WindowsServerTargetPlatform
[2020.04.25-18.33.07:344][  0]LogTemp: Display: Loaded TP WindowsTargetPlatform
[2020.04.25-18.33.07:417][  0]LogTemp: Display: Loaded TP AndroidTargetPlatform
[2020.04.25-18.33.07:417][  0]LogTemp: Display: Loaded TP AndroidTargetPlatform
[2020.04.25-18.33.07:417][  0]LogTemp: Display: Loaded TP AndroidTargetPlatform
[2020.04.25-18.33.07:417][  0]LogTemp: Display: Loaded TP AndroidTargetPlatform
[2020.04.25-18.33.07:417][  0]LogTemp: Display: Loaded TP AndroidTargetPlatform
[2020.04.25-18.33.07:417][  0]LogTemp: Display: Loaded TP AndroidTargetPlatform
[2020.04.25-18.33.07:417][  0]LogTemp: Display: Loaded TP AndroidTargetPlatform
[2020.04.25-18.33.07:417][  0]LogTemp: Display: Loaded TP AndroidTargetPlatform
[2020.04.25-18.33.07:417][  0]LogTemp: Display: Loaded TP AndroidTargetPlatform
[2020.04.25-18.33.07:417][  0]LogTemp: Display: Loaded TP AndroidTargetPlatform
[2020.04.25-18.33.07:417][  0]LogTemp: Display: Loaded TP AndroidTargetPlatform
[2020.04.25-18.33.07:417][  0]LogTemp: Display: Loaded TP AndroidTargetPlatform
[2020.04.25-18.33.07:417][  0]LogTemp: Display: Loaded TP AndroidTargetPlatform
[2020.04.25-18.33.07:417][  0]LogTemp: Display: Loaded TP AndroidTargetPlatform
[2020.04.25-18.33.07:417][  0]LogTemp: Display: Loaded TP AndroidTargetPlatform
[2020.04.25-18.33.07:417][  0]LogTemp: Display: Loaded TP AndroidTargetPlatform
[2020.04.25-18.33.07:417][  0]LogTemp: Display: Loaded TP AndroidTargetPlatform
[2020.04.25-18.33.07:417][  0]LogTemp: Display: Loaded TP AndroidTargetPlatform
[2020.04.25-18.33.07:418][  0]LogTemp: Display: Loaded TP HTML5TargetPlatform
[2020.04.25-18.33.07:473][  0]LogTemp: Display: Loaded TP IOSTargetPlatform
[2020.04.25-18.33.07:473][  0]LogTemp: Display: Loaded TP IOSTargetPlatform
[2020.04.25-18.33.07:494][  0]LogTemp: Display: Loaded TP TVOSTargetPlatform
[2020.04.25-18.33.07:494][  0]LogTemp: Display: Loaded TP TVOSTargetPlatform
[2020.04.25-18.33.07:505][  0]LogTemp: Display: Loaded TP LinuxClientTargetPlatform
[2020.04.25-18.33.07:516][  0]LogTemp: Display: Loaded TP LinuxNoEditorTargetPlatform
[2020.04.25-18.33.07:527][  0]LogTemp: Display: Loaded TP LinuxServerTargetPlatform
[2020.04.25-18.33.07:538][  0]LogTemp: Display: Loaded TP LinuxTargetPlatform
[2020.04.25-18.33.07:546][  0]LogTemp: Display: Loaded TP LuminTargetPlatform
[2020.04.25-18.33.07:546][  0]LogTargetPlatformManager: Display: Building Assets For Windows
[2020.04.25-18.33.07:589][  0]LogXGEController: Cannot use XGE Controller as Incredibuild is not installed on this machine.
[2020.04.25-18.33.07:589][  0]LogShaderCompilers: Cannot use XGE Shader Compiler as Incredibuild is not installed on this machine.
[2020.04.25-18.33.07:589][  0]LogShaderCompilers: Display: Using Local Shader Compiler.
[2020.04.25-18.33.08:294][  0]LogDerivedDataCache: Display: Max Cache Size: 512 MB
[2020.04.25-18.33.08:344][  0]LogDerivedDataCache: Loaded boot cache 0.05s 71MB C:/Users/Wesley Sweazey/AppData/Local/UnrealEngine/4.20/DerivedDataCache/Boot.ddc.
[2020.04.25-18.33.08:345][  0]LogDerivedDataCache: Display: Loaded Boot cache: C:/Users/Wesley Sweazey/AppData/Local/UnrealEngine/4.20/DerivedDataCache/Boot.ddc
[2020.04.25-18.33.08:345][  0]LogDerivedDataCache: FDerivedDataBackendGraph:  Pak pak cache file ../../../../../../Users/Wesley Sweazey/Documents/GitHub/BuffaloHeadGames/MasterTrappersAlpha1/DerivedDataCache/DDC.ddp not found, will not use a pak cache.
[2020.04.25-18.33.08:345][  0]LogDerivedDataCache: Unable to find inner node Pak for hierarchical cache Hierarchy.
[2020.04.25-18.33.08:345][  0]LogDerivedDataCache: FDerivedDataBackendGraph:  CompressedPak pak cache file ../../../../../../Users/Wesley Sweazey/Documents/GitHub/BuffaloHeadGames/MasterTrappersAlpha1/DerivedDataCache/Compressed.ddp not found, will not use a pak cache.
[2020.04.25-18.33.08:345][  0]LogDerivedDataCache: Unable to find inner node CompressedPak for hierarchical cache Hierarchy.
[2020.04.25-18.33.08:357][  0]LogDerivedDataCache: Display: Pak cache opened for reading ../../../Engine/DerivedDataCache/Compressed.ddp.
[2020.04.25-18.33.08:369][  0]LogDerivedDataCache: Using Local data cache path C:/Users/Wesley Sweazey/AppData/Local/UnrealEngine/Common/DerivedDataCache: Writable
[2020.04.25-18.33.08:369][  0]LogDerivedDataCache: Shared data cache path not found in *engine.ini, will not use an Shared cache.
[2020.04.25-18.33.08:369][  0]LogDerivedDataCache: Unable to find inner node Shared for hierarchical cache Hierarchy.
[2020.04.25-18.33.08:384][  0]LogMaterial: Verifying Global Shaders for PCD3D_SM5
[2020.04.25-18.33.08:385][  0]LogSlate: Using FreeType 2.6.0
[2020.04.25-18.33.08:386][  0]LogSlate: SlateFontServices - WITH_FREETYPE: 1, WITH_HARFBUZZ: 1
[2020.04.25-18.33.08:456][  0]LogAssetRegistry: FAssetRegistry took 0.0260 seconds to start up
[2020.04.25-18.33.08:720][  0]LogInit: Selected Device Profile: [Windows]
[2020.04.25-18.33.08:828][  0]LogSimplygon: Simplygon DLL not present - disabling.
[2020.04.25-18.33.08:830][  0]LogMeshReduction: Using SimplygonSwarm for distributed automatic mesh merging
[2020.04.25-18.33.08:830][  0]LogMeshReduction: Using ProxyLODMeshReduction for automatic mesh merging
[2020.04.25-18.33.08:830][  0]LogMeshReduction: Using QuadricMeshReduction for automatic static mesh reduction
[2020.04.25-18.33.08:830][  0]LogMeshReduction: No automatic skeletal mesh reduction module available
[2020.04.25-18.33.08:842][  0]LogNetVersion: MasterTrappersAlpha1 1.0.0, NetCL: 4212847, EngineNetVer: 5, GameNetVer: 0 (Checksum: 846347806)
[2020.04.25-18.33.09:330][  0]LogPackageLocalizationCache: Processed 12 localized package path(s) for 2 prioritized culture(s) in 0.097355 seconds
[2020.04.25-18.33.09:335][  0]LogUObjectArray: 38425 objects as part of root set at end of initial load.
[2020.04.25-18.33.09:335][  0]LogUObjectAllocator: 6690864 out of 0 bytes used by permanent object pool.
[2020.04.25-18.33.09:335][  0]LogUObjectArray: CloseDisregardForGC: 0/0 objects in disregard for GC pool
[2020.04.25-18.33.09:994][  0]LogTcpMessaging: Initializing TcpMessaging bridge
[2020.04.25-18.33.10:006][  0]LogUdpMessaging: Initializing bridge on interface 0.0.0.0:0 to multicast group 230.0.0.1:6666.
[2020.04.25-18.33.10:150][  0]LogScript: Warning: Script Msg: A null object was passed as a world context object to UEngine::GetWorldFromContextObject().
[2020.04.25-18.33.10:177][  0]SourceControl: Source control is disabled
[2020.04.25-18.33.10:177][  0]SourceControl: Source control is disabled
[2020.04.25-18.33.10:178][  0]SourceControl: Source control is disabled
[2020.04.25-18.33.10:178][  0]SourceControl: Source control is disabled
[2020.04.25-18.33.10:325][  0]LogAndroidPermission: UAndroidPermissionCallbackProxy::GetInstance
[2020.04.25-18.33.10:422][  0]LogOcInput: OculusInput pre-init called
[2020.04.25-18.33.10:507][  0]LogEngine: Initializing Engine...
[2020.04.25-18.33.10:507][  0]LogHMD: Failed to initialize OpenVR with code 110
[2020.04.25-18.33.10:508][  0]LogStats: UGameplayTagsManager::ConstructGameplayTagTree: ImportINI prefixes -  0.000 s
[2020.04.25-18.33.10:508][  0]LogStats: UGameplayTagsManager::ConstructGameplayTagTree: Construct from data asset -  0.000 s
[2020.04.25-18.33.10:508][  0]LogStats: UGameplayTagsManager::ConstructGameplayTagTree: ImportINI -  0.000 s
[2020.04.25-18.33.10:508][  0]LogStats: UGameplayTagsManager::ConstructGameplayTagTree: GameplayTagTreeChangedEvent.Broadcast -  0.000 s
[2020.04.25-18.33.10:673][  0]LogInit: Initializing FReadOnlyCVARCache
[2020.04.25-18.33.10:681][  0]LogAIModule: Creating AISystem for world Untitled
[2020.04.25-18.33.10:785][  0]LogInit: XAudio2 using 'Speakers (Realtek(R) Audio)' : 2 channels at 48 kHz using 32 bits per sample (channel mask 0x3)
[2020.04.25-18.33.10:806][  0]LogInit: FAudioDevice initialized.
[2020.04.25-18.33.10:806][  0]LogNetVersion: Set ProjectVersion to 1.0.0.0. Version Checksum will be recalculated on next use.
[2020.04.25-18.33.10:849][  0]LogDerivedDataCache: Saved boot cache 0.04s 71MB C:/Users/Wesley Sweazey/AppData/Local/UnrealEngine/4.20/DerivedDataCache/Boot.ddc.
[2020.04.25-18.33.10:852][  0]LogInit: Texture streaming: Enabled
[2020.04.25-18.33.10:863][  0]LogEngineSessionManager: EngineSessionManager initialized
[2020.04.25-18.33.10:873][  0]LogInit: Transaction tracking system initialized
[2020.04.25-18.33.10:886][  0]BlueprintLog: New page: Editor Load
[2020.04.25-18.33.10:936][  0]LocalizationService: Localization service is disabled
[2020.04.25-18.33.11:416][  0]LogCook: Display: Max memory allowance for cook 16384mb min free memory 0mb
[2020.04.25-18.33.11:416][  0]LogCook: Display: Mobile HDR setting 1
[2020.04.25-18.33.11:416][  0]LogGameplayTags: Display: UGameplayTagsManager::DoneAddingNativeTags. DelegateIsBound: 0
[2020.04.25-18.33.11:416][  0]LogStats: UGameplayTagsManager::ConstructGameplayTagTree: ImportINI prefixes -  0.000 s
[2020.04.25-18.33.11:416][  0]LogStats: UGameplayTagsManager::ConstructGameplayTagTree: Construct from data asset -  0.000 s
[2020.04.25-18.33.11:416][  0]LogStats: UGameplayTagsManager::ConstructGameplayTagTree: ImportINI -  0.000 s
[2020.04.25-18.33.11:416][  0]LogStats: UGameplayTagsManager::ConstructGameplayTagTree: GameplayTagTreeChangedEvent.Broadcast -  0.000 s
[2020.04.25-18.33.11:470][  0]LogFileCache: Scanning file cache for directory 'C:/Users/Wesley Sweazey/Documents/GitHub/BuffaloHeadGames/MasterTrappersAlpha1/Content/' took 0.02s
[2020.04.25-18.33.11:494][  0]SourceControl: Source control is disabled
[2020.04.25-18.33.11:495][  0]Cmd: MAP LOAD FILE="../../../../../../Users/Wesley Sweazey/Documents/GitHub/BuffaloHeadGames/MasterTrappersAlpha1/Content/FirstPersonCPP/Maps/Alpha2.umap" TEMPLATE=0 SHOWPROGRESS=1 FEATURELEVEL=3
[2020.04.25-18.33.11:495][  0]LightingResults: New page: Lighting Build
[2020.04.25-18.33.11:496][  0]MapCheck: New page: Map Check
[2020.04.25-18.33.11:496][  0]LightingResults: New page: Lighting Build
[2020.04.25-18.33.11:650][  0]LogScript: Warning: Script Msg: A null object was passed as a world context object to UEngine::GetWorldFromContextObject().
[2020.04.25-18.33.11:854][  0]LogScript: Warning: Script Msg: A null object was passed as a world context object to UEngine::GetWorldFromContextObject().
[2020.04.25-18.33.11:879][  0]LogScript: Warning: Script Msg: A null object was passed as a world context object to UEngine::GetWorldFromContextObject().
[2020.04.25-18.33.12:525][  0]LogMaterial: Display: Missing cached shader map for material Material__172, compiling. 
[2020.04.25-18.33.12:525][  0]LogMaterial: Warning: C:\Users\Wesley Sweazey\Documents\GitHub\BuffaloHeadGames\MasterTrappersAlpha1\Content\LevelDesign\LevelAssets\Pipe\Material__172.uasset: Failed to compile Material for platform PCD3D_SM5, Default Material will be used in game.
[2020.04.25-18.33.12:525][  0]LogMaterial: 	(Node TextureSample) Texture Sample> Missing input texture
[2020.04.25-18.33.12:530][  0]LogMaterial: Display: Missing cached shader map for material 07_-_Default, compiling. 
[2020.04.25-18.33.12:530][  0]LogMaterial: Warning: C:\Users\Wesley Sweazey\Documents\GitHub\BuffaloHeadGames\MasterTrappersAlpha1\Content\LevelDesign\LevelAssets\Pipe\07_-_Default.uasset: Failed to compile Material for platform PCD3D_SM5, Default Material will be used in game.
[2020.04.25-18.33.12:530][  0]LogMaterial: 	(Node TextureSample) Texture Sample> Missing input texture
[2020.04.25-18.33.12:823][  0]LogAIModule: Creating AISystem for world Alpha2
[2020.04.25-18.33.13:095][  0]LogEditorServer: Finished looking for orphan Actors (0.000 secs)
[2020.04.25-18.33.13:117][  0]Cmd: MAP CHECKDEP NOCLEARLOG
[2020.04.25-18.33.13:223][  0]MapCheck: Map check complete: 0 Error(s), 0 Warning(s), took 106.871ms to complete.
[2020.04.25-18.33.13:223][  0]LogFileHelpers: Loading map 'Alpha2' took 1.729
[2020.04.25-18.33.13:316][  0]LogSlate: Updating window title bar state: overlay mode, drag disabled, window buttons hidden, title bar hidden
[2020.04.25-18.33.13:323][  0]LogSlate: Updating window title bar state: overlay mode, drag disabled, window buttons hidden, title bar hidden
[2020.04.25-18.33.13:329][  0]LogSlate: Updating window title bar state: overlay mode, drag disabled, window buttons hidden, title bar hidden
[2020.04.25-18.33.13:336][  0]LogSlate: Updating window title bar state: overlay mode, drag disabled, window buttons hidden, title bar hidden
[2020.04.25-18.33.13:339][  0]LogCollectionManager: Loaded 0 collections in 0.000739 seconds
[2020.04.25-18.33.13:379][  0]LogFileCache: Scanning file cache for directory 'C:/Users/Wesley Sweazey/Documents/GitHub/BuffaloHeadGames/MasterTrappersAlpha1/Saved/Collections/' took 0.01s
[2020.04.25-18.33.13:379][  0]LogFileCache: Scanning file cache for directory 'C:/Users/Wesley Sweazey/Documents/GitHub/BuffaloHeadGames/MasterTrappersAlpha1/Content/Developers/WesleySweazey/Collections/' took 0.01s
[2020.04.25-18.33.13:379][  0]LogFileCache: Scanning file cache for directory 'C:/Users/Wesley Sweazey/Documents/GitHub/BuffaloHeadGames/MasterTrappersAlpha1/Content/Collections/' took 0.01s
[2020.04.25-18.33.13:379][  0]LogCollectionManager: Rebuilt the GUID cache for 0 collections in 0.000000 seconds
[2020.04.25-18.33.13:387][  0]LogContentBrowser: Native class hierarchy populated in 0.0080 seconds. Added 2620 classes and 618 folders.
[2020.04.25-18.33.13:391][  0]LogContentBrowser: Native class hierarchy updated for 'WidgetCarousel' in 0.0003 seconds. Added 0 classes and 0 folders.
[2020.04.25-18.33.13:422][  0]LogContentBrowser: Native class hierarchy updated for 'AddContentDialog' in 0.0003 seconds. Added 0 classes and 0 folders.
[2020.04.25-18.33.13:426][  0]LogContentBrowser: Native class hierarchy updated for 'SceneOutliner' in 0.0003 seconds. Added 1 classes and 2 folders.
[2020.04.25-18.33.13:559][  0]LogContentBrowser: Native class hierarchy updated for 'HierarchicalLODOutliner' in 0.0003 seconds. Added 0 classes and 0 folders.
[2020.04.25-18.33.13:559][  0]LogLoad: (Engine Initialization) Total time: 8.40 seconds
[2020.04.25-18.33.13:559][  0]LogLoad: (Engine Initialization) Total Blueprint compile time: 0.00 seconds
[2020.04.25-18.33.13:590][  0]LogContentStreaming: Texture pool size now 600 MB
[2020.04.25-18.33.13:595][  0]LogSlate: Took 0.000154 seconds to synchronously load lazily loaded font '../../../Engine/Content/Slate/Fonts/Roboto-Regular.ttf' (155K)
[2020.04.25-18.33.13:596][  0]LogSlate: Took 0.000185 seconds to synchronously load lazily loaded font '../../../Engine/Content/Slate/Fonts/Roboto-Bold.ttf' (160K)
[2020.04.25-18.33.13:600][  0]LogSlate: Took 0.000204 seconds to synchronously load lazily loaded font '../../../Engine/Content/Editor/Slate/Fonts/FontAwesome.ttf' (139K)
[2020.04.25-18.33.13:668][  0]LogSlate: Took 0.000171 seconds to synchronously load lazily loaded font '../../../Engine/Content/Slate/Fonts/Roboto-Light.ttf' (167K)
[2020.04.25-18.33.13:684][  0]LogRenderer: Reallocating scene render targets to support 896x304 Format 9 NumSamples 1 (Frame:1).
[2020.04.25-18.33.13:861][  1]LogAssetRegistry: Asset discovery search completed in 5.4273 seconds
[2020.04.25-18.33.13:863][  1]LogCollectionManager: Rebuilt the object cache for 0 collections in 0.000000 seconds (found 0 objects)
[2020.04.25-18.33.13:863][  1]LogCollectionManager: Fixed up redirectors for 0 collections in 0.000060 seconds (updated 0 objects)
[2020.04.25-18.33.22:365][ 12]LogSlate: FSceneViewport::OnFocusLost() reason 0
[2020.04.25-18.33.22:512][ 21]LogSlate: Window 'MasterTrappersAlpha1 - Unreal Editor' being destroyed
[2020.04.25-18.33.22:513][ 21]LogWindowsTextInputMethodSystem: Display: IME system now deactivated.
[2020.04.25-18.33.22:516][ 21]LogWindowsTextInputMethodSystem: Display: IME system now deactivated.
[2020.04.25-18.33.22:660][ 22]Cmd: QUIT_EDITOR
[2020.04.25-18.33.22:681][ 22]LogExit: Preparing to exit.
[2020.04.25-18.33.23:094][ 22]LogExit: Editor shut down
[2020.04.25-18.33.23:095][ 22]LogExit: Transaction tracking system shut down
[2020.04.25-18.33.23:756][ 22]LogExit: Object subsystem successfully closed.
[2020.04.25-18.33.23:777][ 22]LogShaderCompilers: Display: Shaders left to compile 0
[2020.04.25-18.33.23:781][ 22]LogD3D11RHI: Shutdown
[2020.04.25-18.33.23:781][ 22]LogD3D11RHI: CleanupD3DDevice
[2020.04.25-18.33.23:786][ 22]LogD3D11RHI: ~FD3D11DynamicRHI
[2020.04.25-18.33.23:807][ 22]LogModuleManager: Shutting down and abandoning module HierarchicalLODOutliner (618)
[2020.04.25-18.33.23:807][ 22]LogModuleManager: Shutting down and abandoning module SceneOutliner (616)
[2020.04.25-18.33.23:807][ 22]LogModuleManager: Shutting down and abandoning module AddContentDialog (614)
[2020.04.25-18.33.23:808][ 22]LogModuleManager: Shutting down and abandoning module WidgetCarousel (613)
[2020.04.25-18.33.23:808][ 22]LogModuleManager: Shutting down and abandoning module EditorWidgets (610)
[2020.04.25-18.33.23:808][ 22]LogModuleManager: Shutting down and abandoning module CollectionManager (608)
[2020.04.25-18.33.23:808][ 22]LogModuleManager: Shutting down and abandoning module StatsViewer (606)
[2020.04.25-18.33.23:808][ 22]LogModuleManager: Shutting down and abandoning module FoliageEdit (604)
[2020.04.25-18.33.23:808][ 22]LogModuleManager: Shutting down and abandoning module LandscapeEditor (602)
[2020.04.25-18.33.23:809][ 22]LogModuleManager: Shutting down and abandoning module MeshPaintMode (600)
[2020.04.25-18.33.23:809][ 22]LogModuleManager: Shutting down and abandoning module SceneDepthPickerMode (598)
[2020.04.25-18.33.23:809][ 22]LogModuleManager: Shutting down and abandoning module ActorPickerMode (596)
[2020.04.25-18.33.23:809][ 22]LogModuleManager: Shutting down and abandoning module GeometryMode (594)
[2020.04.25-18.33.23:809][ 22]LogModuleManager: Shutting down and abandoning module TextureAlignMode (592)
[2020.04.25-18.33.23:809][ 22]LogModuleManager: Shutting down and abandoning module BspMode (590)
[2020.04.25-18.33.23:809][ 22]LogModuleManager: Shutting down and abandoning module PIEPreviewDeviceProfileSelector (588)
[2020.04.25-18.33.23:809][ 22]LogModuleManager: Shutting down and abandoning module SequenceRecorderSections (586)
[2020.04.25-18.33.23:809][ 22]LogModuleManager: Shutting down and abandoning module AutomationWorker (584)
[2020.04.25-18.33.23:809][ 22]LogModuleManager: Shutting down and abandoning module AudioCaptureEditor (582)
[2020.04.25-18.33.23:809][ 22]LogModuleManager: Shutting down and abandoning module SequenceRecorder (581)
[2020.04.25-18.33.23:809][ 22]LogModuleManager: Shutting down and abandoning module MatineeToLevelSequence (578)
[2020.04.25-18.33.23:809][ 22]LogModuleManager: Shutting down and abandoning module LevelSequenceEditor (576)
[2020.04.25-18.33.23:809][ 22]LogModuleManager: Shutting down and abandoning module PlacementMode (575)
[2020.04.25-18.33.23:809][ 22]LogModuleManager: Shutting down and abandoning module MaterialEditor (574)
[2020.04.25-18.33.23:809][ 22]LogModuleManager: Shutting down and abandoning module WmfMediaFactory (570)
[2020.04.25-18.33.23:809][ 22]LogModuleManager: Shutting down and abandoning module WmfMediaEditor (568)
[2020.04.25-18.33.23:809][ 22]LogModuleManager: Shutting down and abandoning module MediaPlayerEditor (566)
[2020.04.25-18.33.23:809][ 22]LogModuleManager: Shutting down and abandoning module OpenExrWrapper (564)
[2020.04.25-18.33.23:809][ 22]LogModuleManager: Shutting down and abandoning module ImgMediaFactory (562)
[2020.04.25-18.33.23:809][ 22]LogModuleManager: Shutting down and abandoning module ImgMediaEditor (560)
[2020.04.25-18.33.23:809][ 22]LogModuleManager: Shutting down and abandoning module AvfMediaFactory (558)
[2020.04.25-18.33.23:809][ 22]LogModuleManager: Shutting down and abandoning module AvfMediaEditor (556)
[2020.04.25-18.33.23:809][ 22]LogModuleManager: Shutting down and abandoning module AndroidMediaFactory (554)
[2020.04.25-18.33.23:809][ 22]LogModuleManager: Shutting down and abandoning module AndroidMediaEditor (552)
[2020.04.25-18.33.23:809][ 22]LogModuleManager: Shutting down and abandoning module MagicLeapCameraPreviewFactory (550)
[2020.04.25-18.33.23:809][ 22]LogModuleManager: Shutting down and abandoning module MagicLeapMediaFactory (548)
[2020.04.25-18.33.23:809][ 22]LogModuleManager: Shutting down and abandoning module MagicLeapMediaEditor (546)
[2020.04.25-18.33.23:809][ 22]LogModuleManager: Shutting down and abandoning module CharacterAI (544)
[2020.04.25-18.33.23:809][ 22]LogModuleManager: Shutting down and abandoning module SmartSnapping (542)
[2020.04.25-18.33.23:809][ 22]LogModuleManager: Shutting down and abandoning module SessionServices (540)
[2020.04.25-18.33.23:809][ 22]LogModuleManager: Shutting down and abandoning module ViewportSnapping (538)
[2020.04.25-18.33.23:809][ 22]LogModuleManager: Shutting down and abandoning module ViewportInteraction (536)
[2020.04.25-18.33.23:809][ 22]LogModuleManager: Shutting down and abandoning module ClothPainter (534)
[2020.04.25-18.33.23:809][ 22]LogModuleManager: Shutting down and abandoning module SkeletalMeshEditor (533)
[2020.04.25-18.33.23:809][ 22]LogModuleManager: Shutting down and abandoning module LogVisualizer (530)
[2020.04.25-18.33.23:809][ 22]LogModuleManager: Shutting down and abandoning module IntroTutorials (528)
[2020.04.25-18.33.23:810][ 22]LogModuleManager: Shutting down and abandoning module GameProjectGeneration (527)
[2020.04.25-18.33.23:810][ 22]LogModuleManager: Shutting down and abandoning module LuminPlatformEditor (524)
[2020.04.25-18.33.23:810][ 22]LogModuleManager: Shutting down and abandoning module IOSPlatformEditor (522)
[2020.04.25-18.33.23:810][ 22]LogModuleManager: Shutting down and abandoning module HTML5PlatformEditor (520)
[2020.04.25-18.33.23:810][ 22]LogModuleManager: Shutting down and abandoning module AndroidPlatformEditor (518)
[2020.04.25-18.33.23:810][ 22]LogModuleManager: Shutting down and abandoning module AndroidDeviceDetection (517)
[2020.04.25-18.33.23:974][ 22]LogModuleManager: Shutting down and abandoning module WindowsPlatformEditor (514)
[2020.04.25-18.33.23:974][ 22]LogModuleManager: Shutting down and abandoning module LuminRuntimeSettings (512)
[2020.04.25-18.33.23:974][ 22]LogModuleManager: Shutting down and abandoning module IOSRuntimeSettings (510)
[2020.04.25-18.33.23:974][ 22]LogModuleManager: Shutting down and abandoning module AndroidRuntimeSettings (508)
[2020.04.25-18.33.23:974][ 22]LogModuleManager: Shutting down and abandoning module InputBindingEditor (506)
[2020.04.25-18.33.23:974][ 22]LogModuleManager: Shutting down and abandoning module MergeActors (504)
[2020.04.25-18.33.23:974][ 22]LogModuleManager: Shutting down and abandoning module LocalizationDashboard (502)
[2020.04.25-18.33.23:974][ 22]LogModuleManager: Shutting down and abandoning module LocalizationService (501)
[2020.04.25-18.33.23:974][ 22]LogModuleManager: Shutting down and abandoning module HardwareTargeting (498)
[2020.04.25-18.33.23:974][ 22]LogModuleManager: Shutting down and abandoning module DeviceProfileEditor (496)
[2020.04.25-18.33.23:974][ 22]LogModuleManager: Shutting down and abandoning module UndoHistory (494)
[2020.04.25-18.33.23:974][ 22]LogModuleManager: Shutting down and abandoning module XmlParser (492)
[2020.04.25-18.33.23:974][ 22]LogModuleManager: Shutting down and abandoning module Blutility (490)
[2020.04.25-18.33.23:974][ 22]LogModuleManager: Shutting down and abandoning module ProjectSettingsViewer (488)
[2020.04.25-18.33.23:975][ 22]LogModuleManager: Shutting down and abandoning module ProjectTargetPlatformEditor (487)
[2020.04.25-18.33.23:975][ 22]LogModuleManager: Shutting down and abandoning module EditorSettingsViewer (484)
[2020.04.25-18.33.23:975][ 22]LogModuleManager: Shutting down and abandoning module SettingsEditor (482)
[2020.04.25-18.33.23:975][ 22]LogModuleManager: Shutting down and abandoning module ProjectLauncher (480)
[2020.04.25-18.33.23:975][ 22]LogModuleManager: Shutting down and abandoning module SessionFrontend (478)
[2020.04.25-18.33.23:975][ 22]LogModuleManager: Shutting down and abandoning module ProfilerClient (476)
[2020.04.25-18.33.23:975][ 22]LogModuleManager: Shutting down and abandoning module DeviceManager (474)
[2020.04.25-18.33.23:975][ 22]LogModuleManager: Shutting down and abandoning module TargetDeviceServices (473)
[2020.04.25-18.33.24:030][ 22]LogModuleManager: Shutting down and abandoning module AutomationController (470)
[2020.04.25-18.33.24:030][ 22]LogModuleManager: Shutting down and abandoning module AutomationWindow (468)
[2020.04.25-18.33.24:030][ 22]LogModuleManager: Shutting down and abandoning module Layers (466)
[2020.04.25-18.33.24:030][ 22]LogModuleManager: Shutting down and abandoning module ComponentVisualizers (464)
[2020.04.25-18.33.24:030][ 22]LogModuleManager: Shutting down and abandoning module DetailCustomizations (462)
[2020.04.25-18.33.24:030][ 22]LogModuleManager: Shutting down and abandoning module PackagesDialog (460)
[2020.04.25-18.33.24:030][ 22]LogModuleManager: Shutting down and abandoning module Persona (458)
[2020.04.25-18.33.24:030][ 22]LogModuleManager: Shutting down and abandoning module AdvancedPreviewScene (457)
[2020.04.25-18.33.24:030][ 22]LogModuleManager: Shutting down and abandoning module AnimGraph (455)
[2020.04.25-18.33.24:030][ 22]LogModuleManager: Shutting down and abandoning module Kismet (452)
[2020.04.25-18.33.24:030][ 22]LogModuleManager: Shutting down and abandoning module GraphEditor (450)
[2020.04.25-18.33.24:030][ 22]LogModuleManager: Shutting down and abandoning module ClassViewer (448)
[2020.04.25-18.33.24:030][ 22]LogModuleManager: Shutting down and abandoning module Toolbox (446)
[2020.04.25-18.33.24:030][ 22]LogModuleManager: Shutting down and abandoning module DesktopPlatform (445)
[2020.04.25-18.33.24:030][ 22]LogModuleManager: Shutting down and abandoning module ModuleUI (442)
[2020.04.25-18.33.24:030][ 22]LogModuleManager: Shutting down and abandoning module MovieSceneTools (440)
[2020.04.25-18.33.24:030][ 22]LogModuleManager: Shutting down and abandoning module OutputLog (438)
[2020.04.25-18.33.24:030][ 22]LogModuleManager: Shutting down and abandoning module GammaUI (436)
[2020.04.25-18.33.24:030][ 22]LogModuleManager: Shutting down and abandoning module Documentation (434)
[2020.04.25-18.33.24:030][ 22]LogModuleManager: Shutting down and abandoning module MovieSceneTracks (432)
[2020.04.25-18.33.24:030][ 22]LogModuleManager: Shutting down and abandoning module MovieScene (430)
[2020.04.25-18.33.24:031][ 22]LogModuleManager: Shutting down and abandoning module StreamingPauseRendering (428)
[2020.04.25-18.33.24:031][ 22]LogModuleManager: Shutting down and abandoning module LauncherPlatform (426)
[2020.04.25-18.33.24:031][ 22]LogModuleManager: Shutting down and abandoning module AnalyticsET (424)
[2020.04.25-18.33.24:031][ 22]LogModuleManager: Shutting down and abandoning module PortalServices (422)
[2020.04.25-18.33.24:031][ 22]LogModuleManager: Shutting down and abandoning module PortalRpc (420)
[2020.04.25-18.33.24:031][ 22]LogModuleManager: Shutting down and abandoning module MessagingRpc (418)
[2020.04.25-18.33.24:031][ 22]LogModuleManager: Shutting down and abandoning module AIModule (416)
[2020.04.25-18.33.24:031][ 22]LogModuleManager: Shutting down and abandoning module GameplayDebugger (415)
[2020.04.25-18.33.24:031][ 22]LogModuleManager: Shutting down and abandoning module AITestSuite (413)
[2020.04.25-18.33.24:031][ 22]LogModuleManager: Shutting down and abandoning module NavigationSystem (411)
[2020.04.25-18.33.24:031][ 22]LogModuleManager: Shutting down and abandoning module ProfilerService (408)
[2020.04.25-18.33.24:242][ 22]LogModuleManager: Shutting down and abandoning module TaskGraph (406)
[2020.04.25-18.33.24:242][ 22]LogModuleManager: Shutting down and abandoning module GameFrwkSessionsPlugin (404)
[2020.04.25-18.33.24:242][ 22]LogModuleManager: Shutting down and abandoning module SteamVRController (402)
[2020.04.25-18.33.24:242][ 22]LogModuleManager: Shutting down and abandoning module ProceduralMeshComponentEditor (400)
[2020.04.25-18.33.24:242][ 22]LogModuleManager: Shutting down and abandoning module ProceduralMeshComponent (398)
[2020.04.25-18.33.24:242][ 22]LogModuleManager: Shutting down and abandoning module OculusInput (396)
[2020.04.25-18.33.24:242][ 22]LogModuleManager: Shutting down and abandoning module MobilePatchingUtils (394)
[2020.04.25-18.33.24:242][ 22]LogModuleManager: Shutting down and abandoning module EditableMesh (392)
[2020.04.25-18.33.24:242][ 22]LogModuleManager: Shutting down and abandoning module CustomMeshComponent (390)
[2020.04.25-18.33.24:242][ 22]LogModuleManager: Shutting down and abandoning module CableComponent (388)
[2020.04.25-18.33.24:242][ 22]LogModuleManager: Shutting down and abandoning module AudioCapture (386)
[2020.04.25-18.33.24:242][ 22]LogModuleManager: Shutting down and abandoning module ArchVisCharacter (384)
[2020.04.25-18.33.24:242][ 22]LogModuleManager: Shutting down and abandoning module AndroidPermission (382)
[2020.04.25-18.33.24:242][ 22]LogModuleManager: Shutting down and abandoning module NUTUnrealEngine4 (380)
[2020.04.25-18.33.24:242][ 22]LogModuleManager: Shutting down and abandoning module NetcodeUnitTest (378)
[2020.04.25-18.33.24:242][ 22]LogModuleManager: Shutting down and abandoning module MediaCompositingEditor (376)
[2020.04.25-18.33.24:242][ 22]LogModuleManager: Shutting down and abandoning module MediaCompositing (374)
[2020.04.25-18.33.24:243][ 22]LogModuleManager: Shutting down and abandoning module LinearTimecode (372)
[2020.04.25-18.33.24:243][ 22]LogModuleManager: Shutting down and abandoning module ImgMedia (370)
[2020.04.25-18.33.24:245][ 22]LogModuleManager: Shutting down and abandoning module HTML5Networking (368)
[2020.04.25-18.33.24:245][ 22]LogModuleManager: Shutting down and abandoning module GeometryCacheTracks (366)
[2020.04.25-18.33.24:245][ 22]LogModuleManager: Shutting down and abandoning module GeometryCacheSequencer (364)
[2020.04.25-18.33.24:245][ 22]LogModuleManager: Shutting down and abandoning module BackChannel (362)
[2020.04.25-18.33.24:246][ 22]LogModuleManager: Shutting down and abandoning module AppleVision (360)
[2020.04.25-18.33.24:246][ 22]LogModuleManager: Shutting down and abandoning module AppleImageUtils (358)
[2020.04.25-18.33.24:246][ 22]LogModuleManager: Shutting down and abandoning module AlembicImporter (356)
[2020.04.25-18.33.24:246][ 22]LogModuleManager: Shutting down and abandoning module AlembicLibrary (355)
[2020.04.25-18.33.24:246][ 22]LogModuleManager: Shutting down and abandoning module GeometryCache (354)
[2020.04.25-18.33.24:246][ 22]LogModuleManager: Shutting down and abandoning module GeometryCacheEd (353)
[2020.04.25-18.33.24:246][ 22]LogModuleManager: Shutting down and abandoning module DatasmithContentEditor (348)
[2020.04.25-18.33.24:246][ 22]LogModuleManager: Shutting down and abandoning module DatasmithContent (346)
[2020.04.25-18.33.24:246][ 22]LogModuleManager: Shutting down and abandoning module SpeedTreeImporter (344)
[2020.04.25-18.33.24:246][ 22]LogModuleManager: Shutting down and abandoning module PluginBrowser (342)
[2020.04.25-18.33.24:246][ 22]LogModuleManager: Shutting down and abandoning module MobileLauncherProfileWizard (340)
[2020.04.25-18.33.24:246][ 22]LogModuleManager: Shutting down and abandoning module PolygonModeling (338)
[2020.04.25-18.33.24:246][ 22]LogModuleManager: Shutting down and abandoning module MeshEditor (336)
[2020.04.25-18.33.24:246][ 22]LogModuleManager: Shutting down and abandoning module CryptoKeysOpenSSL (334)
[2020.04.25-18.33.24:246][ 22]LogModuleManager: Shutting down and abandoning module CryptoKeys (332)
[2020.04.25-18.33.24:246][ 22]LogModuleManager: Shutting down and abandoning module VisualStudioSourceCodeAccess (330)
[2020.04.25-18.33.24:246][ 22]LogModuleManager: Shutting down and abandoning module VisualStudioCodeSourceCodeAccess (328)
[2020.04.25-18.33.24:246][ 22]LogModuleManager: Shutting down and abandoning module UObjectPlugin (326)
[2020.04.25-18.33.24:246][ 22]LogModuleManager: Shutting down and abandoning module SubversionSourceControl (324)
[2020.04.25-18.33.24:246][ 22]LogModuleManager: Shutting down and abandoning module PerforceSourceControl (322)
[2020.04.25-18.33.24:246][ 22]LogModuleManager: Shutting down and abandoning module GitSourceControl (320)
[2020.04.25-18.33.24:246][ 22]LogModuleManager: Shutting down and abandoning module SourceControl (319)
[2020.04.25-18.33.24:246][ 22]LogModuleManager: Shutting down and abandoning module CLionSourceCodeAccess (316)
[2020.04.25-18.33.24:246][ 22]LogModuleManager: Shutting down and abandoning module LightPropagationVolumeEditor (314)
[2020.04.25-18.33.24:246][ 22]LogModuleManager: Shutting down and abandoning module PaperTiledImporter (312)
[2020.04.25-18.33.24:246][ 22]LogModuleManager: Shutting down and abandoning module PaperSpriteSheetImporter (310)
[2020.04.25-18.33.24:247][ 22]LogModuleManager: Shutting down and abandoning module Paper2DEditor (308)
[2020.04.25-18.33.24:247][ 22]LogModuleManager: Shutting down and abandoning module MeshPaint (307)
[2020.04.25-18.33.24:247][ 22]LogModuleManager: Shutting down and abandoning module MasterTrappersAlpha1 (304)
[2020.04.25-18.33.24:247][ 22]LogModuleManager: Shutting down and abandoning module RuntimePhysXCooking (302)
[2020.04.25-18.33.24:247][ 22]LogModuleManager: Shutting down and abandoning module PhysXVehiclesEditor (300)
[2020.04.25-18.33.24:247][ 22]LogModuleManager: Shutting down and abandoning module PhysXVehicles (298)
[2020.04.25-18.33.24:247][ 22]LogModuleManager: Shutting down and abandoning module OculusEditor (296)
[2020.04.25-18.33.24:247][ 22]LogModuleManager: Shutting down and abandoning module LocationServicesBPLibrary (294)
[2020.04.25-18.33.24:247][ 22]LogModuleManager: Shutting down and abandoning module ImmediatePhysicsEditor (292)
[2020.04.25-18.33.24:247][ 22]LogModuleManager: Shutting down and abandoning module ImmediatePhysics (290)
[2020.04.25-18.33.24:247][ 22]LogModuleManager: Shutting down and abandoning module ApexDestructionEditor (288)
[2020.04.25-18.33.24:247][ 22]LogModuleManager: Shutting down and abandoning module ApexDestruction (286)
[2020.04.25-18.33.24:247][ 22]LogModuleManager: Shutting down and abandoning module ActorSequence (284)
[2020.04.25-18.33.24:247][ 22]LogModuleManager: Shutting down and abandoning module UdpMessaging (282)
[2020.04.25-18.33.24:348][ 22]LogModuleManager: Shutting down and abandoning module TcpMessaging (280)
[2020.04.25-18.33.24:449][ 22]LogModuleManager: Shutting down and abandoning module MagicLeapAudio (278)
[2020.04.25-18.33.24:449][ 22]LogModuleManager: Shutting down and abandoning module GameplayTagsEditor (276)
[2020.04.25-18.33.24:449][ 22]LogModuleManager: Shutting down and abandoning module FacialAnimationEditor (274)
[2020.04.25-18.33.24:449][ 22]LogModuleManager: Shutting down and abandoning module FacialAnimation (272)
[2020.04.25-18.33.24:449][ 22]LogModuleManager: Shutting down and abandoning module DataValidation (270)
[2020.04.25-18.33.24:449][ 22]LogModuleManager: Shutting down and abandoning module AssetManagerEditor (268)
[2020.04.25-18.33.24:449][ 22]LogModuleManager: Shutting down and abandoning module LevelEditor (267)
[2020.04.25-18.33.24:449][ 22]LogModuleManager: Shutting down and abandoning module PixelInspectorModule (266)
[2020.04.25-18.33.24:449][ 22]LogModuleManager: Shutting down and abandoning module CommonMenuExtensions (264)
[2020.04.25-18.33.24:449][ 22]LogModuleManager: Shutting down and abandoning module MainFrame (262)
[2020.04.25-18.33.24:450][ 22]LogModuleManager: Shutting down and abandoning module HotReload (261)
[2020.04.25-18.33.24:450][ 22]LogModuleManager: Shutting down and abandoning module ContentBrowser (257)
[2020.04.25-18.33.24:451][ 22]LogModuleManager: Shutting down and abandoning module TreeMap (255)
[2020.04.25-18.33.24:451][ 22]LogModuleManager: Shutting down and abandoning module LightPropagationVolumeRuntime (252)
[2020.04.25-18.33.24:451][ 22]LogModuleManager: Shutting down and abandoning module AISupportModule (250)
[2020.04.25-18.33.24:451][ 22]LogModuleManager: Shutting down and abandoning module Paper2D (248)
[2020.04.25-18.33.24:451][ 22]LogModuleManager: Shutting down and abandoning module WindowsMoviePlayer (246)
[2020.04.25-18.33.24:451][ 22]LogModuleManager: Shutting down and abandoning module WmfMedia (244)
[2020.04.25-18.33.24:452][ 22]LogModuleManager: Shutting down and abandoning module Media (243)
[2020.04.25-18.33.24:459][ 22]LogModuleManager: Shutting down and abandoning module PacketHandler (240)
[2020.04.25-18.33.24:459][ 22]LogModuleManager: Shutting down and abandoning module ClothingSystemEditor (238)
[2020.04.25-18.33.24:459][ 22]LogModuleManager: Shutting down and abandoning module ClothingSystemRuntime (236)
[2020.04.25-18.33.24:460][ 22]LogModuleManager: Shutting down and abandoning module MediaAssets (234)
[2020.04.25-18.33.24:460][ 22]LogModuleManager: Shutting down and abandoning module Overlay (232)
[2020.04.25-18.33.24:460][ 22]LogModuleManager: Shutting down and abandoning module OverlayEditor (231)
[2020.04.25-18.33.24:460][ 22]LogModuleManager: Shutting down and abandoning module VREditor (228)
[2020.04.25-18.33.24:460][ 22]LogModuleManager: Shutting down and abandoning module StringTableEditor (226)
[2020.04.25-18.33.24:460][ 22]LogModuleManager: Shutting down and abandoning module GameplayTasksEditor (224)
[2020.04.25-18.33.24:460][ 22]LogModuleManager: Shutting down and abandoning module BehaviorTreeEditor (222)
[2020.04.25-18.33.24:460][ 22]LogModuleManager: Shutting down and abandoning module FunctionalTesting (220)
[2020.04.25-18.33.24:460][ 22]LogModuleManager: Shutting down and abandoning module CollisionAnalyzer (218)
[2020.04.25-18.33.24:460][ 22]LogModuleManager: Shutting down and abandoning module WorkspaceMenuStructure (217)
[2020.04.25-18.33.24:461][ 22]LogModuleManager: Shutting down and abandoning module UMG (214)
[2020.04.25-18.33.24:461][ 22]LogModuleManager: Shutting down and abandoning module UMGEditor (213)
[2020.04.25-18.33.24:461][ 22]LogModuleManager: Shutting down and abandoning module Sequencer (212)
[2020.04.25-18.33.24:461][ 22]LogModuleManager: Shutting down and abandoning module MessageLog (209)
[2020.04.25-18.33.24:461][ 22]LogModuleManager: Shutting down and abandoning module SlateReflector (204)
[2020.04.25-18.33.24:461][ 22]LogModuleManager: Shutting down and abandoning module Slate (202)
[2020.04.25-18.33.24:462][ 22]LogModuleManager: Shutting down and abandoning module EditorStyle (200)
[2020.04.25-18.33.24:467][ 22]LogModuleManager: Shutting down and abandoning module MRMesh (198)
[2020.04.25-18.33.24:467][ 22]LogModuleManager: Shutting down and abandoning module SourceCodeAccess (196)
[2020.04.25-18.33.24:467][ 22]LogModuleManager: Shutting down and abandoning module HeadMountedDisplay (194)
[2020.04.25-18.33.24:467][ 22]LogModuleManager: Shutting down and abandoning module XAudio2 (192)
[2020.04.25-18.33.24:467][ 22]LogModuleManager: Shutting down and abandoning module Networking (190)
[2020.04.25-18.33.24:467][ 22]LogModuleManager: Shutting down and abandoning module Core (188)
[2020.04.25-18.33.24:467][ 22]LogModuleManager: Shutting down and abandoning module LevelSequence (186)
[2020.04.25-18.33.24:467][ 22]LogModuleManager: Shutting down and abandoning module KismetCompiler (184)
[2020.04.25-18.33.24:467][ 22]LogModuleManager: Shutting down and abandoning module MeshUtilities (182)
[2020.04.25-18.33.24:468][ 22]LogModuleManager: Shutting down and abandoning module MeshMergeUtilities (181)
[2020.04.25-18.33.24:468][ 22]LogModuleManager: Shutting down and abandoning module MeshReductionInterface (180)
[2020.04.25-18.33.24:468][ 22]LogModuleManager: Shutting down and abandoning module SimplygonSwarm (179)
[2020.04.25-18.33.24:468][ 22]LogModuleManager: Shutting down and abandoning module ProxyLODMeshReduction (177)
[2020.04.25-18.33.24:468][ 22]LogModuleManager: Shutting down and abandoning module SimplygonMeshReduction (175)
[2020.04.25-18.33.24:468][ 22]LogModuleManager: Shutting down and abandoning module QuadricMeshReduction (173)
[2020.04.25-18.33.24:468][ 22]LogModuleManager: Shutting down and abandoning module MaterialBaking (169)
[2020.04.25-18.33.24:468][ 22]LogModuleManager: Shutting down and abandoning module DirectoryWatcher (165)
[2020.04.25-18.33.24:468][ 22]LogModuleManager: Shutting down and abandoning module DerivedDataCache (162)
[2020.04.25-18.33.24:876][ 22]LogDerivedDataCache: Shutdown
[2020.04.25-18.33.24:876][ 22]LogModuleManager: Shutting down and abandoning module XGEController (160)
[2020.04.25-18.33.24:876][ 22]LogModuleManager: Shutting down and abandoning module TargetPlatform (158)
[2020.04.25-18.33.24:876][ 22]LogModuleManager: Shutting down and abandoning module VulkanShaderFormat (157)
[2020.04.25-18.33.24:877][ 22]LogModuleManager: Shutting down and abandoning module ShaderFormatVectorVM (155)
[2020.04.25-18.33.24:877][ 22]LogModuleManager: Shutting down and abandoning module ShaderFormatOpenGL (153)
[2020.04.25-18.33.24:877][ 22]LogModuleManager: Shutting down and abandoning module ShaderFormatD3D (151)
[2020.04.25-18.33.24:877][ 22]LogModuleManager: Shutting down and abandoning module MetalShaderFormat (149)
[2020.04.25-18.33.24:877][ 22]LogModuleManager: Shutting down and abandoning module TextureFormatUncompressed (147)
[2020.04.25-18.33.24:877][ 22]LogModuleManager: Shutting down and abandoning module TextureFormatPVR (145)
[2020.04.25-18.33.24:877][ 22]LogModuleManager: Shutting down and abandoning module TextureFormatDXT (143)
[2020.04.25-18.33.24:877][ 22]LogModuleManager: Shutting down and abandoning module TextureFormatIntelISPCTexComp (141)
[2020.04.25-18.33.24:877][ 22]LogModuleManager: Shutting down and abandoning module TextureFormatASTC (139)
[2020.04.25-18.33.24:877][ 22]LogModuleManager: Shutting down and abandoning module ImageWrapper (138)
[2020.04.25-18.33.24:877][ 22]LogModuleManager: Shutting down and abandoning module TextureFormatAndroid (135)
[2020.04.25-18.33.24:877][ 22]LogModuleManager: Shutting down and abandoning module AudioFormatOpus (133)
[2020.04.25-18.33.24:877][ 22]LogModuleManager: Shutting down and abandoning module AudioFormatOgg (131)
[2020.04.25-18.33.24:877][ 22]LogModuleManager: Shutting down and abandoning module AudioFormatADPCM (129)
[2020.04.25-18.33.24:877][ 22]LogModuleManager: Shutting down and abandoning module LuminTargetPlatform (127)
[2020.04.25-18.33.24:877][ 22]LogModuleManager: Shutting down and abandoning module LinuxTargetPlatform (125)
[2020.04.25-18.33.24:877][ 22]LogModuleManager: Shutting down and abandoning module LinuxServerTargetPlatform (123)
[2020.04.25-18.33.24:877][ 22]LogModuleManager: Shutting down and abandoning module LinuxNoEditorTargetPlatform (121)
[2020.04.25-18.33.24:877][ 22]LogModuleManager: Shutting down and abandoning module LinuxClientTargetPlatform (119)
[2020.04.25-18.33.24:877][ 22]LogModuleManager: Shutting down and abandoning module TVOSTargetPlatform (117)
[2020.04.25-18.33.24:877][ 22]LogModuleManager: Shutting down and abandoning module Messaging (115)
[2020.04.25-18.33.24:877][ 22]LogModuleManager: Shutting down and abandoning module IOSTargetPlatform (113)
[2020.04.25-18.33.24:878][ 22]LogModuleManager: Shutting down and abandoning module HTML5TargetPlatform (111)
[2020.04.25-18.33.24:878][ 22]LogModuleManager: Shutting down and abandoning module AndroidTargetPlatform (109)
[2020.04.25-18.33.24:883][ 22]LogModuleManager: Shutting down and abandoning module WindowsTargetPlatform (107)
[2020.04.25-18.33.24:883][ 22]LogModuleManager: Shutting down and abandoning module WindowsServerTargetPlatform (105)
[2020.04.25-18.33.24:883][ 22]LogModuleManager: Shutting down and abandoning module WindowsNoEditorTargetPlatform (103)
[2020.04.25-18.33.24:883][ 22]LogModuleManager: Shutting down and abandoning module WindowsClientTargetPlatform (101)
[2020.04.25-18.33.24:883][ 22]LogModuleManager: Shutting down and abandoning module MacTargetPlatform (99)
[2020.04.25-18.33.24:883][ 22]LogModuleManager: Shutting down and abandoning module MacServerTargetPlatform (97)
[2020.04.25-18.33.24:883][ 22]LogModuleManager: Shutting down and abandoning module MacNoEditorTargetPlatform (95)
[2020.04.25-18.33.24:883][ 22]LogModuleManager: Shutting down and abandoning module MacClientTargetPlatform (93)
[2020.04.25-18.33.24:883][ 22]LogModuleManager: Shutting down and abandoning module AllDesktopTargetPlatform (91)
[2020.04.25-18.33.24:883][ 22]LogModuleManager: Shutting down and abandoning module InputCore (88)
[2020.04.25-18.33.24:883][ 22]LogModuleManager: Shutting down and abandoning module Settings (86)
[2020.04.25-18.33.24:883][ 22]LogModuleManager: Shutting down and abandoning module PhysXCooking (84)
[2020.04.25-18.33.24:883][ 22]LogModuleManager: Shutting down and abandoning module SteamVR (82)
[2020.04.25-18.33.24:884][ 22]LogModuleManager: Shutting down and abandoning module OculusHMD (80)
[2020.04.25-18.33.24:884][ 22]LogModuleManager: Shutting down and abandoning module ExampleDeviceProfileSelector (78)
[2020.04.25-18.33.24:884][ 22]LogModuleManager: Shutting down and abandoning module LauncherChunkInstaller (76)
[2020.04.25-18.33.24:884][ 22]LogModuleManager: Shutting down and abandoning module OnlineBlueprintSupport (74)
[2020.04.25-18.33.24:884][ 22]LogModuleManager: Shutting down and abandoning module OnlineSubsystem (70)
[2020.04.25-18.33.24:884][ 22]LogModuleManager: Shutting down and abandoning module XMPP (65)
[2020.04.25-18.33.24:884][ 22]LogModuleManager: Shutting down and abandoning module WebSockets (64)
[2020.04.25-18.33.24:899][ 22]LogModuleManager: Shutting down and abandoning module HTTP (61)
[2020.04.25-18.33.24:899][ 22]LogHttp: Display: Http module shutting down, but needs to wait on 1 outstanding Http requests:
[2020.04.25-18.33.24:899][ 22]LogHttp: Display: 	verb=[POST] url=[https://datarouter.ol.epicgames.com/datarouter/api/v1/public/data?SessionID=%7B5AC37001-47D2-1AC8-2F84-A98F8128B979%7D&AppID=UEEditor.Rocket.Release&AppVersion=4.20.3-4369336%2B%2B%2BUE4%2BRelease-4.20&UserID=af50ba1a4cef001ffe5869bb169aacf5%7Ca7e285c1c2f4499a9afc43bd5d673f70%7Cc593a26f-b4a3-43bd-9fab-7d762544b767&AppEnvironment=datacollector-binary&UploadType=eteventstream] status=Processing
[2020.04.25-18.33.24:928][ 22]LogModuleManager: Shutting down and abandoning module SSL (60)
[2020.04.25-18.33.24:928][ 22]LogModuleManager: Shutting down and abandoning module MagicLeapEmulator (56)
[2020.04.25-18.33.24:928][ 22]LogModuleManager: Shutting down and abandoning module MagicLeapPrivileges (54)
[2020.04.25-18.33.24:928][ 22]LogModuleManager: Shutting down and abandoning module MagicLeapIdentity (52)
[2020.04.25-18.33.24:928][ 22]LogModuleManager: Shutting down and abandoning module MagicLeapHelperVulkan (50)
[2020.04.25-18.33.24:928][ 22]LogModuleManager: Shutting down and abandoning module MagicLeapHelperOpenGL (48)
[2020.04.25-18.33.24:928][ 22]LogModuleManager: Shutting down and abandoning module MagicLeapSecureStorage (46)
[2020.04.25-18.33.24:928][ 22]LogModuleManager: Shutting down and abandoning module MagicLeapGestures (44)
[2020.04.25-18.33.24:928][ 22]LogModuleManager: Shutting down and abandoning module MagicLeapEyeTracker (42)
[2020.04.25-18.33.24:928][ 22]LogModuleManager: Shutting down and abandoning module MagicLeapController (40)
[2020.04.25-18.33.24:928][ 22]LogSlate: Slate User Destroyed.  User Index 0, Is Virtual User: 0
[2020.04.25-18.33.24:929][ 22]LogModuleManager: Shutting down and abandoning module MagicLeap (38)
[2020.04.25-18.33.24:929][ 22]LogModuleManager: Shutting down and abandoning module AnimationModifiers (36)
[2020.04.25-18.33.24:929][ 22]LogModuleManager: Shutting down and abandoning module PropertyEditor (35)
[2020.04.25-18.33.24:929][ 22]LogModuleManager: Shutting down and abandoning module AudioEditor (32)
[2020.04.25-18.33.24:929][ 22]LogModuleManager: Shutting down and abandoning module TextureCompressor (30)
[2020.04.25-18.33.24:929][ 22]LogModuleManager: Shutting down and abandoning module ShaderCore (28)
[2020.04.25-18.33.24:929][ 22]LogModuleManager: Shutting down and abandoning module Landscape (26)
[2020.04.25-18.33.24:929][ 22]LogModuleManager: Shutting down and abandoning module SlateRHIRenderer (24)
[2020.04.25-18.33.24:929][ 22]LogModuleManager: Shutting down and abandoning module OpenGLDrv (22)
[2020.04.25-18.33.24:929][ 22]LogModuleManager: Shutting down and abandoning module D3D11RHI (20)
[2020.04.25-18.33.24:929][ 22]LogModuleManager: Shutting down and abandoning module AnimGraphRuntime (18)
[2020.04.25-18.33.24:929][ 22]LogModuleManager: Shutting down and abandoning module Renderer (16)
[2020.04.25-18.33.24:929][ 22]LogModuleManager: Shutting down and abandoning module Engine (14)
[2020.04.25-18.33.24:929][ 22]LogModuleManager: Shutting down and abandoning module CoreUObject (12)
[2020.04.25-18.33.24:929][ 22]LogModuleManager: Shutting down and abandoning module NetworkFile (10)
[2020.04.25-18.33.24:929][ 22]LogModuleManager: Shutting down and abandoning module CookedIterativeFile (8)
[2020.04.25-18.33.24:929][ 22]LogModuleManager: Shutting down and abandoning module StreamingFile (6)
[2020.04.25-18.33.24:929][ 22]LogModuleManager: Shutting down and abandoning module SandboxFile (4)
[2020.04.25-18.33.24:929][ 22]LogModuleManager: Shutting down and abandoning module PakFile (2)
[2020.04.25-18.33.24:933][ 22]LogExit: Exiting.
[2020.04.25-18.33.24:945][ 22]Log file closed, 04/25/20 14:33:24
